Not searching for unused variables given on the command line.
-- Found ament_cmake: 1.3.10 (/home/jake/Documents/MQP/uros-pico-controller/uros_ws/firmware/dev_ws/install/ament_cmake/share/ament_cmake/cmake)
-- Found Python3: /bin/python3 (found version "3.10.12") found components: Interpreter 
-- Configuring done
-- Generating done
-- Build files have been written to: /home/jake/Documents/MQP/uros-pico-controller/uros_ws/firmware/mcu_ws/build/rmw_implementation_cmake
PICO_GCC_TRIPLE defaulted to arm-none-eabi
/usr/bin/cmake -S/home/jake/Documents/MQP/uros-pico-controller/uros_ws/firmware/mcu_ws/ros2/rmw/rmw_implementation_cmake -B/home/jake/Documents/MQP/uros-pico-controller/uros_ws/firmware/mcu_ws/build/rmw_implementation_cmake --check-build-system CMakeFiles/Makefile.cmake 0
/usr/bin/cmake -E cmake_progress_start /home/jake/Documents/MQP/uros-pico-controller/uros_ws/firmware/mcu_ws/build/rmw_implementation_cmake/CMakeFiles /home/jake/Documents/MQP/uros-pico-controller/uros_ws/firmware/mcu_ws/build/rmw_implementation_cmake//CMakeFiles/progress.marks
/bin/gmake  -f CMakeFiles/Makefile2 all
gmake[1]: Entering directory '/home/jake/Documents/MQP/uros-pico-controller/uros_ws/firmware/mcu_ws/build/rmw_implementation_cmake'
gmake[1]: Nothing to be done for 'all'.
gmake[1]: Leaving directory '/home/jake/Documents/MQP/uros-pico-controller/uros_ws/firmware/mcu_ws/build/rmw_implementation_cmake'
/usr/bin/cmake -E cmake_progress_start /home/jake/Documents/MQP/uros-pico-controller/uros_ws/firmware/mcu_ws/build/rmw_implementation_cmake/CMakeFiles 0
-- Install configuration: "Release"
-- Installing: /home/jake/Documents/MQP/uros-pico-controller/uros_ws/firmware/mcu_ws/install/share/ament_index/resource_index/package_run_dependencies/rmw_implementation_cmake
-- Installing: /home/jake/Documents/MQP/uros-pico-controller/uros_ws/firmware/mcu_ws/install/share/ament_index/resource_index/parent_prefix_path/rmw_implementation_cmake
-- Installing: /home/jake/Documents/MQP/uros-pico-controller/uros_ws/firmware/mcu_ws/install/share/rmw_implementation_cmake/environment/ament_prefix_path.sh
-- Installing: /home/jake/Documents/MQP/uros-pico-controller/uros_ws/firmware/mcu_ws/install/share/rmw_implementation_cmake/environment/ament_prefix_path.dsv
-- Installing: /home/jake/Documents/MQP/uros-pico-controller/uros_ws/firmware/mcu_ws/install/share/rmw_implementation_cmake/environment/path.sh
-- Installing: /home/jake/Documents/MQP/uros-pico-controller/uros_ws/firmware/mcu_ws/install/share/rmw_implementation_cmake/environment/path.dsv
-- Installing: /home/jake/Documents/MQP/uros-pico-controller/uros_ws/firmware/mcu_ws/install/share/rmw_implementation_cmake/local_setup.bash
-- Installing: /home/jake/Documents/MQP/uros-pico-controller/uros_ws/firmware/mcu_ws/install/share/rmw_implementation_cmake/local_setup.sh
-- Installing: /home/jake/Documents/MQP/uros-pico-controller/uros_ws/firmware/mcu_ws/install/share/rmw_implementation_cmake/local_setup.zsh
-- Installing: /home/jake/Documents/MQP/uros-pico-controller/uros_ws/firmware/mcu_ws/install/share/rmw_implementation_cmake/local_setup.dsv
-- Installing: /home/jake/Documents/MQP/uros-pico-controller/uros_ws/firmware/mcu_ws/install/share/rmw_implementation_cmake/package.dsv
-- Installing: /home/jake/Documents/MQP/uros-pico-controller/uros_ws/firmware/mcu_ws/install/share/ament_index/resource_index/packages/rmw_implementation_cmake
-- Installing: /home/jake/Documents/MQP/uros-pico-controller/uros_ws/firmware/mcu_ws/install/share/rmw_implementation_cmake/cmake/rmw_implementation_cmake-extras.cmake
-- Installing: /home/jake/Documents/MQP/uros-pico-controller/uros_ws/firmware/mcu_ws/install/share/rmw_implementation_cmake/cmake/ament_cmake_export_dependencies-extras.cmake
-- Installing: /home/jake/Documents/MQP/uros-pico-controller/uros_ws/firmware/mcu_ws/install/share/rmw_implementation_cmake/cmake/rmw_implementation_cmakeConfig.cmake
-- Installing: /home/jake/Documents/MQP/uros-pico-controller/uros_ws/firmware/mcu_ws/install/share/rmw_implementation_cmake/cmake/rmw_implementation_cmakeConfig-version.cmake
-- Installing: /home/jake/Documents/MQP/uros-pico-controller/uros_ws/firmware/mcu_ws/install/share/rmw_implementation_cmake/package.xml
-- Up-to-date: /home/jake/Documents/MQP/uros-pico-controller/uros_ws/firmware/mcu_ws/install/share/rmw_implementation_cmake/cmake
-- Installing: /home/jake/Documents/MQP/uros-pico-controller/uros_ws/firmware/mcu_ws/install/share/rmw_implementation_cmake/cmake/call_for_each_rmw_implementation.cmake
-- Installing: /home/jake/Documents/MQP/uros-pico-controller/uros_ws/firmware/mcu_ws/install/share/rmw_implementation_cmake/cmake/get_available_rmw_implementations.cmake
-- Installing: /home/jake/Documents/MQP/uros-pico-controller/uros_ws/firmware/mcu_ws/install/share/rmw_implementation_cmake/cmake/get_default_rmw_implementation.cmake
