[1.107s] Invoking command in '/home/jake/Documents/MQP/uros-pico-controller/uros_ws/firmware/mcu_ws/uros/tracetools/tracetools_read': PYTHONPATH=/home/jake/Documents/MQP/uros-pico-controller/uros_ws/firmware/mcu_ws/build/tracetools_read/prefix_override:/usr/lib/python3/dist-packages/colcon_core/task/python/colcon_distutils_commands:/home/jake/Documents/MQP/uros-pico-controller/uros_ws/firmware/mcu_ws/install/lib/python3.10/site-packages:${PYTHONPATH} /usr/bin/python3 -W ignore:setup.py install is deprecated setup.py egg_info --egg-base ../../../build/tracetools_read build --build-base /home/jake/Documents/MQP/uros-pico-controller/uros_ws/firmware/mcu_ws/build/tracetools_read/build install --record /home/jake/Documents/MQP/uros-pico-controller/uros_ws/firmware/mcu_ws/build/tracetools_read/install.log --single-version-externally-managed install_data
[1.492s] running egg_info
[1.492s] creating ../../../build/tracetools_read/tracetools_read.egg-info
[1.499s] writing ../../../build/tracetools_read/tracetools_read.egg-info/PKG-INFO
[1.499s] writing dependency_links to ../../../build/tracetools_read/tracetools_read.egg-info/dependency_links.txt
[1.500s] writing requirements to ../../../build/tracetools_read/tracetools_read.egg-info/requires.txt
[1.501s] writing top-level names to ../../../build/tracetools_read/tracetools_read.egg-info/top_level.txt
[1.501s] writing manifest file '../../../build/tracetools_read/tracetools_read.egg-info/SOURCES.txt'
[1.501s] reading manifest file '../../../build/tracetools_read/tracetools_read.egg-info/SOURCES.txt'
[1.501s] writing manifest file '../../../build/tracetools_read/tracetools_read.egg-info/SOURCES.txt'
[1.502s] running build
[1.508s] running build_py
[1.508s] creating /home/jake/Documents/MQP/uros-pico-controller/uros_ws/firmware/mcu_ws/build/tracetools_read/build
[1.509s] creating /home/jake/Documents/MQP/uros-pico-controller/uros_ws/firmware/mcu_ws/build/tracetools_read/build/lib
[1.509s] creating /home/jake/Documents/MQP/uros-pico-controller/uros_ws/firmware/mcu_ws/build/tracetools_read/build/lib/tracetools_read
[1.509s] copying tracetools_read/__init__.py -> /home/jake/Documents/MQP/uros-pico-controller/uros_ws/firmware/mcu_ws/build/tracetools_read/build/lib/tracetools_read
[1.509s] copying tracetools_read/trace.py -> /home/jake/Documents/MQP/uros-pico-controller/uros_ws/firmware/mcu_ws/build/tracetools_read/build/lib/tracetools_read
[1.509s] running install
[1.509s] running install_lib
[1.509s] creating /home/jake/Documents/MQP/uros-pico-controller/uros_ws/firmware/mcu_ws/install/lib/python3.10/site-packages/tracetools_read
[1.510s] copying /home/jake/Documents/MQP/uros-pico-controller/uros_ws/firmware/mcu_ws/build/tracetools_read/build/lib/tracetools_read/__init__.py -> /home/jake/Documents/MQP/uros-pico-controller/uros_ws/firmware/mcu_ws/install/lib/python3.10/site-packages/tracetools_read
[1.510s] copying /home/jake/Documents/MQP/uros-pico-controller/uros_ws/firmware/mcu_ws/build/tracetools_read/build/lib/tracetools_read/trace.py -> /home/jake/Documents/MQP/uros-pico-controller/uros_ws/firmware/mcu_ws/install/lib/python3.10/site-packages/tracetools_read
[1.511s] byte-compiling /home/jake/Documents/MQP/uros-pico-controller/uros_ws/firmware/mcu_ws/install/lib/python3.10/site-packages/tracetools_read/__init__.py to __init__.cpython-310.pyc
[1.511s] byte-compiling /home/jake/Documents/MQP/uros-pico-controller/uros_ws/firmware/mcu_ws/install/lib/python3.10/site-packages/tracetools_read/trace.py to trace.cpython-310.pyc
[1.512s] running install_data
[1.512s] copying package.xml -> /home/jake/Documents/MQP/uros-pico-controller/uros_ws/firmware/mcu_ws/install/share/tracetools_read
[1.512s] copying resource/tracetools_read -> /home/jake/Documents/MQP/uros-pico-controller/uros_ws/firmware/mcu_ws/install/share/ament_index/resource_index/packages
[1.512s] running install_egg_info
[1.512s] Copying ../../../build/tracetools_read/tracetools_read.egg-info to /home/jake/Documents/MQP/uros-pico-controller/uros_ws/firmware/mcu_ws/install/lib/python3.10/site-packages/tracetools_read-4.1.1-py3.10.egg-info
[1.512s] running install_scripts
[1.545s] writing list of installed files to '/home/jake/Documents/MQP/uros-pico-controller/uros_ws/firmware/mcu_ws/build/tracetools_read/install.log'
[1.594s] Invoked command in '/home/jake/Documents/MQP/uros-pico-controller/uros_ws/firmware/mcu_ws/uros/tracetools/tracetools_read' returned '0': PYTHONPATH=/home/jake/Documents/MQP/uros-pico-controller/uros_ws/firmware/mcu_ws/build/tracetools_read/prefix_override:/usr/lib/python3/dist-packages/colcon_core/task/python/colcon_distutils_commands:/home/jake/Documents/MQP/uros-pico-controller/uros_ws/firmware/mcu_ws/install/lib/python3.10/site-packages:${PYTHONPATH} /usr/bin/python3 -W ignore:setup.py install is deprecated setup.py egg_info --egg-base ../../../build/tracetools_read build --build-base /home/jake/Documents/MQP/uros-pico-controller/uros_ws/firmware/mcu_ws/build/tracetools_read/build install --record /home/jake/Documents/MQP/uros-pico-controller/uros_ws/firmware/mcu_ws/build/tracetools_read/install.log --single-version-externally-managed install_data
