[0.068s] DEBUG:colcon:Command line arguments: ['/bin/colcon', 'build', '--packages-up-to', 'micro_ros_agent', '--cmake-args', '-DUAGENT_BUILD_EXECUTABLE=OFF', '-DUAGENT_P2P_PROFILE=OFF', '--no-warn-unused-cli']
[0.068s] DEBUG:colcon:Parsed command line arguments: Namespace(log_base=None, log_level=None, verb_name='build', build_base='build', install_base='install', merge_install=False, symlink_install=False, test_result_base=None, continue_on_error=False, executor='parallel', parallel_workers=16, event_handlers=None, ignore_user_meta=False, metas=['./colcon.meta'], base_paths=['.'], packages_ignore=None, packages_ignore_regex=None, paths=None, packages_up_to=['micro_ros_agent'], packages_up_to_regex=None, packages_above=None, packages_above_and_dependencies=None, packages_above_depth=None, packages_select_by_dep=None, packages_skip_by_dep=None, packages_skip_up_to=None, packages_select_build_failed=False, packages_skip_build_finished=False, packages_select_test_failures=False, packages_skip_test_passed=False, packages_select=None, packages_skip=None, packages_select_regex=None, packages_skip_regex=None, packages_start=None, packages_end=None, allow_overriding=[], cmake_args=['-DUAGENT_BUILD_EXECUTABLE=OFF', '-DUAGENT_P2P_PROFILE=OFF', '--no-warn-unused-cli'], cmake_target=None, cmake_target_skip_unavailable=False, cmake_clean_cache=False, cmake_clean_first=False, cmake_force_configure=False, ament_cmake_args=None, catkin_cmake_args=None, catkin_skip_building_tests=False, mixin_files=None, mixin=None, verb_parser=<colcon_mixin.mixin.mixin_argument.MixinArgumentDecorator object at 0x68401c23ea70>, verb_extension=<colcon_core.verb.build.BuildVerb object at 0x68401c3370a0>, main=<bound method BuildVerb.main of <colcon_core.verb.build.BuildVerb object at 0x68401c3370a0>>, mixin_verb=('build',))
[0.173s] Level 1:colcon.colcon_core.package_discovery:discover_packages(colcon_meta) check parameters
[0.173s] Level 1:colcon.colcon_core.package_discovery:discover_packages(recursive) check parameters
[0.173s] Level 1:colcon.colcon_core.package_discovery:discover_packages(ignore) check parameters
[0.173s] Level 1:colcon.colcon_core.package_discovery:discover_packages(path) check parameters
[0.173s] Level 1:colcon.colcon_core.package_discovery:discover_packages(colcon_meta) discover
[0.173s] Level 1:colcon.colcon_core.package_discovery:discover_packages(recursive) discover
[0.173s] INFO:colcon.colcon_core.package_discovery:Crawling recursively for packages in '/home/jake/Documents/MQP/uros-pico-controller/uros_ws'
[0.173s] Level 1:colcon.colcon_core.package_identification:_identify(.) by extensions ['ignore', 'ignore_ament_install']
[0.173s] Level 1:colcon.colcon_core.package_identification:_identify(.) by extension 'ignore'
[0.173s] Level 1:colcon.colcon_core.package_identification:_identify(.) by extension 'ignore_ament_install'
[0.173s] Level 1:colcon.colcon_core.package_identification:_identify(.) by extensions ['colcon_pkg']
[0.173s] Level 1:colcon.colcon_core.package_identification:_identify(.) by extension 'colcon_pkg'
[0.173s] Level 1:colcon.colcon_core.package_identification:_identify(.) by extensions ['colcon_meta']
[0.173s] Level 1:colcon.colcon_core.package_identification:_identify(.) by extension 'colcon_meta'
[0.174s] Level 1:colcon.colcon_core.package_identification:_identify(.) by extensions ['ros']
[0.174s] Level 1:colcon.colcon_core.package_identification:_identify(.) by extension 'ros'
[0.181s] Level 1:colcon.colcon_core.package_identification:_identify(.) by extensions ['cmake', 'python']
[0.181s] Level 1:colcon.colcon_core.package_identification:_identify(.) by extension 'cmake'
[0.181s] Level 1:colcon.colcon_core.package_identification:_identify(.) by extension 'python'
[0.181s] Level 1:colcon.colcon_core.package_identification:_identify(.) by extensions ['python_setup_py']
[0.181s] Level 1:colcon.colcon_core.package_identification:_identify(.) by extension 'python_setup_py'
[0.181s] Level 1:colcon.colcon_core.package_identification:_identify(build) by extensions ['ignore', 'ignore_ament_install']
[0.181s] Level 1:colcon.colcon_core.package_identification:_identify(build) by extension 'ignore'
[0.181s] Level 1:colcon.colcon_core.package_identification:_identify(build) ignored
[0.181s] Level 1:colcon.colcon_core.package_identification:_identify(firmware) by extensions ['ignore', 'ignore_ament_install']
[0.181s] Level 1:colcon.colcon_core.package_identification:_identify(firmware) by extension 'ignore'
[0.181s] Level 1:colcon.colcon_core.package_identification:_identify(firmware) ignored
[0.181s] Level 1:colcon.colcon_core.package_identification:_identify(install) by extensions ['ignore', 'ignore_ament_install']
[0.182s] Level 1:colcon.colcon_core.package_identification:_identify(install) by extension 'ignore'
[0.182s] Level 1:colcon.colcon_core.package_identification:_identify(install) ignored
[0.182s] Level 1:colcon.colcon_core.package_identification:_identify(log) by extensions ['ignore', 'ignore_ament_install']
[0.182s] Level 1:colcon.colcon_core.package_identification:_identify(log) by extension 'ignore'
[0.182s] Level 1:colcon.colcon_core.package_identification:_identify(log) ignored
[0.182s] Level 1:colcon.colcon_core.package_identification:_identify(src) by extensions ['ignore', 'ignore_ament_install']
[0.182s] Level 1:colcon.colcon_core.package_identification:_identify(src) by extension 'ignore'
[0.182s] Level 1:colcon.colcon_core.package_identification:_identify(src) by extension 'ignore_ament_install'
[0.182s] Level 1:colcon.colcon_core.package_identification:_identify(src) by extensions ['colcon_pkg']
[0.182s] Level 1:colcon.colcon_core.package_identification:_identify(src) by extension 'colcon_pkg'
[0.182s] Level 1:colcon.colcon_core.package_identification:_identify(src) by extensions ['colcon_meta']
[0.182s] Level 1:colcon.colcon_core.package_identification:_identify(src) by extension 'colcon_meta'
[0.182s] Level 1:colcon.colcon_core.package_identification:_identify(src) by extensions ['ros']
[0.182s] Level 1:colcon.colcon_core.package_identification:_identify(src) by extension 'ros'
[0.182s] Level 1:colcon.colcon_core.package_identification:_identify(src) by extensions ['cmake', 'python']
[0.182s] Level 1:colcon.colcon_core.package_identification:_identify(src) by extension 'cmake'
[0.182s] Level 1:colcon.colcon_core.package_identification:_identify(src) by extension 'python'
[0.182s] Level 1:colcon.colcon_core.package_identification:_identify(src) by extensions ['python_setup_py']
[0.182s] Level 1:colcon.colcon_core.package_identification:_identify(src) by extension 'python_setup_py'
[0.182s] Level 1:colcon.colcon_core.package_identification:_identify(src/micro_ros_setup) by extensions ['ignore', 'ignore_ament_install']
[0.182s] Level 1:colcon.colcon_core.package_identification:_identify(src/micro_ros_setup) by extension 'ignore'
[0.182s] Level 1:colcon.colcon_core.package_identification:_identify(src/micro_ros_setup) by extension 'ignore_ament_install'
[0.182s] Level 1:colcon.colcon_core.package_identification:_identify(src/micro_ros_setup) by extensions ['colcon_pkg']
[0.182s] Level 1:colcon.colcon_core.package_identification:_identify(src/micro_ros_setup) by extension 'colcon_pkg'
[0.182s] Level 1:colcon.colcon_core.package_identification:_identify(src/micro_ros_setup) by extensions ['colcon_meta']
[0.182s] Level 1:colcon.colcon_core.package_identification:_identify(src/micro_ros_setup) by extension 'colcon_meta'
[0.182s] Level 1:colcon.colcon_core.package_identification:_identify(src/micro_ros_setup) by extensions ['ros']
[0.182s] Level 1:colcon.colcon_core.package_identification:_identify(src/micro_ros_setup) by extension 'ros'
[0.184s] DEBUG:colcon.colcon_core.package_identification:Package 'src/micro_ros_setup' with type 'ros.ament_cmake' and name 'micro_ros_setup'
[0.184s] Level 1:colcon.colcon_core.package_identification:_identify(src/uros) by extensions ['ignore', 'ignore_ament_install']
[0.184s] Level 1:colcon.colcon_core.package_identification:_identify(src/uros) by extension 'ignore'
[0.184s] Level 1:colcon.colcon_core.package_identification:_identify(src/uros) by extension 'ignore_ament_install'
[0.184s] Level 1:colcon.colcon_core.package_identification:_identify(src/uros) by extensions ['colcon_pkg']
[0.184s] Level 1:colcon.colcon_core.package_identification:_identify(src/uros) by extension 'colcon_pkg'
[0.184s] Level 1:colcon.colcon_core.package_identification:_identify(src/uros) by extensions ['colcon_meta']
[0.184s] Level 1:colcon.colcon_core.package_identification:_identify(src/uros) by extension 'colcon_meta'
[0.184s] Level 1:colcon.colcon_core.package_identification:_identify(src/uros) by extensions ['ros']
[0.184s] Level 1:colcon.colcon_core.package_identification:_identify(src/uros) by extension 'ros'
[0.184s] Level 1:colcon.colcon_core.package_identification:_identify(src/uros) by extensions ['cmake', 'python']
[0.184s] Level 1:colcon.colcon_core.package_identification:_identify(src/uros) by extension 'cmake'
[0.184s] Level 1:colcon.colcon_core.package_identification:_identify(src/uros) by extension 'python'
[0.184s] Level 1:colcon.colcon_core.package_identification:_identify(src/uros) by extensions ['python_setup_py']
[0.184s] Level 1:colcon.colcon_core.package_identification:_identify(src/uros) by extension 'python_setup_py'
[0.185s] Level 1:colcon.colcon_core.package_identification:_identify(src/uros/micro-ROS-Agent) by extensions ['ignore', 'ignore_ament_install']
[0.185s] Level 1:colcon.colcon_core.package_identification:_identify(src/uros/micro-ROS-Agent) by extension 'ignore'
[0.185s] Level 1:colcon.colcon_core.package_identification:_identify(src/uros/micro-ROS-Agent) by extension 'ignore_ament_install'
[0.185s] Level 1:colcon.colcon_core.package_identification:_identify(src/uros/micro-ROS-Agent) by extensions ['colcon_pkg']
[0.185s] Level 1:colcon.colcon_core.package_identification:_identify(src/uros/micro-ROS-Agent) by extension 'colcon_pkg'
[0.185s] Level 1:colcon.colcon_core.package_identification:_identify(src/uros/micro-ROS-Agent) by extensions ['colcon_meta']
[0.185s] Level 1:colcon.colcon_core.package_identification:_identify(src/uros/micro-ROS-Agent) by extension 'colcon_meta'
[0.185s] Level 1:colcon.colcon_core.package_identification:_identify(src/uros/micro-ROS-Agent) by extensions ['ros']
[0.185s] Level 1:colcon.colcon_core.package_identification:_identify(src/uros/micro-ROS-Agent) by extension 'ros'
[0.185s] Level 1:colcon.colcon_core.package_identification:_identify(src/uros/micro-ROS-Agent) by extensions ['cmake', 'python']
[0.185s] Level 1:colcon.colcon_core.package_identification:_identify(src/uros/micro-ROS-Agent) by extension 'cmake'
[0.185s] Level 1:colcon.colcon_core.package_identification:_identify(src/uros/micro-ROS-Agent) by extension 'python'
[0.185s] Level 1:colcon.colcon_core.package_identification:_identify(src/uros/micro-ROS-Agent) by extensions ['python_setup_py']
[0.185s] Level 1:colcon.colcon_core.package_identification:_identify(src/uros/micro-ROS-Agent) by extension 'python_setup_py'
[0.185s] Level 1:colcon.colcon_core.package_identification:_identify(src/uros/micro-ROS-Agent/micro_ros_agent) by extensions ['ignore', 'ignore_ament_install']
[0.185s] Level 1:colcon.colcon_core.package_identification:_identify(src/uros/micro-ROS-Agent/micro_ros_agent) by extension 'ignore'
[0.185s] Level 1:colcon.colcon_core.package_identification:_identify(src/uros/micro-ROS-Agent/micro_ros_agent) by extension 'ignore_ament_install'
[0.185s] Level 1:colcon.colcon_core.package_identification:_identify(src/uros/micro-ROS-Agent/micro_ros_agent) by extensions ['colcon_pkg']
[0.185s] Level 1:colcon.colcon_core.package_identification:_identify(src/uros/micro-ROS-Agent/micro_ros_agent) by extension 'colcon_pkg'
[0.185s] Level 1:colcon.colcon_core.package_identification:_identify(src/uros/micro-ROS-Agent/micro_ros_agent) by extensions ['colcon_meta']
[0.185s] Level 1:colcon.colcon_core.package_identification:_identify(src/uros/micro-ROS-Agent/micro_ros_agent) by extension 'colcon_meta'
[0.185s] Level 1:colcon.colcon_core.package_identification:_identify(src/uros/micro-ROS-Agent/micro_ros_agent) by extensions ['ros']
[0.185s] Level 1:colcon.colcon_core.package_identification:_identify(src/uros/micro-ROS-Agent/micro_ros_agent) by extension 'ros'
[0.186s] DEBUG:colcon.colcon_core.package_identification:Package 'src/uros/micro-ROS-Agent/micro_ros_agent' with type 'ros.ament_cmake' and name 'micro_ros_agent'
[0.186s] Level 1:colcon.colcon_core.package_identification:_identify(src/uros/micro-ROS-Agent/snap) by extensions ['ignore', 'ignore_ament_install']
[0.186s] Level 1:colcon.colcon_core.package_identification:_identify(src/uros/micro-ROS-Agent/snap) by extension 'ignore'
[0.186s] Level 1:colcon.colcon_core.package_identification:_identify(src/uros/micro-ROS-Agent/snap) by extension 'ignore_ament_install'
[0.186s] Level 1:colcon.colcon_core.package_identification:_identify(src/uros/micro-ROS-Agent/snap) by extensions ['colcon_pkg']
[0.186s] Level 1:colcon.colcon_core.package_identification:_identify(src/uros/micro-ROS-Agent/snap) by extension 'colcon_pkg'
[0.186s] Level 1:colcon.colcon_core.package_identification:_identify(src/uros/micro-ROS-Agent/snap) by extensions ['colcon_meta']
[0.186s] Level 1:colcon.colcon_core.package_identification:_identify(src/uros/micro-ROS-Agent/snap) by extension 'colcon_meta'
[0.186s] Level 1:colcon.colcon_core.package_identification:_identify(src/uros/micro-ROS-Agent/snap) by extensions ['ros']
[0.186s] Level 1:colcon.colcon_core.package_identification:_identify(src/uros/micro-ROS-Agent/snap) by extension 'ros'
[0.186s] Level 1:colcon.colcon_core.package_identification:_identify(src/uros/micro-ROS-Agent/snap) by extensions ['cmake', 'python']
[0.186s] Level 1:colcon.colcon_core.package_identification:_identify(src/uros/micro-ROS-Agent/snap) by extension 'cmake'
[0.186s] Level 1:colcon.colcon_core.package_identification:_identify(src/uros/micro-ROS-Agent/snap) by extension 'python'
[0.186s] Level 1:colcon.colcon_core.package_identification:_identify(src/uros/micro-ROS-Agent/snap) by extensions ['python_setup_py']
[0.186s] Level 1:colcon.colcon_core.package_identification:_identify(src/uros/micro-ROS-Agent/snap) by extension 'python_setup_py'
[0.186s] Level 1:colcon.colcon_core.package_identification:_identify(src/uros/micro-ROS-Agent/snap/hooks) by extensions ['ignore', 'ignore_ament_install']
[0.186s] Level 1:colcon.colcon_core.package_identification:_identify(src/uros/micro-ROS-Agent/snap/hooks) by extension 'ignore'
[0.186s] Level 1:colcon.colcon_core.package_identification:_identify(src/uros/micro-ROS-Agent/snap/hooks) by extension 'ignore_ament_install'
[0.186s] Level 1:colcon.colcon_core.package_identification:_identify(src/uros/micro-ROS-Agent/snap/hooks) by extensions ['colcon_pkg']
[0.186s] Level 1:colcon.colcon_core.package_identification:_identify(src/uros/micro-ROS-Agent/snap/hooks) by extension 'colcon_pkg'
[0.186s] Level 1:colcon.colcon_core.package_identification:_identify(src/uros/micro-ROS-Agent/snap/hooks) by extensions ['colcon_meta']
[0.186s] Level 1:colcon.colcon_core.package_identification:_identify(src/uros/micro-ROS-Agent/snap/hooks) by extension 'colcon_meta'
[0.186s] Level 1:colcon.colcon_core.package_identification:_identify(src/uros/micro-ROS-Agent/snap/hooks) by extensions ['ros']
[0.186s] Level 1:colcon.colcon_core.package_identification:_identify(src/uros/micro-ROS-Agent/snap/hooks) by extension 'ros'
[0.186s] Level 1:colcon.colcon_core.package_identification:_identify(src/uros/micro-ROS-Agent/snap/hooks) by extensions ['cmake', 'python']
[0.186s] Level 1:colcon.colcon_core.package_identification:_identify(src/uros/micro-ROS-Agent/snap/hooks) by extension 'cmake'
[0.186s] Level 1:colcon.colcon_core.package_identification:_identify(src/uros/micro-ROS-Agent/snap/hooks) by extension 'python'
[0.186s] Level 1:colcon.colcon_core.package_identification:_identify(src/uros/micro-ROS-Agent/snap/hooks) by extensions ['python_setup_py']
[0.186s] Level 1:colcon.colcon_core.package_identification:_identify(src/uros/micro-ROS-Agent/snap/hooks) by extension 'python_setup_py'
[0.187s] Level 1:colcon.colcon_core.package_identification:_identify(src/uros/micro-ROS-Agent/snap/local) by extensions ['ignore', 'ignore_ament_install']
[0.187s] Level 1:colcon.colcon_core.package_identification:_identify(src/uros/micro-ROS-Agent/snap/local) by extension 'ignore'
[0.187s] Level 1:colcon.colcon_core.package_identification:_identify(src/uros/micro-ROS-Agent/snap/local) by extension 'ignore_ament_install'
[0.187s] Level 1:colcon.colcon_core.package_identification:_identify(src/uros/micro-ROS-Agent/snap/local) by extensions ['colcon_pkg']
[0.187s] Level 1:colcon.colcon_core.package_identification:_identify(src/uros/micro-ROS-Agent/snap/local) by extension 'colcon_pkg'
[0.187s] Level 1:colcon.colcon_core.package_identification:_identify(src/uros/micro-ROS-Agent/snap/local) by extensions ['colcon_meta']
[0.187s] Level 1:colcon.colcon_core.package_identification:_identify(src/uros/micro-ROS-Agent/snap/local) by extension 'colcon_meta'
[0.187s] Level 1:colcon.colcon_core.package_identification:_identify(src/uros/micro-ROS-Agent/snap/local) by extensions ['ros']
[0.187s] Level 1:colcon.colcon_core.package_identification:_identify(src/uros/micro-ROS-Agent/snap/local) by extension 'ros'
[0.187s] Level 1:colcon.colcon_core.package_identification:_identify(src/uros/micro-ROS-Agent/snap/local) by extensions ['cmake', 'python']
[0.187s] Level 1:colcon.colcon_core.package_identification:_identify(src/uros/micro-ROS-Agent/snap/local) by extension 'cmake'
[0.187s] Level 1:colcon.colcon_core.package_identification:_identify(src/uros/micro-ROS-Agent/snap/local) by extension 'python'
[0.187s] Level 1:colcon.colcon_core.package_identification:_identify(src/uros/micro-ROS-Agent/snap/local) by extensions ['python_setup_py']
[0.187s] Level 1:colcon.colcon_core.package_identification:_identify(src/uros/micro-ROS-Agent/snap/local) by extension 'python_setup_py'
[0.187s] Level 1:colcon.colcon_core.package_identification:_identify(src/uros/micro_ros_msgs) by extensions ['ignore', 'ignore_ament_install']
[0.187s] Level 1:colcon.colcon_core.package_identification:_identify(src/uros/micro_ros_msgs) by extension 'ignore'
[0.187s] Level 1:colcon.colcon_core.package_identification:_identify(src/uros/micro_ros_msgs) by extension 'ignore_ament_install'
[0.187s] Level 1:colcon.colcon_core.package_identification:_identify(src/uros/micro_ros_msgs) by extensions ['colcon_pkg']
[0.187s] Level 1:colcon.colcon_core.package_identification:_identify(src/uros/micro_ros_msgs) by extension 'colcon_pkg'
[0.187s] Level 1:colcon.colcon_core.package_identification:_identify(src/uros/micro_ros_msgs) by extensions ['colcon_meta']
[0.187s] Level 1:colcon.colcon_core.package_identification:_identify(src/uros/micro_ros_msgs) by extension 'colcon_meta'
[0.187s] Level 1:colcon.colcon_core.package_identification:_identify(src/uros/micro_ros_msgs) by extensions ['ros']
[0.187s] Level 1:colcon.colcon_core.package_identification:_identify(src/uros/micro_ros_msgs) by extension 'ros'
[0.188s] DEBUG:colcon.colcon_core.package_identification:Package 'src/uros/micro_ros_msgs' with type 'ros.ament_cmake' and name 'micro_ros_msgs'
[0.188s] Level 1:colcon.colcon_core.package_discovery:discover_packages(recursive) using defaults
[0.188s] Level 1:colcon.colcon_core.package_discovery:discover_packages(ignore) discover
[0.188s] Level 1:colcon.colcon_core.package_discovery:discover_packages(ignore) using defaults
[0.188s] Level 1:colcon.colcon_core.package_discovery:discover_packages(path) discover
[0.188s] Level 1:colcon.colcon_core.package_discovery:discover_packages(path) using defaults
[0.200s] INFO:colcon.colcon_core.package_selection:Skipping package 'micro_ros_setup' in 'src/micro_ros_setup'
[0.201s] Level 1:colcon.colcon_core.package_discovery:discover_packages(prefix_path) check parameters
[0.201s] Level 1:colcon.colcon_core.package_discovery:discover_packages(prefix_path) discover
[0.201s] DEBUG:colcon.colcon_installed_package_information.package_discovery:Found 1 installed packages in /home/jake/Documents/MQP/uros-pico-controller/uros_ws/install
[0.202s] DEBUG:colcon.colcon_installed_package_information.package_discovery:Found 273 installed packages in /opt/ros/humble
[0.208s] Level 1:colcon.colcon_core.package_discovery:discover_packages(prefix_path) using defaults
[0.229s] Level 5:colcon.colcon_core.verb:set package 'micro_ros_msgs' build argument 'cmake_args' from command line to '['-DUAGENT_BUILD_EXECUTABLE=OFF', '-DUAGENT_P2P_PROFILE=OFF', '--no-warn-unused-cli']'
[0.229s] Level 5:colcon.colcon_core.verb:set package 'micro_ros_msgs' build argument 'cmake_target' from command line to 'None'
[0.229s] Level 5:colcon.colcon_core.verb:set package 'micro_ros_msgs' build argument 'cmake_target_skip_unavailable' from command line to 'False'
[0.229s] Level 5:colcon.colcon_core.verb:set package 'micro_ros_msgs' build argument 'cmake_clean_cache' from command line to 'False'
[0.229s] Level 5:colcon.colcon_core.verb:set package 'micro_ros_msgs' build argument 'cmake_clean_first' from command line to 'False'
[0.229s] Level 5:colcon.colcon_core.verb:set package 'micro_ros_msgs' build argument 'cmake_force_configure' from command line to 'False'
[0.229s] Level 5:colcon.colcon_core.verb:set package 'micro_ros_msgs' build argument 'ament_cmake_args' from command line to 'None'
[0.229s] Level 5:colcon.colcon_core.verb:set package 'micro_ros_msgs' build argument 'catkin_cmake_args' from command line to 'None'
[0.229s] Level 5:colcon.colcon_core.verb:set package 'micro_ros_msgs' build argument 'catkin_skip_building_tests' from command line to 'False'
[0.229s] DEBUG:colcon.colcon_core.verb:Building package 'micro_ros_msgs' with the following arguments: {'ament_cmake_args': None, 'build_base': '/home/jake/Documents/MQP/uros-pico-controller/uros_ws/build/micro_ros_msgs', 'catkin_cmake_args': None, 'catkin_skip_building_tests': False, 'cmake_args': ['-DUAGENT_BUILD_EXECUTABLE=OFF', '-DUAGENT_P2P_PROFILE=OFF', '--no-warn-unused-cli'], 'cmake_clean_cache': False, 'cmake_clean_first': False, 'cmake_force_configure': False, 'cmake_target': None, 'cmake_target_skip_unavailable': False, 'install_base': '/home/jake/Documents/MQP/uros-pico-controller/uros_ws/install/micro_ros_msgs', 'merge_install': False, 'path': '/home/jake/Documents/MQP/uros-pico-controller/uros_ws/src/uros/micro_ros_msgs', 'symlink_install': False, 'test_result_base': None}
[0.230s] Level 5:colcon.colcon_core.verb:set package 'micro_ros_agent' build argument 'cmake_args' from command line to '['-DUAGENT_BUILD_EXECUTABLE=OFF', '-DUAGENT_P2P_PROFILE=OFF', '--no-warn-unused-cli']'
[0.230s] Level 5:colcon.colcon_core.verb:set package 'micro_ros_agent' build argument 'cmake_target' from command line to 'None'
[0.230s] Level 5:colcon.colcon_core.verb:set package 'micro_ros_agent' build argument 'cmake_target_skip_unavailable' from command line to 'False'
[0.230s] Level 5:colcon.colcon_core.verb:set package 'micro_ros_agent' build argument 'cmake_clean_cache' from command line to 'False'
[0.230s] Level 5:colcon.colcon_core.verb:set package 'micro_ros_agent' build argument 'cmake_clean_first' from command line to 'False'
[0.230s] Level 5:colcon.colcon_core.verb:set package 'micro_ros_agent' build argument 'cmake_force_configure' from command line to 'False'
[0.230s] Level 5:colcon.colcon_core.verb:set package 'micro_ros_agent' build argument 'ament_cmake_args' from command line to 'None'
[0.230s] Level 5:colcon.colcon_core.verb:set package 'micro_ros_agent' build argument 'catkin_cmake_args' from command line to 'None'
[0.230s] Level 5:colcon.colcon_core.verb:set package 'micro_ros_agent' build argument 'catkin_skip_building_tests' from command line to 'False'
[0.230s] DEBUG:colcon.colcon_core.verb:Building package 'micro_ros_agent' with the following arguments: {'ament_cmake_args': None, 'build_base': '/home/jake/Documents/MQP/uros-pico-controller/uros_ws/build/micro_ros_agent', 'catkin_cmake_args': None, 'catkin_skip_building_tests': False, 'cmake_args': ['-DUAGENT_BUILD_EXECUTABLE=OFF', '-DUAGENT_P2P_PROFILE=OFF', '--no-warn-unused-cli'], 'cmake_clean_cache': False, 'cmake_clean_first': False, 'cmake_force_configure': False, 'cmake_target': None, 'cmake_target_skip_unavailable': False, 'install_base': '/home/jake/Documents/MQP/uros-pico-controller/uros_ws/install/micro_ros_agent', 'merge_install': False, 'path': '/home/jake/Documents/MQP/uros-pico-controller/uros_ws/src/uros/micro-ROS-Agent/micro_ros_agent', 'symlink_install': False, 'test_result_base': None}
[0.230s] INFO:colcon.colcon_core.executor:Executing jobs using 'parallel' executor
[0.231s] DEBUG:colcon.colcon_parallel_executor.executor.parallel:run_until_complete
[0.231s] INFO:colcon.colcon_ros.task.ament_cmake.build:Building ROS package in '/home/jake/Documents/MQP/uros-pico-controller/uros_ws/src/uros/micro_ros_msgs' with build type 'ament_cmake'
[0.231s] INFO:colcon.colcon_cmake.task.cmake.build:Building CMake package in '/home/jake/Documents/MQP/uros-pico-controller/uros_ws/src/uros/micro_ros_msgs'
[0.232s] INFO:colcon.colcon_core.plugin_system:Skipping extension 'colcon_core.shell.bat': Not used on non-Windows systems
[0.232s] INFO:colcon.colcon_core.shell:Skip shell extension 'powershell' for command environment: Not usable outside of PowerShell
[0.233s] DEBUG:colcon.colcon_core.shell:Skip shell extension 'dsv' for command environment
[0.239s] DEBUG:colcon.colcon_core.event_handler.log_command:Invoking command in '/home/jake/Documents/MQP/uros-pico-controller/uros_ws/build/micro_ros_msgs': CMAKE_PREFIX_PATH=${CMAKE_PREFIX_PATH}:/opt/ros/humble /bin/cmake /home/jake/Documents/MQP/uros-pico-controller/uros_ws/src/uros/micro_ros_msgs -DUAGENT_BUILD_EXECUTABLE=OFF -DUAGENT_P2P_PROFILE=OFF --no-warn-unused-cli -DCMAKE_INSTALL_PREFIX=/home/jake/Documents/MQP/uros-pico-controller/uros_ws/install/micro_ros_msgs
[1.345s] DEBUG:colcon.colcon_core.event_handler.log_command:Invoked command in '/home/jake/Documents/MQP/uros-pico-controller/uros_ws/build/micro_ros_msgs' returned '0': CMAKE_PREFIX_PATH=${CMAKE_PREFIX_PATH}:/opt/ros/humble /bin/cmake /home/jake/Documents/MQP/uros-pico-controller/uros_ws/src/uros/micro_ros_msgs -DUAGENT_BUILD_EXECUTABLE=OFF -DUAGENT_P2P_PROFILE=OFF --no-warn-unused-cli -DCMAKE_INSTALL_PREFIX=/home/jake/Documents/MQP/uros-pico-controller/uros_ws/install/micro_ros_msgs
[1.347s] DEBUG:colcon.colcon_core.event_handler.log_command:Invoking command in '/home/jake/Documents/MQP/uros-pico-controller/uros_ws/build/micro_ros_msgs': CMAKE_PREFIX_PATH=${CMAKE_PREFIX_PATH}:/opt/ros/humble /bin/cmake --build /home/jake/Documents/MQP/uros-pico-controller/uros_ws/build/micro_ros_msgs -- -j16 -l16
[3.381s] DEBUG:colcon.colcon_core.event_handler.log_command:Invoked command in '/home/jake/Documents/MQP/uros-pico-controller/uros_ws/build/micro_ros_msgs' returned '0': CMAKE_PREFIX_PATH=${CMAKE_PREFIX_PATH}:/opt/ros/humble /bin/cmake --build /home/jake/Documents/MQP/uros-pico-controller/uros_ws/build/micro_ros_msgs -- -j16 -l16
[3.495s] DEBUG:colcon.colcon_core.event_handler.log_command:Invoking command in '/home/jake/Documents/MQP/uros-pico-controller/uros_ws/build/micro_ros_msgs': CMAKE_PREFIX_PATH=${CMAKE_PREFIX_PATH}:/opt/ros/humble /bin/cmake --install /home/jake/Documents/MQP/uros-pico-controller/uros_ws/build/micro_ros_msgs
[3.558s] Level 1:colcon.colcon_core.environment:create_environment_scripts_only(micro_ros_msgs)
[3.558s] DEBUG:colcon.colcon_core.event_handler.log_command:Invoked command in '/home/jake/Documents/MQP/uros-pico-controller/uros_ws/build/micro_ros_msgs' returned '0': CMAKE_PREFIX_PATH=${CMAKE_PREFIX_PATH}:/opt/ros/humble /bin/cmake --install /home/jake/Documents/MQP/uros-pico-controller/uros_ws/build/micro_ros_msgs
[3.559s] Level 1:colcon.colcon_core.environment:checking '/home/jake/Documents/MQP/uros-pico-controller/uros_ws/install/micro_ros_msgs' for CMake module files
[3.560s] Level 1:colcon.colcon_core.environment:checking '/home/jake/Documents/MQP/uros-pico-controller/uros_ws/install/micro_ros_msgs' for CMake config files
[3.560s] Level 1:colcon.colcon_core.shell:create_environment_hook('micro_ros_msgs', 'cmake_prefix_path')
[3.560s] INFO:colcon.colcon_core.shell:Creating environment hook '/home/jake/Documents/MQP/uros-pico-controller/uros_ws/install/micro_ros_msgs/share/micro_ros_msgs/hook/cmake_prefix_path.ps1'
[3.561s] INFO:colcon.colcon_core.shell:Creating environment descriptor '/home/jake/Documents/MQP/uros-pico-controller/uros_ws/install/micro_ros_msgs/share/micro_ros_msgs/hook/cmake_prefix_path.dsv'
[3.561s] INFO:colcon.colcon_core.shell:Creating environment hook '/home/jake/Documents/MQP/uros-pico-controller/uros_ws/install/micro_ros_msgs/share/micro_ros_msgs/hook/cmake_prefix_path.sh'
[3.561s] Level 1:colcon.colcon_core.environment:checking '/home/jake/Documents/MQP/uros-pico-controller/uros_ws/install/micro_ros_msgs/lib'
[3.561s] Level 1:colcon.colcon_core.shell:create_environment_hook('micro_ros_msgs', 'ld_library_path_lib')
[3.562s] INFO:colcon.colcon_core.shell:Creating environment hook '/home/jake/Documents/MQP/uros-pico-controller/uros_ws/install/micro_ros_msgs/share/micro_ros_msgs/hook/ld_library_path_lib.ps1'
[3.562s] INFO:colcon.colcon_core.shell:Creating environment descriptor '/home/jake/Documents/MQP/uros-pico-controller/uros_ws/install/micro_ros_msgs/share/micro_ros_msgs/hook/ld_library_path_lib.dsv'
[3.562s] INFO:colcon.colcon_core.shell:Creating environment hook '/home/jake/Documents/MQP/uros-pico-controller/uros_ws/install/micro_ros_msgs/share/micro_ros_msgs/hook/ld_library_path_lib.sh'
[3.562s] Level 1:colcon.colcon_core.environment:checking '/home/jake/Documents/MQP/uros-pico-controller/uros_ws/install/micro_ros_msgs/bin'
[3.562s] Level 1:colcon.colcon_core.environment:checking '/home/jake/Documents/MQP/uros-pico-controller/uros_ws/install/micro_ros_msgs/lib/pkgconfig/micro_ros_msgs.pc'
[3.562s] Level 1:colcon.colcon_core.environment:checking '/home/jake/Documents/MQP/uros-pico-controller/uros_ws/install/micro_ros_msgs/lib/python3.10/site-packages'
[3.562s] Level 1:colcon.colcon_core.environment:checking '/home/jake/Documents/MQP/uros-pico-controller/uros_ws/install/micro_ros_msgs/bin'
[3.563s] INFO:colcon.colcon_core.shell:Creating package script '/home/jake/Documents/MQP/uros-pico-controller/uros_ws/install/micro_ros_msgs/share/micro_ros_msgs/package.ps1'
[3.563s] INFO:colcon.colcon_core.shell:Creating package descriptor '/home/jake/Documents/MQP/uros-pico-controller/uros_ws/install/micro_ros_msgs/share/micro_ros_msgs/package.dsv'
[3.563s] INFO:colcon.colcon_core.shell:Creating package script '/home/jake/Documents/MQP/uros-pico-controller/uros_ws/install/micro_ros_msgs/share/micro_ros_msgs/package.sh'
[3.564s] INFO:colcon.colcon_core.shell:Creating package script '/home/jake/Documents/MQP/uros-pico-controller/uros_ws/install/micro_ros_msgs/share/micro_ros_msgs/package.bash'
[3.564s] INFO:colcon.colcon_core.shell:Creating package script '/home/jake/Documents/MQP/uros-pico-controller/uros_ws/install/micro_ros_msgs/share/micro_ros_msgs/package.zsh'
[3.564s] Level 1:colcon.colcon_core.environment:create_file_with_runtime_dependencies(/home/jake/Documents/MQP/uros-pico-controller/uros_ws/install/micro_ros_msgs/share/colcon-core/packages/micro_ros_msgs)
[3.667s] Level 1:colcon.colcon_core.environment:create_environment_scripts_only(micro_ros_msgs)
[3.667s] Level 1:colcon.colcon_core.environment:checking '/home/jake/Documents/MQP/uros-pico-controller/uros_ws/install/micro_ros_msgs' for CMake module files
[3.667s] Level 1:colcon.colcon_core.environment:checking '/home/jake/Documents/MQP/uros-pico-controller/uros_ws/install/micro_ros_msgs' for CMake config files
[3.667s] Level 1:colcon.colcon_core.shell:create_environment_hook('micro_ros_msgs', 'cmake_prefix_path')
[3.668s] INFO:colcon.colcon_core.shell:Creating environment hook '/home/jake/Documents/MQP/uros-pico-controller/uros_ws/install/micro_ros_msgs/share/micro_ros_msgs/hook/cmake_prefix_path.ps1'
[3.668s] INFO:colcon.colcon_core.shell:Creating environment descriptor '/home/jake/Documents/MQP/uros-pico-controller/uros_ws/install/micro_ros_msgs/share/micro_ros_msgs/hook/cmake_prefix_path.dsv'
[3.668s] INFO:colcon.colcon_core.shell:Creating environment hook '/home/jake/Documents/MQP/uros-pico-controller/uros_ws/install/micro_ros_msgs/share/micro_ros_msgs/hook/cmake_prefix_path.sh'
[3.668s] Level 1:colcon.colcon_core.environment:checking '/home/jake/Documents/MQP/uros-pico-controller/uros_ws/install/micro_ros_msgs/lib'
[3.668s] Level 1:colcon.colcon_core.shell:create_environment_hook('micro_ros_msgs', 'ld_library_path_lib')
[3.668s] INFO:colcon.colcon_core.shell:Creating environment hook '/home/jake/Documents/MQP/uros-pico-controller/uros_ws/install/micro_ros_msgs/share/micro_ros_msgs/hook/ld_library_path_lib.ps1'
[3.669s] INFO:colcon.colcon_core.shell:Creating environment descriptor '/home/jake/Documents/MQP/uros-pico-controller/uros_ws/install/micro_ros_msgs/share/micro_ros_msgs/hook/ld_library_path_lib.dsv'
[3.669s] INFO:colcon.colcon_core.shell:Creating environment hook '/home/jake/Documents/MQP/uros-pico-controller/uros_ws/install/micro_ros_msgs/share/micro_ros_msgs/hook/ld_library_path_lib.sh'
[3.669s] Level 1:colcon.colcon_core.environment:checking '/home/jake/Documents/MQP/uros-pico-controller/uros_ws/install/micro_ros_msgs/bin'
[3.669s] Level 1:colcon.colcon_core.environment:checking '/home/jake/Documents/MQP/uros-pico-controller/uros_ws/install/micro_ros_msgs/lib/pkgconfig/micro_ros_msgs.pc'
[3.669s] Level 1:colcon.colcon_core.environment:checking '/home/jake/Documents/MQP/uros-pico-controller/uros_ws/install/micro_ros_msgs/lib/python3.10/site-packages'
[3.669s] Level 1:colcon.colcon_core.environment:checking '/home/jake/Documents/MQP/uros-pico-controller/uros_ws/install/micro_ros_msgs/bin'
[3.669s] INFO:colcon.colcon_core.shell:Creating package script '/home/jake/Documents/MQP/uros-pico-controller/uros_ws/install/micro_ros_msgs/share/micro_ros_msgs/package.ps1'
[3.670s] INFO:colcon.colcon_core.shell:Creating package descriptor '/home/jake/Documents/MQP/uros-pico-controller/uros_ws/install/micro_ros_msgs/share/micro_ros_msgs/package.dsv'
[3.670s] INFO:colcon.colcon_core.shell:Creating package script '/home/jake/Documents/MQP/uros-pico-controller/uros_ws/install/micro_ros_msgs/share/micro_ros_msgs/package.sh'
[3.670s] INFO:colcon.colcon_core.shell:Creating package script '/home/jake/Documents/MQP/uros-pico-controller/uros_ws/install/micro_ros_msgs/share/micro_ros_msgs/package.bash'
[3.670s] INFO:colcon.colcon_core.shell:Creating package script '/home/jake/Documents/MQP/uros-pico-controller/uros_ws/install/micro_ros_msgs/share/micro_ros_msgs/package.zsh'
[3.670s] Level 1:colcon.colcon_core.environment:create_file_with_runtime_dependencies(/home/jake/Documents/MQP/uros-pico-controller/uros_ws/install/micro_ros_msgs/share/colcon-core/packages/micro_ros_msgs)
[3.670s] INFO:colcon.colcon_ros.task.ament_cmake.build:Building ROS package in '/home/jake/Documents/MQP/uros-pico-controller/uros_ws/src/uros/micro-ROS-Agent/micro_ros_agent' with build type 'ament_cmake'
[3.671s] INFO:colcon.colcon_cmake.task.cmake.build:Building CMake package in '/home/jake/Documents/MQP/uros-pico-controller/uros_ws/src/uros/micro-ROS-Agent/micro_ros_agent'
[3.671s] INFO:colcon.colcon_core.shell:Skip shell extension 'powershell' for command environment: Not usable outside of PowerShell
[3.671s] DEBUG:colcon.colcon_core.shell:Skip shell extension 'dsv' for command environment
[3.679s] DEBUG:colcon.colcon_core.event_handler.log_command:Invoking command in '/home/jake/Documents/MQP/uros-pico-controller/uros_ws/build/micro_ros_agent': AMENT_PREFIX_PATH=/home/jake/Documents/MQP/uros-pico-controller/uros_ws/install/micro_ros_msgs:${AMENT_PREFIX_PATH} CMAKE_PREFIX_PATH=/home/jake/Documents/MQP/uros-pico-controller/uros_ws/install/micro_ros_msgs:/home/jake/Documents/MQP/uros-pico-controller/uros_ws/install/micro_ros_setup:/opt/ros/humble LD_LIBRARY_PATH=/home/jake/Documents/MQP/uros-pico-controller/uros_ws/install/micro_ros_msgs/lib:${LD_LIBRARY_PATH} PYTHONPATH=/home/jake/Documents/MQP/uros-pico-controller/uros_ws/install/micro_ros_msgs/local/lib/python3.10/dist-packages:${PYTHONPATH} /bin/cmake /home/jake/Documents/MQP/uros-pico-controller/uros_ws/src/uros/micro-ROS-Agent/micro_ros_agent -DUAGENT_BUILD_EXECUTABLE=OFF -DUAGENT_P2P_PROFILE=OFF --no-warn-unused-cli -DCMAKE_INSTALL_PREFIX=/home/jake/Documents/MQP/uros-pico-controller/uros_ws/install/micro_ros_agent
[3.972s] DEBUG:colcon.colcon_core.event_handler.log_command:Invoked command in '/home/jake/Documents/MQP/uros-pico-controller/uros_ws/build/micro_ros_agent' returned '0': AMENT_PREFIX_PATH=/home/jake/Documents/MQP/uros-pico-controller/uros_ws/install/micro_ros_msgs:${AMENT_PREFIX_PATH} CMAKE_PREFIX_PATH=/home/jake/Documents/MQP/uros-pico-controller/uros_ws/install/micro_ros_msgs:/home/jake/Documents/MQP/uros-pico-controller/uros_ws/install/micro_ros_setup:/opt/ros/humble LD_LIBRARY_PATH=/home/jake/Documents/MQP/uros-pico-controller/uros_ws/install/micro_ros_msgs/lib:${LD_LIBRARY_PATH} PYTHONPATH=/home/jake/Documents/MQP/uros-pico-controller/uros_ws/install/micro_ros_msgs/local/lib/python3.10/dist-packages:${PYTHONPATH} /bin/cmake /home/jake/Documents/MQP/uros-pico-controller/uros_ws/src/uros/micro-ROS-Agent/micro_ros_agent -DUAGENT_BUILD_EXECUTABLE=OFF -DUAGENT_P2P_PROFILE=OFF --no-warn-unused-cli -DCMAKE_INSTALL_PREFIX=/home/jake/Documents/MQP/uros-pico-controller/uros_ws/install/micro_ros_agent
[3.975s] DEBUG:colcon.colcon_core.event_handler.log_command:Invoking command in '/home/jake/Documents/MQP/uros-pico-controller/uros_ws/build/micro_ros_agent': AMENT_PREFIX_PATH=/home/jake/Documents/MQP/uros-pico-controller/uros_ws/install/micro_ros_msgs:${AMENT_PREFIX_PATH} CMAKE_PREFIX_PATH=/home/jake/Documents/MQP/uros-pico-controller/uros_ws/install/micro_ros_msgs:/home/jake/Documents/MQP/uros-pico-controller/uros_ws/install/micro_ros_setup:/opt/ros/humble LD_LIBRARY_PATH=/home/jake/Documents/MQP/uros-pico-controller/uros_ws/install/micro_ros_msgs/lib:${LD_LIBRARY_PATH} PYTHONPATH=/home/jake/Documents/MQP/uros-pico-controller/uros_ws/install/micro_ros_msgs/local/lib/python3.10/dist-packages:${PYTHONPATH} /bin/cmake --build /home/jake/Documents/MQP/uros-pico-controller/uros_ws/build/micro_ros_agent -- -j16 -l16
[27.245s] DEBUG:colcon.colcon_core.event_handler.log_command:Invoked command in '/home/jake/Documents/MQP/uros-pico-controller/uros_ws/build/micro_ros_agent' returned '0': AMENT_PREFIX_PATH=/home/jake/Documents/MQP/uros-pico-controller/uros_ws/install/micro_ros_msgs:${AMENT_PREFIX_PATH} CMAKE_PREFIX_PATH=/home/jake/Documents/MQP/uros-pico-controller/uros_ws/install/micro_ros_msgs:/home/jake/Documents/MQP/uros-pico-controller/uros_ws/install/micro_ros_setup:/opt/ros/humble LD_LIBRARY_PATH=/home/jake/Documents/MQP/uros-pico-controller/uros_ws/install/micro_ros_msgs/lib:${LD_LIBRARY_PATH} PYTHONPATH=/home/jake/Documents/MQP/uros-pico-controller/uros_ws/install/micro_ros_msgs/local/lib/python3.10/dist-packages:${PYTHONPATH} /bin/cmake --build /home/jake/Documents/MQP/uros-pico-controller/uros_ws/build/micro_ros_agent -- -j16 -l16
[27.281s] DEBUG:colcon.colcon_core.event_handler.log_command:Invoking command in '/home/jake/Documents/MQP/uros-pico-controller/uros_ws/build/micro_ros_agent': AMENT_PREFIX_PATH=/home/jake/Documents/MQP/uros-pico-controller/uros_ws/install/micro_ros_msgs:${AMENT_PREFIX_PATH} CMAKE_PREFIX_PATH=/home/jake/Documents/MQP/uros-pico-controller/uros_ws/install/micro_ros_msgs:/home/jake/Documents/MQP/uros-pico-controller/uros_ws/install/micro_ros_setup:/opt/ros/humble LD_LIBRARY_PATH=/home/jake/Documents/MQP/uros-pico-controller/uros_ws/install/micro_ros_msgs/lib:${LD_LIBRARY_PATH} PYTHONPATH=/home/jake/Documents/MQP/uros-pico-controller/uros_ws/install/micro_ros_msgs/local/lib/python3.10/dist-packages:${PYTHONPATH} /bin/cmake --install /home/jake/Documents/MQP/uros-pico-controller/uros_ws/build/micro_ros_agent
[27.303s] Level 1:colcon.colcon_core.environment:create_environment_scripts_only(micro_ros_agent)
[27.303s] Level 1:colcon.colcon_core.environment:checking '/home/jake/Documents/MQP/uros-pico-controller/uros_ws/install/micro_ros_agent' for CMake module files
[27.303s] DEBUG:colcon.colcon_core.event_handler.log_command:Invoked command in '/home/jake/Documents/MQP/uros-pico-controller/uros_ws/build/micro_ros_agent' returned '0': AMENT_PREFIX_PATH=/home/jake/Documents/MQP/uros-pico-controller/uros_ws/install/micro_ros_msgs:${AMENT_PREFIX_PATH} CMAKE_PREFIX_PATH=/home/jake/Documents/MQP/uros-pico-controller/uros_ws/install/micro_ros_msgs:/home/jake/Documents/MQP/uros-pico-controller/uros_ws/install/micro_ros_setup:/opt/ros/humble LD_LIBRARY_PATH=/home/jake/Documents/MQP/uros-pico-controller/uros_ws/install/micro_ros_msgs/lib:${LD_LIBRARY_PATH} PYTHONPATH=/home/jake/Documents/MQP/uros-pico-controller/uros_ws/install/micro_ros_msgs/local/lib/python3.10/dist-packages:${PYTHONPATH} /bin/cmake --install /home/jake/Documents/MQP/uros-pico-controller/uros_ws/build/micro_ros_agent
[27.304s] Level 1:colcon.colcon_core.environment:checking '/home/jake/Documents/MQP/uros-pico-controller/uros_ws/install/micro_ros_agent' for CMake config files
[27.304s] Level 1:colcon.colcon_core.shell:create_environment_hook('micro_ros_agent', 'cmake_prefix_path')
[27.304s] INFO:colcon.colcon_core.shell:Creating environment hook '/home/jake/Documents/MQP/uros-pico-controller/uros_ws/install/micro_ros_agent/share/micro_ros_agent/hook/cmake_prefix_path.ps1'
[27.305s] INFO:colcon.colcon_core.shell:Creating environment descriptor '/home/jake/Documents/MQP/uros-pico-controller/uros_ws/install/micro_ros_agent/share/micro_ros_agent/hook/cmake_prefix_path.dsv'
[27.305s] INFO:colcon.colcon_core.shell:Creating environment hook '/home/jake/Documents/MQP/uros-pico-controller/uros_ws/install/micro_ros_agent/share/micro_ros_agent/hook/cmake_prefix_path.sh'
[27.305s] Level 1:colcon.colcon_core.environment:checking '/home/jake/Documents/MQP/uros-pico-controller/uros_ws/install/micro_ros_agent/lib'
[27.305s] Level 1:colcon.colcon_core.shell:create_environment_hook('micro_ros_agent', 'ld_library_path_lib')
[27.305s] INFO:colcon.colcon_core.shell:Creating environment hook '/home/jake/Documents/MQP/uros-pico-controller/uros_ws/install/micro_ros_agent/share/micro_ros_agent/hook/ld_library_path_lib.ps1'
[27.305s] INFO:colcon.colcon_core.shell:Creating environment descriptor '/home/jake/Documents/MQP/uros-pico-controller/uros_ws/install/micro_ros_agent/share/micro_ros_agent/hook/ld_library_path_lib.dsv'
[27.306s] INFO:colcon.colcon_core.shell:Creating environment hook '/home/jake/Documents/MQP/uros-pico-controller/uros_ws/install/micro_ros_agent/share/micro_ros_agent/hook/ld_library_path_lib.sh'
[27.306s] Level 1:colcon.colcon_core.environment:checking '/home/jake/Documents/MQP/uros-pico-controller/uros_ws/install/micro_ros_agent/bin'
[27.306s] Level 1:colcon.colcon_core.environment:checking '/home/jake/Documents/MQP/uros-pico-controller/uros_ws/install/micro_ros_agent/lib/pkgconfig/micro_ros_agent.pc'
[27.306s] Level 1:colcon.colcon_core.environment:checking '/home/jake/Documents/MQP/uros-pico-controller/uros_ws/install/micro_ros_agent/lib/python3.10/site-packages'
[27.306s] Level 1:colcon.colcon_core.environment:checking '/home/jake/Documents/MQP/uros-pico-controller/uros_ws/install/micro_ros_agent/bin'
[27.306s] INFO:colcon.colcon_core.shell:Creating package script '/home/jake/Documents/MQP/uros-pico-controller/uros_ws/install/micro_ros_agent/share/micro_ros_agent/package.ps1'
[27.306s] INFO:colcon.colcon_core.shell:Creating package descriptor '/home/jake/Documents/MQP/uros-pico-controller/uros_ws/install/micro_ros_agent/share/micro_ros_agent/package.dsv'
[27.307s] INFO:colcon.colcon_core.shell:Creating package script '/home/jake/Documents/MQP/uros-pico-controller/uros_ws/install/micro_ros_agent/share/micro_ros_agent/package.sh'
[27.307s] INFO:colcon.colcon_core.shell:Creating package script '/home/jake/Documents/MQP/uros-pico-controller/uros_ws/install/micro_ros_agent/share/micro_ros_agent/package.bash'
[27.307s] INFO:colcon.colcon_core.shell:Creating package script '/home/jake/Documents/MQP/uros-pico-controller/uros_ws/install/micro_ros_agent/share/micro_ros_agent/package.zsh'
[27.307s] Level 1:colcon.colcon_core.environment:create_file_with_runtime_dependencies(/home/jake/Documents/MQP/uros-pico-controller/uros_ws/install/micro_ros_agent/share/colcon-core/packages/micro_ros_agent)
[27.343s] Level 1:colcon.colcon_core.environment:create_environment_scripts_only(micro_ros_agent)
[27.343s] Level 1:colcon.colcon_core.environment:checking '/home/jake/Documents/MQP/uros-pico-controller/uros_ws/install/micro_ros_agent' for CMake module files
[27.344s] Level 1:colcon.colcon_core.environment:checking '/home/jake/Documents/MQP/uros-pico-controller/uros_ws/install/micro_ros_agent' for CMake config files
[27.344s] Level 1:colcon.colcon_core.shell:create_environment_hook('micro_ros_agent', 'cmake_prefix_path')
[27.345s] INFO:colcon.colcon_core.shell:Creating environment hook '/home/jake/Documents/MQP/uros-pico-controller/uros_ws/install/micro_ros_agent/share/micro_ros_agent/hook/cmake_prefix_path.ps1'
[27.345s] INFO:colcon.colcon_core.shell:Creating environment descriptor '/home/jake/Documents/MQP/uros-pico-controller/uros_ws/install/micro_ros_agent/share/micro_ros_agent/hook/cmake_prefix_path.dsv'
[27.345s] INFO:colcon.colcon_core.shell:Creating environment hook '/home/jake/Documents/MQP/uros-pico-controller/uros_ws/install/micro_ros_agent/share/micro_ros_agent/hook/cmake_prefix_path.sh'
[27.345s] Level 1:colcon.colcon_core.environment:checking '/home/jake/Documents/MQP/uros-pico-controller/uros_ws/install/micro_ros_agent/lib'
[27.345s] Level 1:colcon.colcon_core.shell:create_environment_hook('micro_ros_agent', 'ld_library_path_lib')
[27.345s] INFO:colcon.colcon_core.shell:Creating environment hook '/home/jake/Documents/MQP/uros-pico-controller/uros_ws/install/micro_ros_agent/share/micro_ros_agent/hook/ld_library_path_lib.ps1'
[27.346s] INFO:colcon.colcon_core.shell:Creating environment descriptor '/home/jake/Documents/MQP/uros-pico-controller/uros_ws/install/micro_ros_agent/share/micro_ros_agent/hook/ld_library_path_lib.dsv'
[27.346s] INFO:colcon.colcon_core.shell:Creating environment hook '/home/jake/Documents/MQP/uros-pico-controller/uros_ws/install/micro_ros_agent/share/micro_ros_agent/hook/ld_library_path_lib.sh'
[27.346s] Level 1:colcon.colcon_core.environment:checking '/home/jake/Documents/MQP/uros-pico-controller/uros_ws/install/micro_ros_agent/bin'
[27.346s] Level 1:colcon.colcon_core.environment:checking '/home/jake/Documents/MQP/uros-pico-controller/uros_ws/install/micro_ros_agent/lib/pkgconfig/micro_ros_agent.pc'
[27.346s] Level 1:colcon.colcon_core.environment:checking '/home/jake/Documents/MQP/uros-pico-controller/uros_ws/install/micro_ros_agent/lib/python3.10/site-packages'
[27.346s] Level 1:colcon.colcon_core.environment:checking '/home/jake/Documents/MQP/uros-pico-controller/uros_ws/install/micro_ros_agent/bin'
[27.346s] INFO:colcon.colcon_core.shell:Creating package script '/home/jake/Documents/MQP/uros-pico-controller/uros_ws/install/micro_ros_agent/share/micro_ros_agent/package.ps1'
[27.347s] INFO:colcon.colcon_core.shell:Creating package descriptor '/home/jake/Documents/MQP/uros-pico-controller/uros_ws/install/micro_ros_agent/share/micro_ros_agent/package.dsv'
[27.347s] INFO:colcon.colcon_core.shell:Creating package script '/home/jake/Documents/MQP/uros-pico-controller/uros_ws/install/micro_ros_agent/share/micro_ros_agent/package.sh'
[27.347s] INFO:colcon.colcon_core.shell:Creating package script '/home/jake/Documents/MQP/uros-pico-controller/uros_ws/install/micro_ros_agent/share/micro_ros_agent/package.bash'
[27.347s] INFO:colcon.colcon_core.shell:Creating package script '/home/jake/Documents/MQP/uros-pico-controller/uros_ws/install/micro_ros_agent/share/micro_ros_agent/package.zsh'
[27.347s] Level 1:colcon.colcon_core.environment:create_file_with_runtime_dependencies(/home/jake/Documents/MQP/uros-pico-controller/uros_ws/install/micro_ros_agent/share/colcon-core/packages/micro_ros_agent)
[27.347s] DEBUG:colcon.colcon_parallel_executor.executor.parallel:closing loop
[27.348s] DEBUG:colcon.colcon_parallel_executor.executor.parallel:loop closed
[27.348s] DEBUG:colcon.colcon_parallel_executor.executor.parallel:run_until_complete finished with '0'
[27.348s] DEBUG:colcon.colcon_core.event_reactor:joining thread
[27.352s] INFO:colcon.colcon_core.plugin_system:Skipping extension 'colcon_notification.desktop_notification.notify_send': Could not find 'notify-send'
[27.352s] INFO:colcon.colcon_core.plugin_system:Skipping extension 'colcon_notification.desktop_notification.terminal_notifier': Not used on non-Darwin systems
[27.352s] INFO:colcon.colcon_core.plugin_system:Skipping extension 'colcon_notification.desktop_notification.win32': Not used on non-Windows systems
[27.352s] INFO:colcon.colcon_notification.desktop_notification:Sending desktop notification using 'notify2'
[27.365s] DEBUG:colcon.colcon_core.event_reactor:joined thread
[27.366s] INFO:colcon.colcon_core.shell:Creating prefix script '/home/jake/Documents/MQP/uros-pico-controller/uros_ws/install/local_setup.ps1'
[27.366s] INFO:colcon.colcon_core.shell:Creating prefix util module '/home/jake/Documents/MQP/uros-pico-controller/uros_ws/install/_local_setup_util_ps1.py'
[27.367s] INFO:colcon.colcon_core.shell:Creating prefix chain script '/home/jake/Documents/MQP/uros-pico-controller/uros_ws/install/setup.ps1'
[27.368s] INFO:colcon.colcon_core.shell:Creating prefix script '/home/jake/Documents/MQP/uros-pico-controller/uros_ws/install/local_setup.sh'
[27.369s] INFO:colcon.colcon_core.shell:Creating prefix util module '/home/jake/Documents/MQP/uros-pico-controller/uros_ws/install/_local_setup_util_sh.py'
[27.369s] INFO:colcon.colcon_core.shell:Creating prefix chain script '/home/jake/Documents/MQP/uros-pico-controller/uros_ws/install/setup.sh'
[27.370s] INFO:colcon.colcon_core.shell:Creating prefix script '/home/jake/Documents/MQP/uros-pico-controller/uros_ws/install/local_setup.bash'
[27.371s] INFO:colcon.colcon_core.shell:Creating prefix chain script '/home/jake/Documents/MQP/uros-pico-controller/uros_ws/install/setup.bash'
[27.371s] INFO:colcon.colcon_core.shell:Creating prefix script '/home/jake/Documents/MQP/uros-pico-controller/uros_ws/install/local_setup.zsh'
[27.371s] INFO:colcon.colcon_core.shell:Creating prefix chain script '/home/jake/Documents/MQP/uros-pico-controller/uros_ws/install/setup.zsh'
