Not searching for unused variables given on the command line.
PICO_GCC_TRIPLE defaulted to arm-none-eabi
-- The C compiler identification is GNU 10.3.1
-- The CXX compiler identification is GNU 10.3.1
-- Detecting C compiler ABI info
PICO_GCC_TRIPLE defaulted to arm-none-eabi
-- Detecting C compiler ABI info - done
-- Check for working C compiler: /bin/arm-none-eabi-gcc - skipped
-- Detecting C compile features
-- Detecting C compile features - done
-- Detecting CXX compiler ABI info
PICO_GCC_TRIPLE defaulted to arm-none-eabi
-- Detecting CXX compiler ABI info - done
-- Check for working CXX compiler: /bin/arm-none-eabi-g++ - skipped
-- Detecting CXX compile features
-- Detecting CXX compile features - done
-- Found ament_cmake: 1.3.10 (/home/jake/Documents/MQP/uros-pico-controller/uros_ws/firmware/dev_ws/install/ament_cmake/share/ament_cmake/cmake)
-- Found Python3: /bin/python3 (found version "3.10.12") found components: Interpreter 
-- Found rcl: 5.3.9 (/home/jake/Documents/MQP/uros-pico-controller/uros_ws/firmware/mcu_ws/install/share/rcl/cmake)
CMake Warning at /home/jake/Documents/MQP/uros-pico-controller/uros_ws/firmware/mcu_ws/install/share/rcutils/cmake/ament_cmake_export_libraries-extras.cmake:116 (message):
  Package 'rcutils' exports library 'dl' which couldn't be found
Call Stack (most recent call first):
  /home/jake/Documents/MQP/uros-pico-controller/uros_ws/firmware/mcu_ws/install/share/rcutils/cmake/rcutilsConfig.cmake:41 (include)
  /home/jake/Documents/MQP/uros-pico-controller/uros_ws/firmware/mcu_ws/install/share/rosidl_runtime_c/cmake/ament_cmake_export_dependencies-extras.cmake:21 (find_package)
  /home/jake/Documents/MQP/uros-pico-controller/uros_ws/firmware/mcu_ws/install/share/rosidl_runtime_c/cmake/rosidl_runtime_cConfig.cmake:41 (include)
  /home/jake/Documents/MQP/uros-pico-controller/uros_ws/firmware/mcu_ws/install/share/builtin_interfaces/cmake/ament_cmake_export_dependencies-extras.cmake:21 (find_package)
  /home/jake/Documents/MQP/uros-pico-controller/uros_ws/firmware/mcu_ws/install/share/builtin_interfaces/cmake/builtin_interfacesConfig.cmake:41 (include)
  /home/jake/Documents/MQP/uros-pico-controller/uros_ws/firmware/mcu_ws/install/share/rcl_interfaces/cmake/ament_cmake_export_dependencies-extras.cmake:21 (find_package)
  /home/jake/Documents/MQP/uros-pico-controller/uros_ws/firmware/mcu_ws/install/share/rcl_interfaces/cmake/rcl_interfacesConfig.cmake:41 (include)
  /home/jake/Documents/MQP/uros-pico-controller/uros_ws/firmware/mcu_ws/install/share/rcl/cmake/ament_cmake_export_dependencies-extras.cmake:21 (find_package)
  /home/jake/Documents/MQP/uros-pico-controller/uros_ws/firmware/mcu_ws/install/share/rcl/cmake/rclConfig.cmake:41 (include)
  CMakeLists.txt:34 (find_package)


-- Using all available rosidl_typesupport_c: rosidl_typesupport_introspection_c;rosidl_typesupport_microxrcedds_c
-- Found rosidl_adapter: 3.1.5 (/home/jake/Documents/MQP/uros-pico-controller/uros_ws/firmware/mcu_ws/install/share/rosidl_adapter/cmake)
-- Found rmw_implementation_cmake: 6.1.2 (/home/jake/Documents/MQP/uros-pico-controller/uros_ws/firmware/mcu_ws/install/share/rmw_implementation_cmake/cmake)
-- Found rmw_microxrcedds: 3.0.3 (/home/jake/Documents/MQP/uros-pico-controller/uros_ws/firmware/mcu_ws/install/share/rmw_microxrcedds/cmake)
-- Using RMW implementation 'rmw_microxrcedds'
-- Found rclc: 4.0.2 (/home/jake/Documents/MQP/uros-pico-controller/uros_ws/firmware/mcu_ws/install/share/rclc/cmake)
-- Configuring done
-- Generating done
-- Build files have been written to: /home/jake/Documents/MQP/uros-pico-controller/uros_ws/firmware/mcu_ws/build/rclc_parameter
/usr/bin/cmake -S/home/jake/Documents/MQP/uros-pico-controller/uros_ws/firmware/mcu_ws/uros/rclc/rclc_parameter -B/home/jake/Documents/MQP/uros-pico-controller/uros_ws/firmware/mcu_ws/build/rclc_parameter --check-build-system CMakeFiles/Makefile.cmake 0
/usr/bin/cmake -E cmake_progress_start /home/jake/Documents/MQP/uros-pico-controller/uros_ws/firmware/mcu_ws/build/rclc_parameter/CMakeFiles /home/jake/Documents/MQP/uros-pico-controller/uros_ws/firmware/mcu_ws/build/rclc_parameter//CMakeFiles/progress.marks
/bin/gmake  -f CMakeFiles/Makefile2 all
gmake[1]: Entering directory '/home/jake/Documents/MQP/uros-pico-controller/uros_ws/firmware/mcu_ws/build/rclc_parameter'
/bin/gmake  -f CMakeFiles/rclc_parameter.dir/build.make CMakeFiles/rclc_parameter.dir/depend
gmake[2]: Entering directory '/home/jake/Documents/MQP/uros-pico-controller/uros_ws/firmware/mcu_ws/build/rclc_parameter'
cd /home/jake/Documents/MQP/uros-pico-controller/uros_ws/firmware/mcu_ws/build/rclc_parameter && /usr/bin/cmake -E cmake_depends "Unix Makefiles" /home/jake/Documents/MQP/uros-pico-controller/uros_ws/firmware/mcu_ws/uros/rclc/rclc_parameter /home/jake/Documents/MQP/uros-pico-controller/uros_ws/firmware/mcu_ws/uros/rclc/rclc_parameter /home/jake/Documents/MQP/uros-pico-controller/uros_ws/firmware/mcu_ws/build/rclc_parameter /home/jake/Documents/MQP/uros-pico-controller/uros_ws/firmware/mcu_ws/build/rclc_parameter /home/jake/Documents/MQP/uros-pico-controller/uros_ws/firmware/mcu_ws/build/rclc_parameter/CMakeFiles/rclc_parameter.dir/DependInfo.cmake --color=
gmake[2]: Leaving directory '/home/jake/Documents/MQP/uros-pico-controller/uros_ws/firmware/mcu_ws/build/rclc_parameter'
/bin/gmake  -f CMakeFiles/rclc_parameter.dir/build.make CMakeFiles/rclc_parameter.dir/build
gmake[2]: Entering directory '/home/jake/Documents/MQP/uros-pico-controller/uros_ws/firmware/mcu_ws/build/rclc_parameter'
[ 33%] [32mBuilding C object CMakeFiles/rclc_parameter.dir/src/rclc_parameter/parameter_utils.c.obj[0m
/bin/arm-none-eabi-gcc -DRCLC_PARAMETER_BUILDING_LIBRARY -DRCLC_PARAMETER_MAX_STRING_LENGTH=50 -I/home/jake/Documents/MQP/uros-pico-controller/uros_ws/firmware/mcu_ws/uros/rclc/rclc_parameter/include -I/home/jake/Documents/MQP/uros-pico-controller/uros_ws/firmware/mcu_ws/uros/rclc/rclc_parameter/src -isystem /home/jake/Documents/MQP/uros-pico-controller/uros_ws/firmware/mcu_ws/install/include/rcl -isystem /home/jake/Documents/MQP/uros-pico-controller/uros_ws/firmware/mcu_ws/install/include -isystem /home/jake/Documents/MQP/uros-pico-controller/uros_ws/firmware/mcu_ws/install/include/rosidl_typesupport_interface -isystem /home/jake/Documents/MQP/uros-pico-controller/uros_ws/firmware/mcu_ws/install/include/rcutils -isystem /home/jake/Documents/MQP/uros-pico-controller/uros_ws/firmware/mcu_ws/install/include/builtin_interfaces -isystem /home/jake/Documents/MQP/uros-pico-controller/uros_ws/firmware/mcu_ws/install/include/rcl_interfaces -isystem /home/jake/Documents/MQP/uros-pico-controller/uros_ws/firmware/mcu_ws/install/include/rosidl_runtime_c -isystem /home/jake/Documents/MQP/uros-pico-controller/uros_ws/firmware/mcu_ws/install/include/rosidl_typesupport_introspection_c -isystem /home/jake/Documents/MQP/uros-pico-controller/uros_ws/firmware/mcu_ws/install/include/rcl_logging_interface -isystem /home/jake/Documents/MQP/uros-pico-controller/uros_ws/firmware/mcu_ws/install/include/rmw -isystem /home/jake/Documents/MQP/uros-pico-controller/uros_ws/firmware/mcu_ws/install/include/tracetools -isystem /home/jake/Documents/MQP/uros-pico-controller/uros_ws/firmware/mcu_ws/install/include/rcl_action -isystem /home/jake/Documents/MQP/uros-pico-controller/uros_ws/firmware/mcu_ws/install/include/action_msgs -isystem /home/jake/Documents/MQP/uros-pico-controller/uros_ws/firmware/mcu_ws/install/include/unique_identifier_msgs -std=c11 -O2 -march=armv6-m -mcpu=cortex-m0plus -mthumb -ffunction-sections -fdata-sections -fno-exceptions -nostdlib -D'RCUTILS_LOG_MIN_SEVERITY=RCUTILS_LOG_MIN_SEVERITY_NONE' -DCLOCK_MONOTONIC=0 -D'__attribute__(x)=' -O3 -DNDEBUG -Wall -Wextra -Wpedantic -std=gnu11 -MD -MT CMakeFiles/rclc_parameter.dir/src/rclc_parameter/parameter_utils.c.obj -MF CMakeFiles/rclc_parameter.dir/src/rclc_parameter/parameter_utils.c.obj.d -o CMakeFiles/rclc_parameter.dir/src/rclc_parameter/parameter_utils.c.obj -c /home/jake/Documents/MQP/uros-pico-controller/uros_ws/firmware/mcu_ws/uros/rclc/rclc_parameter/src/rclc_parameter/parameter_utils.c
[ 66%] [32mBuilding C object CMakeFiles/rclc_parameter.dir/src/rclc_parameter/parameter_server.c.obj[0m
/bin/arm-none-eabi-gcc -DRCLC_PARAMETER_BUILDING_LIBRARY -DRCLC_PARAMETER_MAX_STRING_LENGTH=50 -I/home/jake/Documents/MQP/uros-pico-controller/uros_ws/firmware/mcu_ws/uros/rclc/rclc_parameter/include -I/home/jake/Documents/MQP/uros-pico-controller/uros_ws/firmware/mcu_ws/uros/rclc/rclc_parameter/src -isystem /home/jake/Documents/MQP/uros-pico-controller/uros_ws/firmware/mcu_ws/install/include/rcl -isystem /home/jake/Documents/MQP/uros-pico-controller/uros_ws/firmware/mcu_ws/install/include -isystem /home/jake/Documents/MQP/uros-pico-controller/uros_ws/firmware/mcu_ws/install/include/rosidl_typesupport_interface -isystem /home/jake/Documents/MQP/uros-pico-controller/uros_ws/firmware/mcu_ws/install/include/rcutils -isystem /home/jake/Documents/MQP/uros-pico-controller/uros_ws/firmware/mcu_ws/install/include/builtin_interfaces -isystem /home/jake/Documents/MQP/uros-pico-controller/uros_ws/firmware/mcu_ws/install/include/rcl_interfaces -isystem /home/jake/Documents/MQP/uros-pico-controller/uros_ws/firmware/mcu_ws/install/include/rosidl_runtime_c -isystem /home/jake/Documents/MQP/uros-pico-controller/uros_ws/firmware/mcu_ws/install/include/rosidl_typesupport_introspection_c -isystem /home/jake/Documents/MQP/uros-pico-controller/uros_ws/firmware/mcu_ws/install/include/rcl_logging_interface -isystem /home/jake/Documents/MQP/uros-pico-controller/uros_ws/firmware/mcu_ws/install/include/rmw -isystem /home/jake/Documents/MQP/uros-pico-controller/uros_ws/firmware/mcu_ws/install/include/tracetools -isystem /home/jake/Documents/MQP/uros-pico-controller/uros_ws/firmware/mcu_ws/install/include/rcl_action -isystem /home/jake/Documents/MQP/uros-pico-controller/uros_ws/firmware/mcu_ws/install/include/action_msgs -isystem /home/jake/Documents/MQP/uros-pico-controller/uros_ws/firmware/mcu_ws/install/include/unique_identifier_msgs -std=c11 -O2 -march=armv6-m -mcpu=cortex-m0plus -mthumb -ffunction-sections -fdata-sections -fno-exceptions -nostdlib -D'RCUTILS_LOG_MIN_SEVERITY=RCUTILS_LOG_MIN_SEVERITY_NONE' -DCLOCK_MONOTONIC=0 -D'__attribute__(x)=' -O3 -DNDEBUG -Wall -Wextra -Wpedantic -std=gnu11 -MD -MT CMakeFiles/rclc_parameter.dir/src/rclc_parameter/parameter_server.c.obj -MF CMakeFiles/rclc_parameter.dir/src/rclc_parameter/parameter_server.c.obj.d -o CMakeFiles/rclc_parameter.dir/src/rclc_parameter/parameter_server.c.obj -c /home/jake/Documents/MQP/uros-pico-controller/uros_ws/firmware/mcu_ws/uros/rclc/rclc_parameter/src/rclc_parameter/parameter_server.c
[100%] [32m[1mLinking CXX static library librclc_parameter.a[0m
/usr/bin/cmake -P CMakeFiles/rclc_parameter.dir/cmake_clean_target.cmake
/usr/bin/cmake -E cmake_link_script CMakeFiles/rclc_parameter.dir/link.txt --verbose=1
/bin/arm-none-eabi-ar qc librclc_parameter.a CMakeFiles/rclc_parameter.dir/src/rclc_parameter/parameter_server.c.obj CMakeFiles/rclc_parameter.dir/src/rclc_parameter/parameter_utils.c.obj
/bin/arm-none-eabi-ranlib librclc_parameter.a
gmake[2]: Leaving directory '/home/jake/Documents/MQP/uros-pico-controller/uros_ws/firmware/mcu_ws/build/rclc_parameter'
[100%] Built target rclc_parameter
gmake[1]: Leaving directory '/home/jake/Documents/MQP/uros-pico-controller/uros_ws/firmware/mcu_ws/build/rclc_parameter'
/usr/bin/cmake -E cmake_progress_start /home/jake/Documents/MQP/uros-pico-controller/uros_ws/firmware/mcu_ws/build/rclc_parameter/CMakeFiles 0
-- Install configuration: "Release"
-- Installing: /home/jake/Documents/MQP/uros-pico-controller/uros_ws/firmware/mcu_ws/install/lib/librclc_parameter.a
-- Up-to-date: /home/jake/Documents/MQP/uros-pico-controller/uros_ws/firmware/mcu_ws/install/include
-- Installing: /home/jake/Documents/MQP/uros-pico-controller/uros_ws/firmware/mcu_ws/install/include/rclc_parameter
-- Installing: /home/jake/Documents/MQP/uros-pico-controller/uros_ws/firmware/mcu_ws/install/include/rclc_parameter/rclc_parameter.h
-- Installing: /home/jake/Documents/MQP/uros-pico-controller/uros_ws/firmware/mcu_ws/install/include/rclc_parameter/visibility_control.h
-- Installing: /home/jake/Documents/MQP/uros-pico-controller/uros_ws/firmware/mcu_ws/install/share/rclc_parameter/environment/library_path.sh
-- Installing: /home/jake/Documents/MQP/uros-pico-controller/uros_ws/firmware/mcu_ws/install/share/rclc_parameter/environment/library_path.dsv
-- Installing: /home/jake/Documents/MQP/uros-pico-controller/uros_ws/firmware/mcu_ws/install/share/ament_index/resource_index/package_run_dependencies/rclc_parameter
-- Installing: /home/jake/Documents/MQP/uros-pico-controller/uros_ws/firmware/mcu_ws/install/share/ament_index/resource_index/parent_prefix_path/rclc_parameter
-- Installing: /home/jake/Documents/MQP/uros-pico-controller/uros_ws/firmware/mcu_ws/install/share/rclc_parameter/environment/ament_prefix_path.sh
-- Installing: /home/jake/Documents/MQP/uros-pico-controller/uros_ws/firmware/mcu_ws/install/share/rclc_parameter/environment/ament_prefix_path.dsv
-- Installing: /home/jake/Documents/MQP/uros-pico-controller/uros_ws/firmware/mcu_ws/install/share/rclc_parameter/environment/path.sh
-- Installing: /home/jake/Documents/MQP/uros-pico-controller/uros_ws/firmware/mcu_ws/install/share/rclc_parameter/environment/path.dsv
-- Installing: /home/jake/Documents/MQP/uros-pico-controller/uros_ws/firmware/mcu_ws/install/share/rclc_parameter/local_setup.bash
-- Installing: /home/jake/Documents/MQP/uros-pico-controller/uros_ws/firmware/mcu_ws/install/share/rclc_parameter/local_setup.sh
-- Installing: /home/jake/Documents/MQP/uros-pico-controller/uros_ws/firmware/mcu_ws/install/share/rclc_parameter/local_setup.zsh
-- Installing: /home/jake/Documents/MQP/uros-pico-controller/uros_ws/firmware/mcu_ws/install/share/rclc_parameter/local_setup.dsv
-- Installing: /home/jake/Documents/MQP/uros-pico-controller/uros_ws/firmware/mcu_ws/install/share/rclc_parameter/package.dsv
-- Installing: /home/jake/Documents/MQP/uros-pico-controller/uros_ws/firmware/mcu_ws/install/share/ament_index/resource_index/packages/rclc_parameter
-- Installing: /home/jake/Documents/MQP/uros-pico-controller/uros_ws/firmware/mcu_ws/install/share/rclc_parameter/cmake/rclc_parameterExport.cmake
-- Installing: /home/jake/Documents/MQP/uros-pico-controller/uros_ws/firmware/mcu_ws/install/share/rclc_parameter/cmake/rclc_parameterExport-release.cmake
-- Installing: /home/jake/Documents/MQP/uros-pico-controller/uros_ws/firmware/mcu_ws/install/share/rclc_parameter/cmake/ament_cmake_export_include_directories-extras.cmake
-- Installing: /home/jake/Documents/MQP/uros-pico-controller/uros_ws/firmware/mcu_ws/install/share/rclc_parameter/cmake/ament_cmake_export_libraries-extras.cmake
-- Installing: /home/jake/Documents/MQP/uros-pico-controller/uros_ws/firmware/mcu_ws/install/share/rclc_parameter/cmake/ament_cmake_export_targets-extras.cmake
-- Installing: /home/jake/Documents/MQP/uros-pico-controller/uros_ws/firmware/mcu_ws/install/share/rclc_parameter/cmake/ament_cmake_export_dependencies-extras.cmake
-- Installing: /home/jake/Documents/MQP/uros-pico-controller/uros_ws/firmware/mcu_ws/install/share/rclc_parameter/cmake/rclc_parameterConfig.cmake
-- Installing: /home/jake/Documents/MQP/uros-pico-controller/uros_ws/firmware/mcu_ws/install/share/rclc_parameter/cmake/rclc_parameterConfig-version.cmake
-- Installing: /home/jake/Documents/MQP/uros-pico-controller/uros_ws/firmware/mcu_ws/install/share/rclc_parameter/package.xml
