[0.000000] (-) TimerEvent: {}
[0.000350] (micro_ros_setup) JobQueued: {'identifier': 'micro_ros_setup', 'dependencies': OrderedDict()}
[0.000409] (micro_ros_setup) JobStarted: {'identifier': 'micro_ros_setup'}
[0.008972] (micro_ros_setup) JobProgress: {'identifier': 'micro_ros_setup', 'progress': 'cmake'}
[0.009159] (micro_ros_setup) Command: {'cmd': ['/bin/cmake', '/home/jake/Documents/MQP/uros-pico-controller/uros_ws/src/micro_ros_setup', '-DCMAKE_INSTALL_PREFIX=/home/jake/Documents/MQP/uros-pico-controller/uros_ws/install/micro_ros_setup'], 'cwd': '/home/jake/Documents/MQP/uros-pico-controller/uros_ws/build/micro_ros_setup', 'env': OrderedDict([('KDE_FULL_SESSION', 'true'), ('MAIL', '/var/spool/mail/jake'), ('USER', 'jake'), ('PAM_KWALLET5_LOGIN', '/run/user/1000/kwallet5.socket'), ('HOSTNAME', 'oscar'), ('XDG_SESSION_TYPE', 'wayland'), ('CSF_TObjDefaults', '/usr/share/opencascade/resources/StdResource'), ('QT_WAYLAND_RECONNECT', '1'), ('CSF_XCAFDefaults', '/usr/share/opencascade/resources/StdResource'), ('SHLVL', '3'), ('CSF_XSMessage', '/usr/share/opencascade/resources/XSMessage'), ('XDG_CACHE_HOME', '/home/jake/.cache'), ('LD_LIBRARY_PATH', '/opt/ros/humble/opt/rviz_ogre_vendor/lib:/opt/ros/humble/lib/x86_64-linux-gnu:/opt/ros/humble/lib'), ('HOME', '/home/jake'), ('MOTD_SHOWN', 'pam'), ('CSF_TObjMessage', '/usr/share/opencascade/resources/TObj'), ('MMGT_CLEAR', '1'), ('KDE_APPLICATIONS_AS_SCOPE', '1'), ('OLDPWD', '/home/jake/Documents/MQP/uros-pico-controller'), ('LESS', '-R'), ('CSF_ShadersDirectory', '/usr/share/opencascade/resources/Shaders'), ('HG', '/usr/bin/hg'), ('ZSH', '/home/jake/.oh-my-zsh'), ('LSCOLORS', 'Gxfxcxdxbxegedabagacad'), ('CSF_MDTVTexturesDirectory', '/usr/share/opencascade/resources/Textures'), ('GTK_RC_FILES', '/etc/gtk/gtkrc:/home/jake/.gtkrc:/home/jake/.config/gtkrc'), ('KDE_SESSION_VERSION', '6'), ('PAGER', 'less'), ('ROS_PYTHON_VERSION', '3'), ('DRAWHOME', '/usr/share/opencascade/resources/DrawResources'), ('MANAGERPID', '2642'), ('DISTROBOX_ENTER_PATH', '/sbin/distrobox-enter'), ('SYSTEMD_EXEC_PID', '40274'), ('CSF_IGESDefaults', '/usr/share/opencascade/resources/XSTEPResource'), ('DBUS_SESSION_BUS_ADDRESS', 'unix:path=/run/user/1000/bus'), ('XDG_STATE_HOME', '/home/jake/.local/state'), ('container', 'docker'), ('COLORTERM', 'truecolor'), ('CASROOT', '/usr'), ('WAYLAND_DISPLAY', 'wayland-0'), ('XKB_DEFAULT_LAYOUT', 'us'), ('XKB_DEFAULT_OPTIONS', 'terminate:ctrl_alt_bksp'), ('ROS_DISTRO', 'humble'), ('LOGNAME', 'jake'), ('QT_AUTO_SCREEN_SCALE_FACTOR', '0'), ('JOURNAL_STREAM', '8:907038'), ('_', '/bin/colcon'), ('TERMINFO_DIRS', '/usr/share/terminfo:/run/host/usr/share/terminfo'), ('CSF_LANGUAGE', 'us'), ('MEMORY_PRESSURE_WATCH', '/sys/fs/cgroup/user.slice/user-1000.slice/user@1000.service/app.slice/foot-server.service/memory.pressure'), ('XDG_SESSION_CLASS', 'user'), ('ROS_VERSION', '2'), ('TERM', 'foot'), ('XDG_SESSION_ID', '1'), ('ROS_LOCALHOST_ONLY', '0'), ('GTK2_RC_FILES', '/etc/gtk-2.0/gtkrc:/home/jake/.gtkrc-2.0:/home/jake/.config/gtkrc-2.0'), ('PATH', '/opt/ros/humble/bin:/sbin:/bin:/usr/local/sbin:/usr/local/bin:/usr/sbin:/usr/bin:/var/lib/flatpak/exports/bin:/usr/lib/jvm/default/bin:/usr/bin/site_perl:/usr/bin/vendor_perl:/usr/bin/core_perl:/usr/lib/rustup/bin:/usr/local/sbin:/usr/local/bin:/usr/sbin:/usr/bin:/sbin:/bin'), ('SESSION_MANAGER', 'local/oscar:@/tmp/.ICE-unix/2883,unix/oscar:/tmp/.ICE-unix/2883'), ('INVOCATION_ID', '2d4e4872f931445a94560019050d20b1'), ('XDG_MENU_PREFIX', 'plasma-'), ('XKB_DEFAULT_MODEL', 'pc105+inet'), ('XDG_RUNTIME_DIR', '/run/user/1000'), ('ICEAUTHORITY', '/run/user/1000/iceauth_kAtTLg'), ('CSF_XmlOcafResource', '/usr/share/opencascade/resources/XmlOcafResource'), ('DISPLAY', ':0'), ('LANG', 'en_US.UTF-8'), ('XDG_CURRENT_DESKTOP', 'KDE'), ('XDG_SESSION_DESKTOP', 'KDE'), ('XAUTHORITY', '/run/user/1000/xauth_JSXTPY'), ('CSF_StandardDefaults', '/usr/share/opencascade/resources/StdResource'), ('XDG_CONFIG_HOME', '/home/jake/.config'), ('XDG_DATA_HOME', '/home/jake/.local/share'), ('LS_COLORS', ''), ('RAWWAVE_PATH', '/usr/share/stk/rawwaves'), ('CSSTRNGS', '/usr/share/locale'), ('CSF_PluginDefaults', '/usr/share/opencascade/resources/StdResource'), ('AMENT_PREFIX_PATH', '/opt/ros/humble'), ('SHELL', 'fish'), ('CSF_SHMessage', '/usr/share/opencascade/resources/SHMessage'), ('CSF_STEPDefaults', '/usr/share/opencascade/resources/XSTEPResource'), ('CONTAINER_ID', 'ubuntu22'), ('PWD', '/home/jake/Documents/MQP/uros-pico-controller/uros_ws/build/micro_ros_setup'), ('CSF_StandardLiteDefaults', '/usr/share/opencascade/resources/StdResource'), ('OPCODE6DIR', '/usr/lib/csound/plugins64-6.0'), ('CSF_DrawPluginDefaults', '/usr/share/opencascade/resources/DrawResources'), ('CSF_MIGRATION_TYPES', '/usr/share/opencascade/resources/StdResource/MigrationSheet.txt'), ('XDG_DATA_DIRS', '/home/jake/.local/share/flatpak/exports/share:/var/lib/flatpak/exports/share:/usr/local/share/:/usr/share/:/usr/local/share:/usr/share'), ('XDG_CONFIG_DIRS', '/home/jake/.config/kdedefaults:/etc/xdg'), ('PICO_SDK_PATH', '/home/jake/devtools/pico-sdk'), ('CSF_OCCTResourcePath', '/usr/share/opencascade/resources'), ('DRAWDEFAULT', '/usr/share/opencascade/resources/DrawResources/DrawDefault'), ('PYTHONPATH', '/opt/ros/humble/lib/python3.10/site-packages:/opt/ros/humble/local/lib/python3.10/dist-packages'), ('KDE_SESSION_UID', '1000'), ('COLCON', '1'), ('MEMORY_PRESSURE_WRITE', 'c29tZSAyMDAwMDAgMjAwMDAwMAA='), ('CSF_EXCEPTION_PROMPT', '1'), ('CMAKE_PREFIX_PATH', '/opt/ros/humble')]), 'shell': False}
[0.086655] (micro_ros_setup) StdoutLine: {'line': b'-- The C compiler identification is GNU 11.4.0\n'}
[0.099113] (-) TimerEvent: {}
[0.153020] (micro_ros_setup) StdoutLine: {'line': b'-- The CXX compiler identification is GNU 11.4.0\n'}
[0.160114] (micro_ros_setup) StdoutLine: {'line': b'-- Detecting C compiler ABI info\n'}
[0.199312] (-) TimerEvent: {}
[0.223041] (micro_ros_setup) StdoutLine: {'line': b'-- Detecting C compiler ABI info - done\n'}
[0.229775] (micro_ros_setup) StdoutLine: {'line': b'-- Check for working C compiler: /bin/cc - skipped\n'}
[0.230140] (micro_ros_setup) StdoutLine: {'line': b'-- Detecting C compile features\n'}
[0.230686] (micro_ros_setup) StdoutLine: {'line': b'-- Detecting C compile features - done\n'}
[0.233169] (micro_ros_setup) StdoutLine: {'line': b'-- Detecting CXX compiler ABI info\n'}
[0.299408] (-) TimerEvent: {}
[0.302565] (micro_ros_setup) StdoutLine: {'line': b'-- Detecting CXX compiler ABI info - done\n'}
[0.306998] (micro_ros_setup) StdoutLine: {'line': b'-- Check for working CXX compiler: /bin/c++ - skipped\n'}
[0.307078] (micro_ros_setup) StdoutLine: {'line': b'-- Detecting CXX compile features\n'}
[0.307320] (micro_ros_setup) StdoutLine: {'line': b'-- Detecting CXX compile features - done\n'}
[0.309920] (micro_ros_setup) StdoutLine: {'line': b'-- Found ament_cmake: 1.3.10 (/opt/ros/humble/share/ament_cmake/cmake)\n'}
[0.399602] (-) TimerEvent: {}
[0.416116] (micro_ros_setup) StdoutLine: {'line': b'-- Found Python3: /bin/python3 (found version "3.10.12") found components: Interpreter \n'}
[0.468536] (micro_ros_setup) StdoutLine: {'line': b'-- Found ament_lint_auto: 0.12.11 (/opt/ros/humble/share/ament_lint_auto/cmake)\n'}
[0.499786] (-) TimerEvent: {}
[0.522444] (micro_ros_setup) StdoutLine: {'line': b"-- Added test 'copyright' to check source files copyright and LICENSE\n"}
[0.534651] (micro_ros_setup) StdoutLine: {'line': b"-- Added test 'flake8' to check Python code syntax and style conventions\n"}
[0.536385] (micro_ros_setup) StdoutLine: {'line': b"-- Added test 'lint_cmake' to check CMake code style\n"}
[0.537343] (micro_ros_setup) StdoutLine: {'line': b"-- Added test 'pep257' to check Python code against some of the docstring style conventions in PEP 257\n"}
[0.543766] (micro_ros_setup) StdoutLine: {'line': b"-- Added test 'xmllint' to check XML markup files\n"}
[0.544926] (micro_ros_setup) StdoutLine: {'line': b'-- Configuring done\n'}
[0.547166] (micro_ros_setup) StdoutLine: {'line': b'-- Generating done\n'}
[0.547782] (micro_ros_setup) StdoutLine: {'line': b'-- Build files have been written to: /home/jake/Documents/MQP/uros-pico-controller/uros_ws/build/micro_ros_setup\n'}
[0.551115] (micro_ros_setup) CommandEnded: {'returncode': 0}
[0.551390] (micro_ros_setup) JobProgress: {'identifier': 'micro_ros_setup', 'progress': 'build'}
[0.552934] (micro_ros_setup) Command: {'cmd': ['/bin/cmake', '--build', '/home/jake/Documents/MQP/uros-pico-controller/uros_ws/build/micro_ros_setup', '--', '-j16', '-l16'], 'cwd': '/home/jake/Documents/MQP/uros-pico-controller/uros_ws/build/micro_ros_setup', 'env': OrderedDict([('KDE_FULL_SESSION', 'true'), ('MAIL', '/var/spool/mail/jake'), ('USER', 'jake'), ('PAM_KWALLET5_LOGIN', '/run/user/1000/kwallet5.socket'), ('HOSTNAME', 'oscar'), ('XDG_SESSION_TYPE', 'wayland'), ('CSF_TObjDefaults', '/usr/share/opencascade/resources/StdResource'), ('QT_WAYLAND_RECONNECT', '1'), ('CSF_XCAFDefaults', '/usr/share/opencascade/resources/StdResource'), ('SHLVL', '3'), ('CSF_XSMessage', '/usr/share/opencascade/resources/XSMessage'), ('XDG_CACHE_HOME', '/home/jake/.cache'), ('LD_LIBRARY_PATH', '/opt/ros/humble/opt/rviz_ogre_vendor/lib:/opt/ros/humble/lib/x86_64-linux-gnu:/opt/ros/humble/lib'), ('HOME', '/home/jake'), ('MOTD_SHOWN', 'pam'), ('CSF_TObjMessage', '/usr/share/opencascade/resources/TObj'), ('MMGT_CLEAR', '1'), ('KDE_APPLICATIONS_AS_SCOPE', '1'), ('OLDPWD', '/home/jake/Documents/MQP/uros-pico-controller'), ('LESS', '-R'), ('CSF_ShadersDirectory', '/usr/share/opencascade/resources/Shaders'), ('HG', '/usr/bin/hg'), ('ZSH', '/home/jake/.oh-my-zsh'), ('LSCOLORS', 'Gxfxcxdxbxegedabagacad'), ('CSF_MDTVTexturesDirectory', '/usr/share/opencascade/resources/Textures'), ('GTK_RC_FILES', '/etc/gtk/gtkrc:/home/jake/.gtkrc:/home/jake/.config/gtkrc'), ('KDE_SESSION_VERSION', '6'), ('PAGER', 'less'), ('ROS_PYTHON_VERSION', '3'), ('DRAWHOME', '/usr/share/opencascade/resources/DrawResources'), ('MANAGERPID', '2642'), ('DISTROBOX_ENTER_PATH', '/sbin/distrobox-enter'), ('SYSTEMD_EXEC_PID', '40274'), ('CSF_IGESDefaults', '/usr/share/opencascade/resources/XSTEPResource'), ('DBUS_SESSION_BUS_ADDRESS', 'unix:path=/run/user/1000/bus'), ('XDG_STATE_HOME', '/home/jake/.local/state'), ('container', 'docker'), ('COLORTERM', 'truecolor'), ('CASROOT', '/usr'), ('WAYLAND_DISPLAY', 'wayland-0'), ('XKB_DEFAULT_LAYOUT', 'us'), ('XKB_DEFAULT_OPTIONS', 'terminate:ctrl_alt_bksp'), ('ROS_DISTRO', 'humble'), ('LOGNAME', 'jake'), ('QT_AUTO_SCREEN_SCALE_FACTOR', '0'), ('JOURNAL_STREAM', '8:907038'), ('_', '/bin/colcon'), ('TERMINFO_DIRS', '/usr/share/terminfo:/run/host/usr/share/terminfo'), ('CSF_LANGUAGE', 'us'), ('MEMORY_PRESSURE_WATCH', '/sys/fs/cgroup/user.slice/user-1000.slice/user@1000.service/app.slice/foot-server.service/memory.pressure'), ('XDG_SESSION_CLASS', 'user'), ('ROS_VERSION', '2'), ('TERM', 'foot'), ('XDG_SESSION_ID', '1'), ('ROS_LOCALHOST_ONLY', '0'), ('GTK2_RC_FILES', '/etc/gtk-2.0/gtkrc:/home/jake/.gtkrc-2.0:/home/jake/.config/gtkrc-2.0'), ('PATH', '/opt/ros/humble/bin:/sbin:/bin:/usr/local/sbin:/usr/local/bin:/usr/sbin:/usr/bin:/var/lib/flatpak/exports/bin:/usr/lib/jvm/default/bin:/usr/bin/site_perl:/usr/bin/vendor_perl:/usr/bin/core_perl:/usr/lib/rustup/bin:/usr/local/sbin:/usr/local/bin:/usr/sbin:/usr/bin:/sbin:/bin'), ('SESSION_MANAGER', 'local/oscar:@/tmp/.ICE-unix/2883,unix/oscar:/tmp/.ICE-unix/2883'), ('INVOCATION_ID', '2d4e4872f931445a94560019050d20b1'), ('XDG_MENU_PREFIX', 'plasma-'), ('XKB_DEFAULT_MODEL', 'pc105+inet'), ('XDG_RUNTIME_DIR', '/run/user/1000'), ('ICEAUTHORITY', '/run/user/1000/iceauth_kAtTLg'), ('CSF_XmlOcafResource', '/usr/share/opencascade/resources/XmlOcafResource'), ('DISPLAY', ':0'), ('LANG', 'en_US.UTF-8'), ('XDG_CURRENT_DESKTOP', 'KDE'), ('XDG_SESSION_DESKTOP', 'KDE'), ('XAUTHORITY', '/run/user/1000/xauth_JSXTPY'), ('CSF_StandardDefaults', '/usr/share/opencascade/resources/StdResource'), ('XDG_CONFIG_HOME', '/home/jake/.config'), ('XDG_DATA_HOME', '/home/jake/.local/share'), ('LS_COLORS', ''), ('RAWWAVE_PATH', '/usr/share/stk/rawwaves'), ('CSSTRNGS', '/usr/share/locale'), ('CSF_PluginDefaults', '/usr/share/opencascade/resources/StdResource'), ('AMENT_PREFIX_PATH', '/opt/ros/humble'), ('SHELL', 'fish'), ('CSF_SHMessage', '/usr/share/opencascade/resources/SHMessage'), ('CSF_STEPDefaults', '/usr/share/opencascade/resources/XSTEPResource'), ('CONTAINER_ID', 'ubuntu22'), ('PWD', '/home/jake/Documents/MQP/uros-pico-controller/uros_ws/build/micro_ros_setup'), ('CSF_StandardLiteDefaults', '/usr/share/opencascade/resources/StdResource'), ('OPCODE6DIR', '/usr/lib/csound/plugins64-6.0'), ('CSF_DrawPluginDefaults', '/usr/share/opencascade/resources/DrawResources'), ('CSF_MIGRATION_TYPES', '/usr/share/opencascade/resources/StdResource/MigrationSheet.txt'), ('XDG_DATA_DIRS', '/home/jake/.local/share/flatpak/exports/share:/var/lib/flatpak/exports/share:/usr/local/share/:/usr/share/:/usr/local/share:/usr/share'), ('XDG_CONFIG_DIRS', '/home/jake/.config/kdedefaults:/etc/xdg'), ('PICO_SDK_PATH', '/home/jake/devtools/pico-sdk'), ('CSF_OCCTResourcePath', '/usr/share/opencascade/resources'), ('DRAWDEFAULT', '/usr/share/opencascade/resources/DrawResources/DrawDefault'), ('PYTHONPATH', '/opt/ros/humble/lib/python3.10/site-packages:/opt/ros/humble/local/lib/python3.10/dist-packages'), ('KDE_SESSION_UID', '1000'), ('COLCON', '1'), ('MEMORY_PRESSURE_WRITE', 'c29tZSAyMDAwMDAgMjAwMDAwMAA='), ('CSF_EXCEPTION_PROMPT', '1'), ('CMAKE_PREFIX_PATH', '/opt/ros/humble')]), 'shell': False}
[0.586741] (micro_ros_setup) CommandEnded: {'returncode': 0}
[0.599968] (-) TimerEvent: {}
[0.609707] (micro_ros_setup) JobProgress: {'identifier': 'micro_ros_setup', 'progress': 'install'}
[0.618429] (micro_ros_setup) Command: {'cmd': ['/bin/cmake', '--install', '/home/jake/Documents/MQP/uros-pico-controller/uros_ws/build/micro_ros_setup'], 'cwd': '/home/jake/Documents/MQP/uros-pico-controller/uros_ws/build/micro_ros_setup', 'env': OrderedDict([('KDE_FULL_SESSION', 'true'), ('MAIL', '/var/spool/mail/jake'), ('USER', 'jake'), ('PAM_KWALLET5_LOGIN', '/run/user/1000/kwallet5.socket'), ('HOSTNAME', 'oscar'), ('XDG_SESSION_TYPE', 'wayland'), ('CSF_TObjDefaults', '/usr/share/opencascade/resources/StdResource'), ('QT_WAYLAND_RECONNECT', '1'), ('CSF_XCAFDefaults', '/usr/share/opencascade/resources/StdResource'), ('SHLVL', '3'), ('CSF_XSMessage', '/usr/share/opencascade/resources/XSMessage'), ('XDG_CACHE_HOME', '/home/jake/.cache'), ('LD_LIBRARY_PATH', '/opt/ros/humble/opt/rviz_ogre_vendor/lib:/opt/ros/humble/lib/x86_64-linux-gnu:/opt/ros/humble/lib'), ('HOME', '/home/jake'), ('MOTD_SHOWN', 'pam'), ('CSF_TObjMessage', '/usr/share/opencascade/resources/TObj'), ('MMGT_CLEAR', '1'), ('KDE_APPLICATIONS_AS_SCOPE', '1'), ('OLDPWD', '/home/jake/Documents/MQP/uros-pico-controller'), ('LESS', '-R'), ('CSF_ShadersDirectory', '/usr/share/opencascade/resources/Shaders'), ('HG', '/usr/bin/hg'), ('ZSH', '/home/jake/.oh-my-zsh'), ('LSCOLORS', 'Gxfxcxdxbxegedabagacad'), ('CSF_MDTVTexturesDirectory', '/usr/share/opencascade/resources/Textures'), ('GTK_RC_FILES', '/etc/gtk/gtkrc:/home/jake/.gtkrc:/home/jake/.config/gtkrc'), ('KDE_SESSION_VERSION', '6'), ('PAGER', 'less'), ('ROS_PYTHON_VERSION', '3'), ('DRAWHOME', '/usr/share/opencascade/resources/DrawResources'), ('MANAGERPID', '2642'), ('DISTROBOX_ENTER_PATH', '/sbin/distrobox-enter'), ('SYSTEMD_EXEC_PID', '40274'), ('CSF_IGESDefaults', '/usr/share/opencascade/resources/XSTEPResource'), ('DBUS_SESSION_BUS_ADDRESS', 'unix:path=/run/user/1000/bus'), ('XDG_STATE_HOME', '/home/jake/.local/state'), ('container', 'docker'), ('COLORTERM', 'truecolor'), ('CASROOT', '/usr'), ('WAYLAND_DISPLAY', 'wayland-0'), ('XKB_DEFAULT_LAYOUT', 'us'), ('XKB_DEFAULT_OPTIONS', 'terminate:ctrl_alt_bksp'), ('ROS_DISTRO', 'humble'), ('LOGNAME', 'jake'), ('QT_AUTO_SCREEN_SCALE_FACTOR', '0'), ('JOURNAL_STREAM', '8:907038'), ('_', '/bin/colcon'), ('TERMINFO_DIRS', '/usr/share/terminfo:/run/host/usr/share/terminfo'), ('CSF_LANGUAGE', 'us'), ('MEMORY_PRESSURE_WATCH', '/sys/fs/cgroup/user.slice/user-1000.slice/user@1000.service/app.slice/foot-server.service/memory.pressure'), ('XDG_SESSION_CLASS', 'user'), ('ROS_VERSION', '2'), ('TERM', 'foot'), ('XDG_SESSION_ID', '1'), ('ROS_LOCALHOST_ONLY', '0'), ('GTK2_RC_FILES', '/etc/gtk-2.0/gtkrc:/home/jake/.gtkrc-2.0:/home/jake/.config/gtkrc-2.0'), ('PATH', '/opt/ros/humble/bin:/sbin:/bin:/usr/local/sbin:/usr/local/bin:/usr/sbin:/usr/bin:/var/lib/flatpak/exports/bin:/usr/lib/jvm/default/bin:/usr/bin/site_perl:/usr/bin/vendor_perl:/usr/bin/core_perl:/usr/lib/rustup/bin:/usr/local/sbin:/usr/local/bin:/usr/sbin:/usr/bin:/sbin:/bin'), ('SESSION_MANAGER', 'local/oscar:@/tmp/.ICE-unix/2883,unix/oscar:/tmp/.ICE-unix/2883'), ('INVOCATION_ID', '2d4e4872f931445a94560019050d20b1'), ('XDG_MENU_PREFIX', 'plasma-'), ('XKB_DEFAULT_MODEL', 'pc105+inet'), ('XDG_RUNTIME_DIR', '/run/user/1000'), ('ICEAUTHORITY', '/run/user/1000/iceauth_kAtTLg'), ('CSF_XmlOcafResource', '/usr/share/opencascade/resources/XmlOcafResource'), ('DISPLAY', ':0'), ('LANG', 'en_US.UTF-8'), ('XDG_CURRENT_DESKTOP', 'KDE'), ('XDG_SESSION_DESKTOP', 'KDE'), ('XAUTHORITY', '/run/user/1000/xauth_JSXTPY'), ('CSF_StandardDefaults', '/usr/share/opencascade/resources/StdResource'), ('XDG_CONFIG_HOME', '/home/jake/.config'), ('XDG_DATA_HOME', '/home/jake/.local/share'), ('LS_COLORS', ''), ('RAWWAVE_PATH', '/usr/share/stk/rawwaves'), ('CSSTRNGS', '/usr/share/locale'), ('CSF_PluginDefaults', '/usr/share/opencascade/resources/StdResource'), ('AMENT_PREFIX_PATH', '/opt/ros/humble'), ('SHELL', 'fish'), ('CSF_SHMessage', '/usr/share/opencascade/resources/SHMessage'), ('CSF_STEPDefaults', '/usr/share/opencascade/resources/XSTEPResource'), ('CONTAINER_ID', 'ubuntu22'), ('PWD', '/home/jake/Documents/MQP/uros-pico-controller/uros_ws/build/micro_ros_setup'), ('CSF_StandardLiteDefaults', '/usr/share/opencascade/resources/StdResource'), ('OPCODE6DIR', '/usr/lib/csound/plugins64-6.0'), ('CSF_DrawPluginDefaults', '/usr/share/opencascade/resources/DrawResources'), ('CSF_MIGRATION_TYPES', '/usr/share/opencascade/resources/StdResource/MigrationSheet.txt'), ('XDG_DATA_DIRS', '/home/jake/.local/share/flatpak/exports/share:/var/lib/flatpak/exports/share:/usr/local/share/:/usr/share/:/usr/local/share:/usr/share'), ('XDG_CONFIG_DIRS', '/home/jake/.config/kdedefaults:/etc/xdg'), ('PICO_SDK_PATH', '/home/jake/devtools/pico-sdk'), ('CSF_OCCTResourcePath', '/usr/share/opencascade/resources'), ('DRAWDEFAULT', '/usr/share/opencascade/resources/DrawResources/DrawDefault'), ('PYTHONPATH', '/opt/ros/humble/lib/python3.10/site-packages:/opt/ros/humble/local/lib/python3.10/dist-packages'), ('KDE_SESSION_UID', '1000'), ('COLCON', '1'), ('MEMORY_PRESSURE_WRITE', 'c29tZSAyMDAwMDAgMjAwMDAwMAA='), ('CSF_EXCEPTION_PROMPT', '1'), ('CMAKE_PREFIX_PATH', '/opt/ros/humble')]), 'shell': False}
[0.623217] (micro_ros_setup) StdoutLine: {'line': b'-- Install configuration: ""\n'}
[0.623313] (micro_ros_setup) StdoutLine: {'line': b'-- Installing: /home/jake/Documents/MQP/uros-pico-controller/uros_ws/install/micro_ros_setup/share/ament_index/resource_index/package_run_dependencies/micro_ros_setup\n'}
[0.623550] (micro_ros_setup) StdoutLine: {'line': b'-- Installing: /home/jake/Documents/MQP/uros-pico-controller/uros_ws/install/micro_ros_setup/share/ament_index/resource_index/parent_prefix_path/micro_ros_setup\n'}
[0.623666] (micro_ros_setup) StdoutLine: {'line': b'-- Installing: /home/jake/Documents/MQP/uros-pico-controller/uros_ws/install/micro_ros_setup/share/micro_ros_setup/environment/ament_prefix_path.sh\n'}
[0.623721] (micro_ros_setup) StdoutLine: {'line': b'-- Installing: /home/jake/Documents/MQP/uros-pico-controller/uros_ws/install/micro_ros_setup/share/micro_ros_setup/environment/ament_prefix_path.dsv\n'}
[0.623767] (micro_ros_setup) StdoutLine: {'line': b'-- Installing: /home/jake/Documents/MQP/uros-pico-controller/uros_ws/install/micro_ros_setup/share/micro_ros_setup/environment/path.sh\n'}
[0.623806] (micro_ros_setup) StdoutLine: {'line': b'-- Installing: /home/jake/Documents/MQP/uros-pico-controller/uros_ws/install/micro_ros_setup/share/micro_ros_setup/environment/path.dsv\n'}
[0.624007] (micro_ros_setup) StdoutLine: {'line': b'-- Installing: /home/jake/Documents/MQP/uros-pico-controller/uros_ws/install/micro_ros_setup/share/micro_ros_setup/local_setup.bash\n'}
[0.624098] (micro_ros_setup) StdoutLine: {'line': b'-- Installing: /home/jake/Documents/MQP/uros-pico-controller/uros_ws/install/micro_ros_setup/share/micro_ros_setup/local_setup.sh\n'}
[0.624380] (micro_ros_setup) StdoutLine: {'line': b'-- Installing: /home/jake/Documents/MQP/uros-pico-controller/uros_ws/install/micro_ros_setup/share/micro_ros_setup/local_setup.zsh\n'}
[0.624666] (micro_ros_setup) StdoutLine: {'line': b'-- Installing: /home/jake/Documents/MQP/uros-pico-controller/uros_ws/install/micro_ros_setup/share/micro_ros_setup/local_setup.dsv\n'}
[0.624740] (micro_ros_setup) StdoutLine: {'line': b'-- Installing: /home/jake/Documents/MQP/uros-pico-controller/uros_ws/install/micro_ros_setup/share/micro_ros_setup/package.dsv\n'}
[0.624802] (micro_ros_setup) StdoutLine: {'line': b'-- Installing: /home/jake/Documents/MQP/uros-pico-controller/uros_ws/install/micro_ros_setup/share/ament_index/resource_index/packages/micro_ros_setup\n'}
[0.624864] (micro_ros_setup) StdoutLine: {'line': b'-- Installing: /home/jake/Documents/MQP/uros-pico-controller/uros_ws/install/micro_ros_setup/share/micro_ros_setup/cmake/micro_ros_setupConfig.cmake\n'}
[0.624924] (micro_ros_setup) StdoutLine: {'line': b'-- Installing: /home/jake/Documents/MQP/uros-pico-controller/uros_ws/install/micro_ros_setup/share/micro_ros_setup/cmake/micro_ros_setupConfig-version.cmake\n'}
[0.624983] (micro_ros_setup) StdoutLine: {'line': b'-- Installing: /home/jake/Documents/MQP/uros-pico-controller/uros_ws/install/micro_ros_setup/share/micro_ros_setup/package.xml\n'}
[0.625054] (micro_ros_setup) StdoutLine: {'line': b'-- Installing: /home/jake/Documents/MQP/uros-pico-controller/uros_ws/install/micro_ros_setup/./config\n'}
[0.625109] (micro_ros_setup) StdoutLine: {'line': b'-- Installing: /home/jake/Documents/MQP/uros-pico-controller/uros_ws/install/micro_ros_setup/./config/agent_ros2_packages.txt\n'}
[0.625194] (micro_ros_setup) StdoutLine: {'line': b'-- Installing: /home/jake/Documents/MQP/uros-pico-controller/uros_ws/install/micro_ros_setup/./config/agent_uros_packages.repos\n'}
[0.625245] (micro_ros_setup) StdoutLine: {'line': b'-- Installing: /home/jake/Documents/MQP/uros-pico-controller/uros_ws/install/micro_ros_setup/./config/android\n'}
[0.625319] (micro_ros_setup) StdoutLine: {'line': b'-- Installing: /home/jake/Documents/MQP/uros-pico-controller/uros_ws/install/micro_ros_setup/./config/android/dev_ros2_packages.txt\n'}
[0.625359] (micro_ros_setup) StdoutLine: {'line': b'-- Installing: /home/jake/Documents/MQP/uros-pico-controller/uros_ws/install/micro_ros_setup/./config/android/dev_uros_packages.repos\n'}
[0.625421] (micro_ros_setup) StdoutLine: {'line': b'-- Installing: /home/jake/Documents/MQP/uros-pico-controller/uros_ws/install/micro_ros_setup/./config/android/generic\n'}
[0.625478] (micro_ros_setup) StdoutLine: {'line': b'-- Installing: /home/jake/Documents/MQP/uros-pico-controller/uros_ws/install/micro_ros_setup/./config/android/generic/build.sh\n'}
[0.625533] (micro_ros_setup) StdoutLine: {'line': b'-- Installing: /home/jake/Documents/MQP/uros-pico-controller/uros_ws/install/micro_ros_setup/./config/android/generic/client-colcon.meta\n'}
[0.625584] (micro_ros_setup) StdoutLine: {'line': b'-- Installing: /home/jake/Documents/MQP/uros-pico-controller/uros_ws/install/micro_ros_setup/./config/android/generic/client_uros_packages.repos\n'}
[0.625641] (micro_ros_setup) StdoutLine: {'line': b'-- Installing: /home/jake/Documents/MQP/uros-pico-controller/uros_ws/install/micro_ros_setup/./config/android/generic/create.sh\n'}
[0.625708] (micro_ros_setup) StdoutLine: {'line': b'-- Installing: /home/jake/Documents/MQP/uros-pico-controller/uros_ws/install/micro_ros_setup/./config/android/generic/flash.sh\n'}
[0.625749] (micro_ros_setup) StdoutLine: {'line': b'-- Installing: /home/jake/Documents/MQP/uros-pico-controller/uros_ws/install/micro_ros_setup/./config/android/generic/package.xml\n'}
[0.625804] (micro_ros_setup) StdoutLine: {'line': b'-- Installing: /home/jake/Documents/MQP/uros-pico-controller/uros_ws/install/micro_ros_setup/./config/client_ros2_packages.txt\n'}
[0.625859] (micro_ros_setup) StdoutLine: {'line': b'-- Installing: /home/jake/Documents/MQP/uros-pico-controller/uros_ws/install/micro_ros_setup/./config/client_uros_packages.repos\n'}
[0.625929] (micro_ros_setup) StdoutLine: {'line': b'-- Installing: /home/jake/Documents/MQP/uros-pico-controller/uros_ws/install/micro_ros_setup/./config/freertos\n'}
[0.625969] (micro_ros_setup) StdoutLine: {'line': b'-- Installing: /home/jake/Documents/MQP/uros-pico-controller/uros_ws/install/micro_ros_setup/./config/freertos/crazyflie21\n'}
[0.626025] (micro_ros_setup) StdoutLine: {'line': b'-- Installing: /home/jake/Documents/MQP/uros-pico-controller/uros_ws/install/micro_ros_setup/./config/freertos/crazyflie21/board.repos\n'}
[0.626093] (micro_ros_setup) StdoutLine: {'line': b'-- Installing: /home/jake/Documents/MQP/uros-pico-controller/uros_ws/install/micro_ros_setup/./config/freertos/crazyflie21/build.sh\n'}
[0.626133] (micro_ros_setup) StdoutLine: {'line': b'-- Installing: /home/jake/Documents/MQP/uros-pico-controller/uros_ws/install/micro_ros_setup/./config/freertos/crazyflie21/client-colcon.meta\n'}
[0.626190] (micro_ros_setup) StdoutLine: {'line': b'-- Installing: /home/jake/Documents/MQP/uros-pico-controller/uros_ws/install/micro_ros_setup/./config/freertos/crazyflie21/client_uros_packages.repos\n'}
[0.626246] (micro_ros_setup) StdoutLine: {'line': b'-- Installing: /home/jake/Documents/MQP/uros-pico-controller/uros_ws/install/micro_ros_setup/./config/freertos/crazyflie21/configure.sh\n'}
[0.626307] (micro_ros_setup) StdoutLine: {'line': b'-- Installing: /home/jake/Documents/MQP/uros-pico-controller/uros_ws/install/micro_ros_setup/./config/freertos/crazyflie21/create.sh\n'}
[0.626362] (micro_ros_setup) StdoutLine: {'line': b'-- Installing: /home/jake/Documents/MQP/uros-pico-controller/uros_ws/install/micro_ros_setup/./config/freertos/crazyflie21/flash.sh\n'}
[0.626415] (micro_ros_setup) StdoutLine: {'line': b'-- Installing: /home/jake/Documents/MQP/uros-pico-controller/uros_ws/install/micro_ros_setup/./config/freertos/crazyflie21/package.xml\n'}
[0.626465] (micro_ros_setup) StdoutLine: {'line': b'-- Installing: /home/jake/Documents/MQP/uros-pico-controller/uros_ws/install/micro_ros_setup/./config/freertos/dev_ros2_packages.txt\n'}
[0.626515] (micro_ros_setup) StdoutLine: {'line': b'-- Installing: /home/jake/Documents/MQP/uros-pico-controller/uros_ws/install/micro_ros_setup/./config/freertos/dev_uros_packages.repos\n'}
[0.626554] (micro_ros_setup) StdoutLine: {'line': b'-- Installing: /home/jake/Documents/MQP/uros-pico-controller/uros_ws/install/micro_ros_setup/./config/freertos/esp32\n'}
[0.626612] (micro_ros_setup) StdoutLine: {'line': b'-- Installing: /home/jake/Documents/MQP/uros-pico-controller/uros_ws/install/micro_ros_setup/./config/freertos/esp32/README.md\n'}
[0.626683] (micro_ros_setup) StdoutLine: {'line': b'-- Installing: /home/jake/Documents/MQP/uros-pico-controller/uros_ws/install/micro_ros_setup/./config/freertos/esp32/board.repos\n'}
[0.626739] (micro_ros_setup) StdoutLine: {'line': b'-- Installing: /home/jake/Documents/MQP/uros-pico-controller/uros_ws/install/micro_ros_setup/./config/freertos/esp32/build.sh\n'}
[0.626794] (micro_ros_setup) StdoutLine: {'line': b'-- Installing: /home/jake/Documents/MQP/uros-pico-controller/uros_ws/install/micro_ros_setup/./config/freertos/esp32/client-colcon.meta\n'}
[0.626846] (micro_ros_setup) StdoutLine: {'line': b'-- Installing: /home/jake/Documents/MQP/uros-pico-controller/uros_ws/install/micro_ros_setup/./config/freertos/esp32/client_uros_packages.repos\n'}
[0.626897] (micro_ros_setup) StdoutLine: {'line': b'-- Installing: /home/jake/Documents/MQP/uros-pico-controller/uros_ws/install/micro_ros_setup/./config/freertos/esp32/configure.sh\n'}
[0.626951] (micro_ros_setup) StdoutLine: {'line': b'-- Installing: /home/jake/Documents/MQP/uros-pico-controller/uros_ws/install/micro_ros_setup/./config/freertos/esp32/create.sh\n'}
[0.627006] (micro_ros_setup) StdoutLine: {'line': b'-- Installing: /home/jake/Documents/MQP/uros-pico-controller/uros_ws/install/micro_ros_setup/./config/freertos/esp32/flash.sh\n'}
[0.627045] (micro_ros_setup) StdoutLine: {'line': b'-- Installing: /home/jake/Documents/MQP/uros-pico-controller/uros_ws/install/micro_ros_setup/./config/freertos/esp32/package.xml\n'}
[0.627100] (micro_ros_setup) StdoutLine: {'line': b'-- Installing: /home/jake/Documents/MQP/uros-pico-controller/uros_ws/install/micro_ros_setup/./config/freertos/list_apps.sh\n'}
[0.627174] (micro_ros_setup) StdoutLine: {'line': b'-- Installing: /home/jake/Documents/MQP/uros-pico-controller/uros_ws/install/micro_ros_setup/./config/freertos/nucleo_f446re\n'}
[0.627249] (micro_ros_setup) StdoutLine: {'line': b'-- Installing: /home/jake/Documents/MQP/uros-pico-controller/uros_ws/install/micro_ros_setup/./config/freertos/nucleo_f446re/board.repos\n'}
[0.627328] (micro_ros_setup) StdoutLine: {'line': b'-- Installing: /home/jake/Documents/MQP/uros-pico-controller/uros_ws/install/micro_ros_setup/./config/freertos/nucleo_f446re/build.sh\n'}
[0.627381] (micro_ros_setup) StdoutLine: {'line': b'-- Installing: /home/jake/Documents/MQP/uros-pico-controller/uros_ws/install/micro_ros_setup/./config/freertos/nucleo_f446re/client-colcon.meta\n'}
[0.627434] (micro_ros_setup) StdoutLine: {'line': b'-- Installing: /home/jake/Documents/MQP/uros-pico-controller/uros_ws/install/micro_ros_setup/./config/freertos/nucleo_f446re/client_uros_packages.repos\n'}
[0.627473] (micro_ros_setup) StdoutLine: {'line': b'-- Installing: /home/jake/Documents/MQP/uros-pico-controller/uros_ws/install/micro_ros_setup/./config/freertos/nucleo_f446re/configure.sh\n'}
[0.627530] (micro_ros_setup) StdoutLine: {'line': b'-- Installing: /home/jake/Documents/MQP/uros-pico-controller/uros_ws/install/micro_ros_setup/./config/freertos/nucleo_f446re/create.sh\n'}
[0.627587] (micro_ros_setup) StdoutLine: {'line': b'-- Installing: /home/jake/Documents/MQP/uros-pico-controller/uros_ws/install/micro_ros_setup/./config/freertos/nucleo_f446re/flash.sh\n'}
[0.627652] (micro_ros_setup) StdoutLine: {'line': b'-- Installing: /home/jake/Documents/MQP/uros-pico-controller/uros_ws/install/micro_ros_setup/./config/freertos/nucleo_f446re/package.xml\n'}
[0.627715] (micro_ros_setup) StdoutLine: {'line': b'-- Installing: /home/jake/Documents/MQP/uros-pico-controller/uros_ws/install/micro_ros_setup/./config/freertos/nucleo_f446ze\n'}
[0.627773] (micro_ros_setup) StdoutLine: {'line': b'-- Installing: /home/jake/Documents/MQP/uros-pico-controller/uros_ws/install/micro_ros_setup/./config/freertos/nucleo_f446ze/board.repos\n'}
[0.627845] (micro_ros_setup) StdoutLine: {'line': b'-- Installing: /home/jake/Documents/MQP/uros-pico-controller/uros_ws/install/micro_ros_setup/./config/freertos/nucleo_f446ze/build.sh\n'}
[0.627902] (micro_ros_setup) StdoutLine: {'line': b'-- Installing: /home/jake/Documents/MQP/uros-pico-controller/uros_ws/install/micro_ros_setup/./config/freertos/nucleo_f446ze/client-colcon.meta\n'}
[0.627958] (micro_ros_setup) StdoutLine: {'line': b'-- Installing: /home/jake/Documents/MQP/uros-pico-controller/uros_ws/install/micro_ros_setup/./config/freertos/nucleo_f446ze/client_uros_packages.repos\n'}
[0.628014] (micro_ros_setup) StdoutLine: {'line': b'-- Installing: /home/jake/Documents/MQP/uros-pico-controller/uros_ws/install/micro_ros_setup/./config/freertos/nucleo_f446ze/configure.sh\n'}
[0.628070] (micro_ros_setup) StdoutLine: {'line': b'-- Installing: /home/jake/Documents/MQP/uros-pico-controller/uros_ws/install/micro_ros_setup/./config/freertos/nucleo_f446ze/create.sh\n'}
[0.628138] (micro_ros_setup) StdoutLine: {'line': b'-- Installing: /home/jake/Documents/MQP/uros-pico-controller/uros_ws/install/micro_ros_setup/./config/freertos/nucleo_f446ze/flash.sh\n'}
[0.628192] (micro_ros_setup) StdoutLine: {'line': b'-- Installing: /home/jake/Documents/MQP/uros-pico-controller/uros_ws/install/micro_ros_setup/./config/freertos/nucleo_f446ze/package.xml\n'}
[0.628244] (micro_ros_setup) StdoutLine: {'line': b'-- Installing: /home/jake/Documents/MQP/uros-pico-controller/uros_ws/install/micro_ros_setup/./config/freertos/nucleo_f746zg\n'}
[0.628283] (micro_ros_setup) StdoutLine: {'line': b'-- Installing: /home/jake/Documents/MQP/uros-pico-controller/uros_ws/install/micro_ros_setup/./config/freertos/nucleo_f746zg/board.repos\n'}
[0.628338] (micro_ros_setup) StdoutLine: {'line': b'-- Installing: /home/jake/Documents/MQP/uros-pico-controller/uros_ws/install/micro_ros_setup/./config/freertos/nucleo_f746zg/build.sh\n'}
[0.628410] (micro_ros_setup) StdoutLine: {'line': b'-- Installing: /home/jake/Documents/MQP/uros-pico-controller/uros_ws/install/micro_ros_setup/./config/freertos/nucleo_f746zg/client-colcon.meta\n'}
[0.628450] (micro_ros_setup) StdoutLine: {'line': b'-- Installing: /home/jake/Documents/MQP/uros-pico-controller/uros_ws/install/micro_ros_setup/./config/freertos/nucleo_f746zg/client_uros_packages.repos\n'}
[0.628516] (micro_ros_setup) StdoutLine: {'line': b'-- Installing: /home/jake/Documents/MQP/uros-pico-controller/uros_ws/install/micro_ros_setup/./config/freertos/nucleo_f746zg/configure.sh\n'}
[0.628580] (micro_ros_setup) StdoutLine: {'line': b'-- Installing: /home/jake/Documents/MQP/uros-pico-controller/uros_ws/install/micro_ros_setup/./config/freertos/nucleo_f746zg/create.sh\n'}
[0.628632] (micro_ros_setup) StdoutLine: {'line': b'-- Installing: /home/jake/Documents/MQP/uros-pico-controller/uros_ws/install/micro_ros_setup/./config/freertos/nucleo_f746zg/flash.sh\n'}
[0.628689] (micro_ros_setup) StdoutLine: {'line': b'-- Installing: /home/jake/Documents/MQP/uros-pico-controller/uros_ws/install/micro_ros_setup/./config/freertos/nucleo_f746zg/package.xml\n'}
[0.628747] (micro_ros_setup) StdoutLine: {'line': b'-- Installing: /home/jake/Documents/MQP/uros-pico-controller/uros_ws/install/micro_ros_setup/./config/freertos/nucleo_f767zi\n'}
[0.628804] (micro_ros_setup) StdoutLine: {'line': b'-- Installing: /home/jake/Documents/MQP/uros-pico-controller/uros_ws/install/micro_ros_setup/./config/freertos/nucleo_f767zi/board.repos\n'}
[0.628860] (micro_ros_setup) StdoutLine: {'line': b'-- Installing: /home/jake/Documents/MQP/uros-pico-controller/uros_ws/install/micro_ros_setup/./config/freertos/nucleo_f767zi/build.sh\n'}
[0.628932] (micro_ros_setup) StdoutLine: {'line': b'-- Installing: /home/jake/Documents/MQP/uros-pico-controller/uros_ws/install/micro_ros_setup/./config/freertos/nucleo_f767zi/client-colcon.meta\n'}
[0.628972] (micro_ros_setup) StdoutLine: {'line': b'-- Installing: /home/jake/Documents/MQP/uros-pico-controller/uros_ws/install/micro_ros_setup/./config/freertos/nucleo_f767zi/client_uros_packages.repos\n'}
[0.629031] (micro_ros_setup) StdoutLine: {'line': b'-- Installing: /home/jake/Documents/MQP/uros-pico-controller/uros_ws/install/micro_ros_setup/./config/freertos/nucleo_f767zi/configure.sh\n'}
[0.629100] (micro_ros_setup) StdoutLine: {'line': b'-- Installing: /home/jake/Documents/MQP/uros-pico-controller/uros_ws/install/micro_ros_setup/./config/freertos/nucleo_f767zi/create.sh\n'}
[0.629157] (micro_ros_setup) StdoutLine: {'line': b'-- Installing: /home/jake/Documents/MQP/uros-pico-controller/uros_ws/install/micro_ros_setup/./config/freertos/nucleo_f767zi/flash.sh\n'}
[0.629198] (micro_ros_setup) StdoutLine: {'line': b'-- Installing: /home/jake/Documents/MQP/uros-pico-controller/uros_ws/install/micro_ros_setup/./config/freertos/nucleo_f767zi/package.xml\n'}
[0.629256] (micro_ros_setup) StdoutLine: {'line': b'-- Installing: /home/jake/Documents/MQP/uros-pico-controller/uros_ws/install/micro_ros_setup/./config/freertos/olimex-stm32-e407\n'}
[0.629326] (micro_ros_setup) StdoutLine: {'line': b'-- Installing: /home/jake/Documents/MQP/uros-pico-controller/uros_ws/install/micro_ros_setup/./config/freertos/olimex-stm32-e407/board.repos\n'}
[0.629377] (micro_ros_setup) StdoutLine: {'line': b'-- Installing: /home/jake/Documents/MQP/uros-pico-controller/uros_ws/install/micro_ros_setup/./config/freertos/olimex-stm32-e407/build.sh\n'}
[0.629430] (micro_ros_setup) StdoutLine: {'line': b'-- Installing: /home/jake/Documents/MQP/uros-pico-controller/uros_ws/install/micro_ros_setup/./config/freertos/olimex-stm32-e407/client-colcon.meta\n'}
[0.629469] (micro_ros_setup) StdoutLine: {'line': b'-- Installing: /home/jake/Documents/MQP/uros-pico-controller/uros_ws/install/micro_ros_setup/./config/freertos/olimex-stm32-e407/client_uros_packages.repos\n'}
[0.629540] (micro_ros_setup) StdoutLine: {'line': b'-- Installing: /home/jake/Documents/MQP/uros-pico-controller/uros_ws/install/micro_ros_setup/./config/freertos/olimex-stm32-e407/configure.sh\n'}
[0.629597] (micro_ros_setup) StdoutLine: {'line': b'-- Installing: /home/jake/Documents/MQP/uros-pico-controller/uros_ws/install/micro_ros_setup/./config/freertos/olimex-stm32-e407/create.sh\n'}
[0.629638] (micro_ros_setup) StdoutLine: {'line': b'-- Installing: /home/jake/Documents/MQP/uros-pico-controller/uros_ws/install/micro_ros_setup/./config/freertos/olimex-stm32-e407/flash.sh\n'}
[0.629695] (micro_ros_setup) StdoutLine: {'line': b'-- Installing: /home/jake/Documents/MQP/uros-pico-controller/uros_ws/install/micro_ros_setup/./config/freertos/olimex-stm32-e407/package.xml\n'}
[0.629738] (micro_ros_setup) StdoutLine: {'line': b'-- Installing: /home/jake/Documents/MQP/uros-pico-controller/uros_ws/install/micro_ros_setup/./config/generate_lib\n'}
[0.629812] (micro_ros_setup) StdoutLine: {'line': b'-- Installing: /home/jake/Documents/MQP/uros-pico-controller/uros_ws/install/micro_ros_setup/./config/generate_lib/dev_ros2_packages.txt\n'}
[0.629864] (micro_ros_setup) StdoutLine: {'line': b'-- Installing: /home/jake/Documents/MQP/uros-pico-controller/uros_ws/install/micro_ros_setup/./config/generate_lib/dev_uros_packages.repos\n'}
[0.629906] (micro_ros_setup) StdoutLine: {'line': b'-- Installing: /home/jake/Documents/MQP/uros-pico-controller/uros_ws/install/micro_ros_setup/./config/generate_lib/generic\n'}
[0.629978] (micro_ros_setup) StdoutLine: {'line': b'-- Installing: /home/jake/Documents/MQP/uros-pico-controller/uros_ws/install/micro_ros_setup/./config/generate_lib/generic/build.sh\n'}
[0.630034] (micro_ros_setup) StdoutLine: {'line': b'-- Installing: /home/jake/Documents/MQP/uros-pico-controller/uros_ws/install/micro_ros_setup/./config/generate_lib/generic/client-colcon.meta\n'}
[0.630089] (micro_ros_setup) StdoutLine: {'line': b'-- Installing: /home/jake/Documents/MQP/uros-pico-controller/uros_ws/install/micro_ros_setup/./config/generate_lib/generic/client_uros_packages.repos\n'}
[0.630143] (micro_ros_setup) StdoutLine: {'line': b'-- Installing: /home/jake/Documents/MQP/uros-pico-controller/uros_ws/install/micro_ros_setup/./config/generate_lib/generic/create.sh\n'}
[0.630198] (micro_ros_setup) StdoutLine: {'line': b'-- Installing: /home/jake/Documents/MQP/uros-pico-controller/uros_ws/install/micro_ros_setup/./config/generate_lib/generic/demo_toolchain.cmake\n'}
[0.630255] (micro_ros_setup) StdoutLine: {'line': b'-- Installing: /home/jake/Documents/MQP/uros-pico-controller/uros_ws/install/micro_ros_setup/./config/generate_lib/generic/flash.sh\n'}
[0.630311] (micro_ros_setup) StdoutLine: {'line': b'-- Installing: /home/jake/Documents/MQP/uros-pico-controller/uros_ws/install/micro_ros_setup/./config/generate_lib/generic/package.xml\n'}
[0.630368] (micro_ros_setup) StdoutLine: {'line': b'-- Installing: /home/jake/Documents/MQP/uros-pico-controller/uros_ws/install/micro_ros_setup/./config/host\n'}
[0.630426] (micro_ros_setup) StdoutLine: {'line': b'-- Installing: /home/jake/Documents/MQP/uros-pico-controller/uros_ws/install/micro_ros_setup/./config/host/client_ros2_packages.txt\n'}
[0.630482] (micro_ros_setup) StdoutLine: {'line': b'-- Installing: /home/jake/Documents/MQP/uros-pico-controller/uros_ws/install/micro_ros_setup/./config/host/dev_ros2_packages.txt\n'}
[0.630534] (micro_ros_setup) StdoutLine: {'line': b'-- Installing: /home/jake/Documents/MQP/uros-pico-controller/uros_ws/install/micro_ros_setup/./config/host/dev_uros_packages.repos\n'}
[0.630591] (micro_ros_setup) StdoutLine: {'line': b'-- Installing: /home/jake/Documents/MQP/uros-pico-controller/uros_ws/install/micro_ros_setup/./config/host/generic\n'}
[0.630649] (micro_ros_setup) StdoutLine: {'line': b'-- Installing: /home/jake/Documents/MQP/uros-pico-controller/uros_ws/install/micro_ros_setup/./config/host/generic/build.sh\n'}
[0.630717] (micro_ros_setup) StdoutLine: {'line': b'-- Installing: /home/jake/Documents/MQP/uros-pico-controller/uros_ws/install/micro_ros_setup/./config/host/generic/client-host-colcon.meta\n'}
[0.630778] (micro_ros_setup) StdoutLine: {'line': b'-- Installing: /home/jake/Documents/MQP/uros-pico-controller/uros_ws/install/micro_ros_setup/./config/host/generic/client_host_packages.repos\n'}
[0.630818] (micro_ros_setup) StdoutLine: {'line': b'-- Installing: /home/jake/Documents/MQP/uros-pico-controller/uros_ws/install/micro_ros_setup/./config/host/generic/create.sh\n'}
[0.630883] (micro_ros_setup) StdoutLine: {'line': b'-- Installing: /home/jake/Documents/MQP/uros-pico-controller/uros_ws/install/micro_ros_setup/./config/host/generic/flash.sh\n'}
[0.630923] (micro_ros_setup) StdoutLine: {'line': b'-- Installing: /home/jake/Documents/MQP/uros-pico-controller/uros_ws/install/micro_ros_setup/./config/host/generic/package.xml\n'}
[0.630979] (micro_ros_setup) StdoutLine: {'line': b'-- Installing: /home/jake/Documents/MQP/uros-pico-controller/uros_ws/install/micro_ros_setup/./config/mbed\n'}
[0.631036] (micro_ros_setup) StdoutLine: {'line': b'-- Installing: /home/jake/Documents/MQP/uros-pico-controller/uros_ws/install/micro_ros_setup/./config/mbed/dev_ros2_packages.txt\n'}
[0.631093] (micro_ros_setup) StdoutLine: {'line': b'-- Installing: /home/jake/Documents/MQP/uros-pico-controller/uros_ws/install/micro_ros_setup/./config/mbed/dev_uros_packages.repos\n'}
[0.631153] (micro_ros_setup) StdoutLine: {'line': b'-- Installing: /home/jake/Documents/MQP/uros-pico-controller/uros_ws/install/micro_ros_setup/./config/mbed/generic\n'}
[0.631210] (micro_ros_setup) StdoutLine: {'line': b'-- Installing: /home/jake/Documents/MQP/uros-pico-controller/uros_ws/install/micro_ros_setup/./config/mbed/generic/board.repos\n'}
[0.631262] (micro_ros_setup) StdoutLine: {'line': b'-- Installing: /home/jake/Documents/MQP/uros-pico-controller/uros_ws/install/micro_ros_setup/./config/mbed/generic/build.sh\n'}
[0.631318] (micro_ros_setup) StdoutLine: {'line': b'-- Installing: /home/jake/Documents/MQP/uros-pico-controller/uros_ws/install/micro_ros_setup/./config/mbed/generic/client_uros_packages.repos\n'}
[0.631370] (micro_ros_setup) StdoutLine: {'line': b'-- Installing: /home/jake/Documents/MQP/uros-pico-controller/uros_ws/install/micro_ros_setup/./config/mbed/generic/create.sh\n'}
[0.631422] (micro_ros_setup) StdoutLine: {'line': b'-- Installing: /home/jake/Documents/MQP/uros-pico-controller/uros_ws/install/micro_ros_setup/./config/mbed/generic/flash.sh\n'}
[0.631479] (micro_ros_setup) StdoutLine: {'line': b'-- Installing: /home/jake/Documents/MQP/uros-pico-controller/uros_ws/install/micro_ros_setup/./config/mbed/generic/package.xml\n'}
[0.631532] (micro_ros_setup) StdoutLine: {'line': b'-- Installing: /home/jake/Documents/MQP/uros-pico-controller/uros_ws/install/micro_ros_setup/./config/mbed/generic/supported_platforms\n'}
[0.631590] (micro_ros_setup) StdoutLine: {'line': b'-- Installing: /home/jake/Documents/MQP/uros-pico-controller/uros_ws/install/micro_ros_setup/./config/mbed/list_apps.sh\n'}
[0.631646] (micro_ros_setup) StdoutLine: {'line': b'-- Installing: /home/jake/Documents/MQP/uros-pico-controller/uros_ws/install/micro_ros_setup/./config/raspbian\n'}
[0.631703] (micro_ros_setup) StdoutLine: {'line': b'-- Installing: /home/jake/Documents/MQP/uros-pico-controller/uros_ws/install/micro_ros_setup/./config/raspbian/dev_ros2_packages.txt\n'}
[0.631751] (micro_ros_setup) StdoutLine: {'line': b'-- Installing: /home/jake/Documents/MQP/uros-pico-controller/uros_ws/install/micro_ros_setup/./config/raspbian/dev_uros_packages.repos\n'}
[0.631842] (micro_ros_setup) StdoutLine: {'line': b'-- Installing: /home/jake/Documents/MQP/uros-pico-controller/uros_ws/install/micro_ros_setup/./config/raspbian/generic\n'}
[0.631903] (micro_ros_setup) StdoutLine: {'line': b'-- Installing: /home/jake/Documents/MQP/uros-pico-controller/uros_ws/install/micro_ros_setup/./config/raspbian/generic/build.sh\n'}
[0.631961] (micro_ros_setup) StdoutLine: {'line': b'-- Installing: /home/jake/Documents/MQP/uros-pico-controller/uros_ws/install/micro_ros_setup/./config/raspbian/generic/client-colcon.meta\n'}
[0.632024] (micro_ros_setup) StdoutLine: {'line': b'-- Installing: /home/jake/Documents/MQP/uros-pico-controller/uros_ws/install/micro_ros_setup/./config/raspbian/generic/client_uros_packages.repos\n'}
[0.632066] (micro_ros_setup) StdoutLine: {'line': b'-- Installing: /home/jake/Documents/MQP/uros-pico-controller/uros_ws/install/micro_ros_setup/./config/raspbian/generic/configure.sh\n'}
[0.632136] (micro_ros_setup) StdoutLine: {'line': b'-- Installing: /home/jake/Documents/MQP/uros-pico-controller/uros_ws/install/micro_ros_setup/./config/raspbian/generic/create.sh\n'}
[0.632189] (micro_ros_setup) StdoutLine: {'line': b'-- Installing: /home/jake/Documents/MQP/uros-pico-controller/uros_ws/install/micro_ros_setup/./config/raspbian/generic/flash.sh\n'}
[0.632246] (micro_ros_setup) StdoutLine: {'line': b'-- Installing: /home/jake/Documents/MQP/uros-pico-controller/uros_ws/install/micro_ros_setup/./config/raspbian/generic/supported_platforms\n'}
[0.632299] (micro_ros_setup) StdoutLine: {'line': b'-- Installing: /home/jake/Documents/MQP/uros-pico-controller/uros_ws/install/micro_ros_setup/./config/renesas_ra\n'}
[0.632352] (micro_ros_setup) StdoutLine: {'line': b'-- Installing: /home/jake/Documents/MQP/uros-pico-controller/uros_ws/install/micro_ros_setup/./config/renesas_ra/dev_ros2_packages.txt\n'}
[0.632407] (micro_ros_setup) StdoutLine: {'line': b'-- Installing: /home/jake/Documents/MQP/uros-pico-controller/uros_ws/install/micro_ros_setup/./config/renesas_ra/dev_uros_packages.repos\n'}
[0.632464] (micro_ros_setup) StdoutLine: {'line': b'-- Installing: /home/jake/Documents/MQP/uros-pico-controller/uros_ws/install/micro_ros_setup/./config/renesas_ra/list_apps.sh\n'}
[0.632517] (micro_ros_setup) StdoutLine: {'line': b'-- Installing: /home/jake/Documents/MQP/uros-pico-controller/uros_ws/install/micro_ros_setup/./config/renesas_ra/ra6m5\n'}
[0.632557] (micro_ros_setup) StdoutLine: {'line': b'-- Installing: /home/jake/Documents/MQP/uros-pico-controller/uros_ws/install/micro_ros_setup/./config/renesas_ra/ra6m5/board.repos\n'}
[0.632614] (micro_ros_setup) StdoutLine: {'line': b'-- Installing: /home/jake/Documents/MQP/uros-pico-controller/uros_ws/install/micro_ros_setup/./config/renesas_ra/ra6m5/build.sh\n'}
[0.632671] (micro_ros_setup) StdoutLine: {'line': b'-- Installing: /home/jake/Documents/MQP/uros-pico-controller/uros_ws/install/micro_ros_setup/./config/renesas_ra/ra6m5/client-colcon.meta\n'}
[0.632729] (micro_ros_setup) StdoutLine: {'line': b'-- Installing: /home/jake/Documents/MQP/uros-pico-controller/uros_ws/install/micro_ros_setup/./config/renesas_ra/ra6m5/client_uros_packages.repos\n'}
[0.632786] (micro_ros_setup) StdoutLine: {'line': b'-- Installing: /home/jake/Documents/MQP/uros-pico-controller/uros_ws/install/micro_ros_setup/./config/renesas_ra/ra6m5/configure.sh\n'}
[0.632860] (micro_ros_setup) StdoutLine: {'line': b'-- Installing: /home/jake/Documents/MQP/uros-pico-controller/uros_ws/install/micro_ros_setup/./config/renesas_ra/ra6m5/create.sh\n'}
[0.632913] (micro_ros_setup) StdoutLine: {'line': b'-- Installing: /home/jake/Documents/MQP/uros-pico-controller/uros_ws/install/micro_ros_setup/./config/renesas_ra/ra6m5/flash.sh\n'}
[0.632968] (micro_ros_setup) StdoutLine: {'line': b'-- Installing: /home/jake/Documents/MQP/uros-pico-controller/uros_ws/install/micro_ros_setup/./config/utils.sh\n'}
[0.633007] (micro_ros_setup) StdoutLine: {'line': b'-- Installing: /home/jake/Documents/MQP/uros-pico-controller/uros_ws/install/micro_ros_setup/./config/zephyr\n'}
[0.633065] (micro_ros_setup) StdoutLine: {'line': b'-- Installing: /home/jake/Documents/MQP/uros-pico-controller/uros_ws/install/micro_ros_setup/./config/zephyr/dev_ros2_packages.txt\n'}
[0.633124] (micro_ros_setup) StdoutLine: {'line': b'-- Installing: /home/jake/Documents/MQP/uros-pico-controller/uros_ws/install/micro_ros_setup/./config/zephyr/dev_uros_packages.repos\n'}
[0.633182] (micro_ros_setup) StdoutLine: {'line': b'-- Installing: /home/jake/Documents/MQP/uros-pico-controller/uros_ws/install/micro_ros_setup/./config/zephyr/generic\n'}
[0.633239] (micro_ros_setup) StdoutLine: {'line': b'-- Installing: /home/jake/Documents/MQP/uros-pico-controller/uros_ws/install/micro_ros_setup/./config/zephyr/generic/board.repos\n'}
[0.633310] (micro_ros_setup) StdoutLine: {'line': b'-- Installing: /home/jake/Documents/MQP/uros-pico-controller/uros_ws/install/micro_ros_setup/./config/zephyr/generic/build.sh\n'}
[0.633366] (micro_ros_setup) StdoutLine: {'line': b'-- Installing: /home/jake/Documents/MQP/uros-pico-controller/uros_ws/install/micro_ros_setup/./config/zephyr/generic/client-colcon.meta\n'}
[0.633404] (micro_ros_setup) StdoutLine: {'line': b'-- Installing: /home/jake/Documents/MQP/uros-pico-controller/uros_ws/install/micro_ros_setup/./config/zephyr/generic/client_uros_packages.repos\n'}
[0.633443] (micro_ros_setup) StdoutLine: {'line': b'-- Installing: /home/jake/Documents/MQP/uros-pico-controller/uros_ws/install/micro_ros_setup/./config/zephyr/generic/configure.sh\n'}
[0.633498] (micro_ros_setup) StdoutLine: {'line': b'-- Installing: /home/jake/Documents/MQP/uros-pico-controller/uros_ws/install/micro_ros_setup/./config/zephyr/generic/create.sh\n'}
[0.633537] (micro_ros_setup) StdoutLine: {'line': b'-- Installing: /home/jake/Documents/MQP/uros-pico-controller/uros_ws/install/micro_ros_setup/./config/zephyr/generic/flash.sh\n'}
[0.633592] (micro_ros_setup) StdoutLine: {'line': b'-- Installing: /home/jake/Documents/MQP/uros-pico-controller/uros_ws/install/micro_ros_setup/./config/zephyr/generic/package.xml\n'}
[0.633648] (micro_ros_setup) StdoutLine: {'line': b'-- Installing: /home/jake/Documents/MQP/uros-pico-controller/uros_ws/install/micro_ros_setup/./config/zephyr/generic/supported_platforms\n'}
[0.633700] (micro_ros_setup) StdoutLine: {'line': b'-- Installing: /home/jake/Documents/MQP/uros-pico-controller/uros_ws/install/micro_ros_setup/./config/zephyr/list_apps.sh\n'}
[0.633757] (micro_ros_setup) StdoutLine: {'line': b'-- Installing: /home/jake/Documents/MQP/uros-pico-controller/uros_ws/install/micro_ros_setup/lib/micro_ros_setup/create_ws.sh\n'}
[0.633810] (micro_ros_setup) StdoutLine: {'line': b'-- Installing: /home/jake/Documents/MQP/uros-pico-controller/uros_ws/install/micro_ros_setup/lib/micro_ros_setup/create_agent_ws.sh\n'}
[0.633851] (micro_ros_setup) StdoutLine: {'line': b'-- Installing: /home/jake/Documents/MQP/uros-pico-controller/uros_ws/install/micro_ros_setup/lib/micro_ros_setup/create_firmware_ws.sh\n'}
[0.633910] (micro_ros_setup) StdoutLine: {'line': b'-- Installing: /home/jake/Documents/MQP/uros-pico-controller/uros_ws/install/micro_ros_setup/lib/micro_ros_setup/configure_firmware.sh\n'}
[0.633983] (micro_ros_setup) StdoutLine: {'line': b'-- Installing: /home/jake/Documents/MQP/uros-pico-controller/uros_ws/install/micro_ros_setup/lib/micro_ros_setup/flash_firmware.sh\n'}
[0.634038] (micro_ros_setup) StdoutLine: {'line': b'-- Installing: /home/jake/Documents/MQP/uros-pico-controller/uros_ws/install/micro_ros_setup/lib/micro_ros_setup/build_firmware.sh\n'}
[0.634082] (micro_ros_setup) StdoutLine: {'line': b'-- Installing: /home/jake/Documents/MQP/uros-pico-controller/uros_ws/install/micro_ros_setup/lib/micro_ros_setup/build_agent.sh\n'}
[0.634122] (micro_ros_setup) StdoutLine: {'line': b'-- Installing: /home/jake/Documents/MQP/uros-pico-controller/uros_ws/install/micro_ros_setup/lib/micro_ros_setup/yaml_filter.py\n'}
[0.634164] (micro_ros_setup) StdoutLine: {'line': b'-- Installing: /home/jake/Documents/MQP/uros-pico-controller/uros_ws/install/micro_ros_setup/lib/micro_ros_setup/clean_env.sh\n'}
[0.634203] (micro_ros_setup) StdoutLine: {'line': b'-- Installing: /home/jake/Documents/MQP/uros-pico-controller/uros_ws/install/micro_ros_setup/lib/micro_ros_setup/component\n'}
[0.635669] (micro_ros_setup) CommandEnded: {'returncode': 0}
[0.673356] (micro_ros_setup) JobEnded: {'identifier': 'micro_ros_setup', 'rc': 0}
[0.674110] (-) EventReactorShutdown: {}
