[0.735s] Invoking command in '/home/jake/Documents/MQP/uros-pico-controller/uros_ws/firmware/mcu_ws/uros/tracetools/tracetools_launch': AMENT_PREFIX_PATH=/home/jake/Documents/MQP/uros-pico-controller/uros_ws/firmware/mcu_ws/install:${AMENT_PREFIX_PATH} CMAKE_PREFIX_PATH=/home/jake/Documents/MQP/uros-pico-controller/uros_ws/firmware/mcu_ws/install:${CMAKE_PREFIX_PATH} PATH=/home/jake/Documents/MQP/uros-pico-controller/uros_ws/firmware/mcu_ws/install/bin:${PATH} PYTHONPATH=/home/jake/Documents/MQP/uros-pico-controller/uros_ws/firmware/mcu_ws/build/tracetools_launch/prefix_override:/usr/lib/python3/dist-packages/colcon_core/task/python/colcon_distutils_commands:/home/jake/Documents/MQP/uros-pico-controller/uros_ws/firmware/mcu_ws/install/lib/python3.10/site-packages:/home/jake/Documents/MQP/uros-pico-controller/uros_ws/firmware/mcu_ws/install/lib/python3.10/site-packages:${PYTHONPATH} /usr/bin/python3 -W ignore:setup.py install is deprecated setup.py egg_info --egg-base ../../../build/tracetools_launch build --build-base /home/jake/Documents/MQP/uros-pico-controller/uros_ws/firmware/mcu_ws/build/tracetools_launch/build install --record /home/jake/Documents/MQP/uros-pico-controller/uros_ws/firmware/mcu_ws/build/tracetools_launch/install.log --single-version-externally-managed install_data
[0.950s] running egg_info
[0.956s] creating ../../../build/tracetools_launch/tracetools_launch.egg-info
[0.956s] writing ../../../build/tracetools_launch/tracetools_launch.egg-info/PKG-INFO
[0.956s] writing dependency_links to ../../../build/tracetools_launch/tracetools_launch.egg-info/dependency_links.txt
[0.956s] writing entry points to ../../../build/tracetools_launch/tracetools_launch.egg-info/entry_points.txt
[0.956s] writing requirements to ../../../build/tracetools_launch/tracetools_launch.egg-info/requires.txt
[0.956s] writing top-level names to ../../../build/tracetools_launch/tracetools_launch.egg-info/top_level.txt
[0.957s] writing manifest file '../../../build/tracetools_launch/tracetools_launch.egg-info/SOURCES.txt'
[0.961s] reading manifest file '../../../build/tracetools_launch/tracetools_launch.egg-info/SOURCES.txt'
[0.963s] writing manifest file '../../../build/tracetools_launch/tracetools_launch.egg-info/SOURCES.txt'
[0.963s] running build
[0.963s] running build_py
[0.963s] creating /home/jake/Documents/MQP/uros-pico-controller/uros_ws/firmware/mcu_ws/build/tracetools_launch/build
[0.963s] creating /home/jake/Documents/MQP/uros-pico-controller/uros_ws/firmware/mcu_ws/build/tracetools_launch/build/lib
[0.963s] creating /home/jake/Documents/MQP/uros-pico-controller/uros_ws/firmware/mcu_ws/build/tracetools_launch/build/lib/tracetools_launch
[0.968s] copying tracetools_launch/__init__.py -> /home/jake/Documents/MQP/uros-pico-controller/uros_ws/firmware/mcu_ws/build/tracetools_launch/build/lib/tracetools_launch
[0.968s] copying tracetools_launch/action.py -> /home/jake/Documents/MQP/uros-pico-controller/uros_ws/firmware/mcu_ws/build/tracetools_launch/build/lib/tracetools_launch
[0.968s] creating /home/jake/Documents/MQP/uros-pico-controller/uros_ws/firmware/mcu_ws/build/tracetools_launch/build/lib/tracetools_launch/actions
[0.968s] copying tracetools_launch/actions/__init__.py -> /home/jake/Documents/MQP/uros-pico-controller/uros_ws/firmware/mcu_ws/build/tracetools_launch/build/lib/tracetools_launch/actions
[0.968s] copying tracetools_launch/actions/ld_preload.py -> /home/jake/Documents/MQP/uros-pico-controller/uros_ws/firmware/mcu_ws/build/tracetools_launch/build/lib/tracetools_launch/actions
[0.969s] running install
[0.969s] running install_lib
[0.971s] creating /home/jake/Documents/MQP/uros-pico-controller/uros_ws/firmware/mcu_ws/install/lib/python3.10/site-packages/tracetools_launch
[0.971s] copying /home/jake/Documents/MQP/uros-pico-controller/uros_ws/firmware/mcu_ws/build/tracetools_launch/build/lib/tracetools_launch/__init__.py -> /home/jake/Documents/MQP/uros-pico-controller/uros_ws/firmware/mcu_ws/install/lib/python3.10/site-packages/tracetools_launch
[0.971s] copying /home/jake/Documents/MQP/uros-pico-controller/uros_ws/firmware/mcu_ws/build/tracetools_launch/build/lib/tracetools_launch/action.py -> /home/jake/Documents/MQP/uros-pico-controller/uros_ws/firmware/mcu_ws/install/lib/python3.10/site-packages/tracetools_launch
[0.978s] creating /home/jake/Documents/MQP/uros-pico-controller/uros_ws/firmware/mcu_ws/install/lib/python3.10/site-packages/tracetools_launch/actions
[0.979s] copying /home/jake/Documents/MQP/uros-pico-controller/uros_ws/firmware/mcu_ws/build/tracetools_launch/build/lib/tracetools_launch/actions/__init__.py -> /home/jake/Documents/MQP/uros-pico-controller/uros_ws/firmware/mcu_ws/install/lib/python3.10/site-packages/tracetools_launch/actions
[0.979s] copying /home/jake/Documents/MQP/uros-pico-controller/uros_ws/firmware/mcu_ws/build/tracetools_launch/build/lib/tracetools_launch/actions/ld_preload.py -> /home/jake/Documents/MQP/uros-pico-controller/uros_ws/firmware/mcu_ws/install/lib/python3.10/site-packages/tracetools_launch/actions
[0.979s] byte-compiling /home/jake/Documents/MQP/uros-pico-controller/uros_ws/firmware/mcu_ws/install/lib/python3.10/site-packages/tracetools_launch/__init__.py to __init__.cpython-310.pyc
[0.979s] byte-compiling /home/jake/Documents/MQP/uros-pico-controller/uros_ws/firmware/mcu_ws/install/lib/python3.10/site-packages/tracetools_launch/action.py to action.cpython-310.pyc
[0.985s] byte-compiling /home/jake/Documents/MQP/uros-pico-controller/uros_ws/firmware/mcu_ws/install/lib/python3.10/site-packages/tracetools_launch/actions/__init__.py to __init__.cpython-310.pyc
[0.985s] byte-compiling /home/jake/Documents/MQP/uros-pico-controller/uros_ws/firmware/mcu_ws/install/lib/python3.10/site-packages/tracetools_launch/actions/ld_preload.py to ld_preload.cpython-310.pyc
[0.985s] running install_data
[0.991s] copying package.xml -> /home/jake/Documents/MQP/uros-pico-controller/uros_ws/firmware/mcu_ws/install/share/tracetools_launch
[0.991s] creating /home/jake/Documents/MQP/uros-pico-controller/uros_ws/firmware/mcu_ws/install/share/tracetools_launch/launch
[0.992s] copying launch/example.launch.py -> /home/jake/Documents/MQP/uros-pico-controller/uros_ws/firmware/mcu_ws/install/share/tracetools_launch/launch
[0.992s] copying launch/example.launch.xml -> /home/jake/Documents/MQP/uros-pico-controller/uros_ws/firmware/mcu_ws/install/share/tracetools_launch/launch
[0.995s] copying launch/example.launch.yaml -> /home/jake/Documents/MQP/uros-pico-controller/uros_ws/firmware/mcu_ws/install/share/tracetools_launch/launch
[0.995s] copying resource/tracetools_launch -> /home/jake/Documents/MQP/uros-pico-controller/uros_ws/firmware/mcu_ws/install/share/ament_index/resource_index/packages
[0.995s] running install_egg_info
[0.995s] Copying ../../../build/tracetools_launch/tracetools_launch.egg-info to /home/jake/Documents/MQP/uros-pico-controller/uros_ws/firmware/mcu_ws/install/lib/python3.10/site-packages/tracetools_launch-4.1.1-py3.10.egg-info
[1.000s] running install_scripts
[1.043s] writing list of installed files to '/home/jake/Documents/MQP/uros-pico-controller/uros_ws/firmware/mcu_ws/build/tracetools_launch/install.log'
[1.091s] Invoked command in '/home/jake/Documents/MQP/uros-pico-controller/uros_ws/firmware/mcu_ws/uros/tracetools/tracetools_launch' returned '0': AMENT_PREFIX_PATH=/home/jake/Documents/MQP/uros-pico-controller/uros_ws/firmware/mcu_ws/install:${AMENT_PREFIX_PATH} CMAKE_PREFIX_PATH=/home/jake/Documents/MQP/uros-pico-controller/uros_ws/firmware/mcu_ws/install:${CMAKE_PREFIX_PATH} PATH=/home/jake/Documents/MQP/uros-pico-controller/uros_ws/firmware/mcu_ws/install/bin:${PATH} PYTHONPATH=/home/jake/Documents/MQP/uros-pico-controller/uros_ws/firmware/mcu_ws/build/tracetools_launch/prefix_override:/usr/lib/python3/dist-packages/colcon_core/task/python/colcon_distutils_commands:/home/jake/Documents/MQP/uros-pico-controller/uros_ws/firmware/mcu_ws/install/lib/python3.10/site-packages:/home/jake/Documents/MQP/uros-pico-controller/uros_ws/firmware/mcu_ws/install/lib/python3.10/site-packages:${PYTHONPATH} /usr/bin/python3 -W ignore:setup.py install is deprecated setup.py egg_info --egg-base ../../../build/tracetools_launch build --build-base /home/jake/Documents/MQP/uros-pico-controller/uros_ws/firmware/mcu_ws/build/tracetools_launch/build install --record /home/jake/Documents/MQP/uros-pico-controller/uros_ws/firmware/mcu_ws/build/tracetools_launch/install.log --single-version-externally-managed install_data
