[1.169s] Invoking command in '/home/jake/Documents/MQP/uros-pico-controller/uros_ws/firmware/mcu_ws/ros2/rosidl/rosidl_cli': PYTHONPATH=/home/jake/Documents/MQP/uros-pico-controller/uros_ws/firmware/mcu_ws/build/rosidl_cli/prefix_override:/usr/lib/python3/dist-packages/colcon_core/task/python/colcon_distutils_commands:/home/jake/Documents/MQP/uros-pico-controller/uros_ws/firmware/mcu_ws/install/lib/python3.10/site-packages:${PYTHONPATH} /usr/bin/python3 -W ignore:setup.py install is deprecated setup.py egg_info --egg-base ../../../build/rosidl_cli build --build-base /home/jake/Documents/MQP/uros-pico-controller/uros_ws/firmware/mcu_ws/build/rosidl_cli/build install --record /home/jake/Documents/MQP/uros-pico-controller/uros_ws/firmware/mcu_ws/build/rosidl_cli/install.log --single-version-externally-managed install_data
[1.398s] running egg_info
[1.398s] creating ../../../build/rosidl_cli/rosidl_cli.egg-info
[1.399s] writing ../../../build/rosidl_cli/rosidl_cli.egg-info/PKG-INFO
[1.399s] writing dependency_links to ../../../build/rosidl_cli/rosidl_cli.egg-info/dependency_links.txt
[1.399s] writing entry points to ../../../build/rosidl_cli/rosidl_cli.egg-info/entry_points.txt
[1.399s] writing requirements to ../../../build/rosidl_cli/rosidl_cli.egg-info/requires.txt
[1.399s] writing top-level names to ../../../build/rosidl_cli/rosidl_cli.egg-info/top_level.txt
[1.399s] writing manifest file '../../../build/rosidl_cli/rosidl_cli.egg-info/SOURCES.txt'
[1.401s] reading manifest file '../../../build/rosidl_cli/rosidl_cli.egg-info/SOURCES.txt'
[1.402s] writing manifest file '../../../build/rosidl_cli/rosidl_cli.egg-info/SOURCES.txt'
[1.402s] running build
[1.402s] running build_py
[1.403s] creating /home/jake/Documents/MQP/uros-pico-controller/uros_ws/firmware/mcu_ws/build/rosidl_cli/build
[1.403s] creating /home/jake/Documents/MQP/uros-pico-controller/uros_ws/firmware/mcu_ws/build/rosidl_cli/build/lib
[1.403s] creating /home/jake/Documents/MQP/uros-pico-controller/uros_ws/firmware/mcu_ws/build/rosidl_cli/build/lib/rosidl_cli
[1.403s] copying rosidl_cli/__init__.py -> /home/jake/Documents/MQP/uros-pico-controller/uros_ws/firmware/mcu_ws/build/rosidl_cli/build/lib/rosidl_cli
[1.403s] copying rosidl_cli/cli.py -> /home/jake/Documents/MQP/uros-pico-controller/uros_ws/firmware/mcu_ws/build/rosidl_cli/build/lib/rosidl_cli
[1.403s] copying rosidl_cli/common.py -> /home/jake/Documents/MQP/uros-pico-controller/uros_ws/firmware/mcu_ws/build/rosidl_cli/build/lib/rosidl_cli
[1.404s] copying rosidl_cli/entry_points.py -> /home/jake/Documents/MQP/uros-pico-controller/uros_ws/firmware/mcu_ws/build/rosidl_cli/build/lib/rosidl_cli
[1.404s] copying rosidl_cli/extensions.py -> /home/jake/Documents/MQP/uros-pico-controller/uros_ws/firmware/mcu_ws/build/rosidl_cli/build/lib/rosidl_cli
[1.404s] creating /home/jake/Documents/MQP/uros-pico-controller/uros_ws/firmware/mcu_ws/build/rosidl_cli/build/lib/rosidl_cli/command
[1.404s] copying rosidl_cli/command/__init__.py -> /home/jake/Documents/MQP/uros-pico-controller/uros_ws/firmware/mcu_ws/build/rosidl_cli/build/lib/rosidl_cli/command
[1.404s] copying rosidl_cli/command/helpers.py -> /home/jake/Documents/MQP/uros-pico-controller/uros_ws/firmware/mcu_ws/build/rosidl_cli/build/lib/rosidl_cli/command
[1.404s] creating /home/jake/Documents/MQP/uros-pico-controller/uros_ws/firmware/mcu_ws/build/rosidl_cli/build/lib/rosidl_cli/command/generate
[1.405s] copying rosidl_cli/command/generate/__init__.py -> /home/jake/Documents/MQP/uros-pico-controller/uros_ws/firmware/mcu_ws/build/rosidl_cli/build/lib/rosidl_cli/command/generate
[1.405s] copying rosidl_cli/command/generate/api.py -> /home/jake/Documents/MQP/uros-pico-controller/uros_ws/firmware/mcu_ws/build/rosidl_cli/build/lib/rosidl_cli/command/generate
[1.405s] copying rosidl_cli/command/generate/extensions.py -> /home/jake/Documents/MQP/uros-pico-controller/uros_ws/firmware/mcu_ws/build/rosidl_cli/build/lib/rosidl_cli/command/generate
[1.405s] creating /home/jake/Documents/MQP/uros-pico-controller/uros_ws/firmware/mcu_ws/build/rosidl_cli/build/lib/rosidl_cli/command/translate
[1.405s] copying rosidl_cli/command/translate/__init__.py -> /home/jake/Documents/MQP/uros-pico-controller/uros_ws/firmware/mcu_ws/build/rosidl_cli/build/lib/rosidl_cli/command/translate
[1.405s] copying rosidl_cli/command/translate/api.py -> /home/jake/Documents/MQP/uros-pico-controller/uros_ws/firmware/mcu_ws/build/rosidl_cli/build/lib/rosidl_cli/command/translate
[1.406s] copying rosidl_cli/command/translate/extensions.py -> /home/jake/Documents/MQP/uros-pico-controller/uros_ws/firmware/mcu_ws/build/rosidl_cli/build/lib/rosidl_cli/command/translate
[1.406s] running install
[1.406s] running install_lib
[1.406s] creating /home/jake/Documents/MQP/uros-pico-controller/uros_ws/firmware/mcu_ws/install/lib/python3.10/site-packages/rosidl_cli
[1.406s] copying /home/jake/Documents/MQP/uros-pico-controller/uros_ws/firmware/mcu_ws/build/rosidl_cli/build/lib/rosidl_cli/__init__.py -> /home/jake/Documents/MQP/uros-pico-controller/uros_ws/firmware/mcu_ws/install/lib/python3.10/site-packages/rosidl_cli
[1.407s] copying /home/jake/Documents/MQP/uros-pico-controller/uros_ws/firmware/mcu_ws/build/rosidl_cli/build/lib/rosidl_cli/cli.py -> /home/jake/Documents/MQP/uros-pico-controller/uros_ws/firmware/mcu_ws/install/lib/python3.10/site-packages/rosidl_cli
[1.407s] copying /home/jake/Documents/MQP/uros-pico-controller/uros_ws/firmware/mcu_ws/build/rosidl_cli/build/lib/rosidl_cli/common.py -> /home/jake/Documents/MQP/uros-pico-controller/uros_ws/firmware/mcu_ws/install/lib/python3.10/site-packages/rosidl_cli
[1.407s] copying /home/jake/Documents/MQP/uros-pico-controller/uros_ws/firmware/mcu_ws/build/rosidl_cli/build/lib/rosidl_cli/entry_points.py -> /home/jake/Documents/MQP/uros-pico-controller/uros_ws/firmware/mcu_ws/install/lib/python3.10/site-packages/rosidl_cli
[1.407s] copying /home/jake/Documents/MQP/uros-pico-controller/uros_ws/firmware/mcu_ws/build/rosidl_cli/build/lib/rosidl_cli/extensions.py -> /home/jake/Documents/MQP/uros-pico-controller/uros_ws/firmware/mcu_ws/install/lib/python3.10/site-packages/rosidl_cli
[1.407s] creating /home/jake/Documents/MQP/uros-pico-controller/uros_ws/firmware/mcu_ws/install/lib/python3.10/site-packages/rosidl_cli/command
[1.407s] copying /home/jake/Documents/MQP/uros-pico-controller/uros_ws/firmware/mcu_ws/build/rosidl_cli/build/lib/rosidl_cli/command/__init__.py -> /home/jake/Documents/MQP/uros-pico-controller/uros_ws/firmware/mcu_ws/install/lib/python3.10/site-packages/rosidl_cli/command
[1.407s] copying /home/jake/Documents/MQP/uros-pico-controller/uros_ws/firmware/mcu_ws/build/rosidl_cli/build/lib/rosidl_cli/command/helpers.py -> /home/jake/Documents/MQP/uros-pico-controller/uros_ws/firmware/mcu_ws/install/lib/python3.10/site-packages/rosidl_cli/command
[1.408s] creating /home/jake/Documents/MQP/uros-pico-controller/uros_ws/firmware/mcu_ws/install/lib/python3.10/site-packages/rosidl_cli/command/generate
[1.408s] copying /home/jake/Documents/MQP/uros-pico-controller/uros_ws/firmware/mcu_ws/build/rosidl_cli/build/lib/rosidl_cli/command/generate/__init__.py -> /home/jake/Documents/MQP/uros-pico-controller/uros_ws/firmware/mcu_ws/install/lib/python3.10/site-packages/rosidl_cli/command/generate
[1.408s] copying /home/jake/Documents/MQP/uros-pico-controller/uros_ws/firmware/mcu_ws/build/rosidl_cli/build/lib/rosidl_cli/command/generate/api.py -> /home/jake/Documents/MQP/uros-pico-controller/uros_ws/firmware/mcu_ws/install/lib/python3.10/site-packages/rosidl_cli/command/generate
[1.408s] copying /home/jake/Documents/MQP/uros-pico-controller/uros_ws/firmware/mcu_ws/build/rosidl_cli/build/lib/rosidl_cli/command/generate/extensions.py -> /home/jake/Documents/MQP/uros-pico-controller/uros_ws/firmware/mcu_ws/install/lib/python3.10/site-packages/rosidl_cli/command/generate
[1.408s] creating /home/jake/Documents/MQP/uros-pico-controller/uros_ws/firmware/mcu_ws/install/lib/python3.10/site-packages/rosidl_cli/command/translate
[1.408s] copying /home/jake/Documents/MQP/uros-pico-controller/uros_ws/firmware/mcu_ws/build/rosidl_cli/build/lib/rosidl_cli/command/translate/__init__.py -> /home/jake/Documents/MQP/uros-pico-controller/uros_ws/firmware/mcu_ws/install/lib/python3.10/site-packages/rosidl_cli/command/translate
[1.409s] copying /home/jake/Documents/MQP/uros-pico-controller/uros_ws/firmware/mcu_ws/build/rosidl_cli/build/lib/rosidl_cli/command/translate/api.py -> /home/jake/Documents/MQP/uros-pico-controller/uros_ws/firmware/mcu_ws/install/lib/python3.10/site-packages/rosidl_cli/command/translate
[1.409s] copying /home/jake/Documents/MQP/uros-pico-controller/uros_ws/firmware/mcu_ws/build/rosidl_cli/build/lib/rosidl_cli/command/translate/extensions.py -> /home/jake/Documents/MQP/uros-pico-controller/uros_ws/firmware/mcu_ws/install/lib/python3.10/site-packages/rosidl_cli/command/translate
[1.409s] byte-compiling /home/jake/Documents/MQP/uros-pico-controller/uros_ws/firmware/mcu_ws/install/lib/python3.10/site-packages/rosidl_cli/__init__.py to __init__.cpython-310.pyc
[1.409s] byte-compiling /home/jake/Documents/MQP/uros-pico-controller/uros_ws/firmware/mcu_ws/install/lib/python3.10/site-packages/rosidl_cli/cli.py to cli.cpython-310.pyc
[1.409s] byte-compiling /home/jake/Documents/MQP/uros-pico-controller/uros_ws/firmware/mcu_ws/install/lib/python3.10/site-packages/rosidl_cli/common.py to common.cpython-310.pyc
[1.410s] byte-compiling /home/jake/Documents/MQP/uros-pico-controller/uros_ws/firmware/mcu_ws/install/lib/python3.10/site-packages/rosidl_cli/entry_points.py to entry_points.cpython-310.pyc
[1.410s] byte-compiling /home/jake/Documents/MQP/uros-pico-controller/uros_ws/firmware/mcu_ws/install/lib/python3.10/site-packages/rosidl_cli/extensions.py to extensions.cpython-310.pyc
[1.410s] byte-compiling /home/jake/Documents/MQP/uros-pico-controller/uros_ws/firmware/mcu_ws/install/lib/python3.10/site-packages/rosidl_cli/command/__init__.py to __init__.cpython-310.pyc
[1.410s] byte-compiling /home/jake/Documents/MQP/uros-pico-controller/uros_ws/firmware/mcu_ws/install/lib/python3.10/site-packages/rosidl_cli/command/helpers.py to helpers.cpython-310.pyc
[1.410s] byte-compiling /home/jake/Documents/MQP/uros-pico-controller/uros_ws/firmware/mcu_ws/install/lib/python3.10/site-packages/rosidl_cli/command/generate/__init__.py to __init__.cpython-310.pyc
[1.411s] byte-compiling /home/jake/Documents/MQP/uros-pico-controller/uros_ws/firmware/mcu_ws/install/lib/python3.10/site-packages/rosidl_cli/command/generate/api.py to api.cpython-310.pyc
[1.411s] byte-compiling /home/jake/Documents/MQP/uros-pico-controller/uros_ws/firmware/mcu_ws/install/lib/python3.10/site-packages/rosidl_cli/command/generate/extensions.py to extensions.cpython-310.pyc
[1.411s] byte-compiling /home/jake/Documents/MQP/uros-pico-controller/uros_ws/firmware/mcu_ws/install/lib/python3.10/site-packages/rosidl_cli/command/translate/__init__.py to __init__.cpython-310.pyc
[1.412s] byte-compiling /home/jake/Documents/MQP/uros-pico-controller/uros_ws/firmware/mcu_ws/install/lib/python3.10/site-packages/rosidl_cli/command/translate/api.py to api.cpython-310.pyc
[1.412s] byte-compiling /home/jake/Documents/MQP/uros-pico-controller/uros_ws/firmware/mcu_ws/install/lib/python3.10/site-packages/rosidl_cli/command/translate/extensions.py to extensions.cpython-310.pyc
[1.412s] running install_data
[1.412s] copying resource/rosidl_cli -> /home/jake/Documents/MQP/uros-pico-controller/uros_ws/firmware/mcu_ws/install/share/ament_index/resource_index/packages
[1.413s] copying package.xml -> /home/jake/Documents/MQP/uros-pico-controller/uros_ws/firmware/mcu_ws/install/share/rosidl_cli
[1.413s] copying resource/package.dsv -> /home/jake/Documents/MQP/uros-pico-controller/uros_ws/firmware/mcu_ws/install/share/rosidl_cli
[1.413s] creating /home/jake/Documents/MQP/uros-pico-controller/uros_ws/firmware/mcu_ws/install/share/rosidl_cli/environment
[1.413s] copying completion/rosidl-argcomplete.bash -> /home/jake/Documents/MQP/uros-pico-controller/uros_ws/firmware/mcu_ws/install/share/rosidl_cli/environment
[1.413s] copying completion/rosidl-argcomplete.zsh -> /home/jake/Documents/MQP/uros-pico-controller/uros_ws/firmware/mcu_ws/install/share/rosidl_cli/environment
[1.413s] running install_egg_info
[1.415s] Copying ../../../build/rosidl_cli/rosidl_cli.egg-info to /home/jake/Documents/MQP/uros-pico-controller/uros_ws/firmware/mcu_ws/install/lib/python3.10/site-packages/rosidl_cli-3.1.5-py3.10.egg-info
[1.416s] running install_scripts
[1.437s] Installing rosidl script to /home/jake/Documents/MQP/uros-pico-controller/uros_ws/firmware/mcu_ws/install/bin
[1.438s] writing list of installed files to '/home/jake/Documents/MQP/uros-pico-controller/uros_ws/firmware/mcu_ws/build/rosidl_cli/install.log'
[1.462s] Invoked command in '/home/jake/Documents/MQP/uros-pico-controller/uros_ws/firmware/mcu_ws/ros2/rosidl/rosidl_cli' returned '0': PYTHONPATH=/home/jake/Documents/MQP/uros-pico-controller/uros_ws/firmware/mcu_ws/build/rosidl_cli/prefix_override:/usr/lib/python3/dist-packages/colcon_core/task/python/colcon_distutils_commands:/home/jake/Documents/MQP/uros-pico-controller/uros_ws/firmware/mcu_ws/install/lib/python3.10/site-packages:${PYTHONPATH} /usr/bin/python3 -W ignore:setup.py install is deprecated setup.py egg_info --egg-base ../../../build/rosidl_cli build --build-base /home/jake/Documents/MQP/uros-pico-controller/uros_ws/firmware/mcu_ws/build/rosidl_cli/build install --record /home/jake/Documents/MQP/uros-pico-controller/uros_ws/firmware/mcu_ws/build/rosidl_cli/install.log --single-version-externally-managed install_data
