[0.637s] Invoking command in '/home/jake/Documents/MQP/uros-pico-controller/uros_ws/firmware/mcu_ws/ros2/common_interfaces/sensor_msgs_py': AMENT_PREFIX_PATH=/home/jake/Documents/MQP/uros-pico-controller/uros_ws/firmware/mcu_ws/install:${AMENT_PREFIX_PATH} CMAKE_PREFIX_PATH=/home/jake/Documents/MQP/uros-pico-controller/uros_ws/firmware/mcu_ws/install:${CMAKE_PREFIX_PATH} LD_LIBRARY_PATH=/home/jake/Documents/MQP/uros-pico-controller/uros_ws/firmware/mcu_ws/install/lib:${LD_LIBRARY_PATH} PATH=/home/jake/Documents/MQP/uros-pico-controller/uros_ws/firmware/mcu_ws/install/bin:${PATH} PYTHONPATH=/home/jake/Documents/MQP/uros-pico-controller/uros_ws/firmware/mcu_ws/build/sensor_msgs_py/prefix_override:/usr/lib/python3/dist-packages/colcon_core/task/python/colcon_distutils_commands:/home/jake/Documents/MQP/uros-pico-controller/uros_ws/firmware/mcu_ws/install/lib/python3.10/site-packages:/home/jake/Documents/MQP/uros-pico-controller/uros_ws/firmware/mcu_ws/install/lib/python3.10/site-packages:/home/jake/Documents/MQP/uros-pico-controller/uros_ws/firmware/mcu_ws/install/local/lib/python3.10/dist-packages:${PYTHONPATH} /usr/bin/python3 -W ignore:setup.py install is deprecated setup.py egg_info --egg-base ../../../build/sensor_msgs_py build --build-base /home/jake/Documents/MQP/uros-pico-controller/uros_ws/firmware/mcu_ws/build/sensor_msgs_py/build install --record /home/jake/Documents/MQP/uros-pico-controller/uros_ws/firmware/mcu_ws/build/sensor_msgs_py/install.log --single-version-externally-managed install_data
[0.802s] running egg_info
[0.803s] creating ../../../build/sensor_msgs_py/sensor_msgs_py.egg-info
[0.803s] writing ../../../build/sensor_msgs_py/sensor_msgs_py.egg-info/PKG-INFO
[0.803s] writing dependency_links to ../../../build/sensor_msgs_py/sensor_msgs_py.egg-info/dependency_links.txt
[0.803s] writing requirements to ../../../build/sensor_msgs_py/sensor_msgs_py.egg-info/requires.txt
[0.803s] writing top-level names to ../../../build/sensor_msgs_py/sensor_msgs_py.egg-info/top_level.txt
[0.803s] writing manifest file '../../../build/sensor_msgs_py/sensor_msgs_py.egg-info/SOURCES.txt'
[0.804s] reading manifest file '../../../build/sensor_msgs_py/sensor_msgs_py.egg-info/SOURCES.txt'
[0.804s] adding license file 'LICENSE'
[0.805s] writing manifest file '../../../build/sensor_msgs_py/sensor_msgs_py.egg-info/SOURCES.txt'
[0.805s] running build
[0.805s] running build_py
[0.805s] creating /home/jake/Documents/MQP/uros-pico-controller/uros_ws/firmware/mcu_ws/build/sensor_msgs_py/build
[0.805s] creating /home/jake/Documents/MQP/uros-pico-controller/uros_ws/firmware/mcu_ws/build/sensor_msgs_py/build/lib
[0.805s] creating /home/jake/Documents/MQP/uros-pico-controller/uros_ws/firmware/mcu_ws/build/sensor_msgs_py/build/lib/sensor_msgs_py
[0.806s] copying sensor_msgs_py/__init__.py -> /home/jake/Documents/MQP/uros-pico-controller/uros_ws/firmware/mcu_ws/build/sensor_msgs_py/build/lib/sensor_msgs_py
[0.806s] copying sensor_msgs_py/numpy_compat.py -> /home/jake/Documents/MQP/uros-pico-controller/uros_ws/firmware/mcu_ws/build/sensor_msgs_py/build/lib/sensor_msgs_py
[0.806s] copying sensor_msgs_py/point_cloud2.py -> /home/jake/Documents/MQP/uros-pico-controller/uros_ws/firmware/mcu_ws/build/sensor_msgs_py/build/lib/sensor_msgs_py
[0.806s] running install
[0.806s] running install_lib
[0.806s] creating /home/jake/Documents/MQP/uros-pico-controller/uros_ws/firmware/mcu_ws/install/lib/python3.10/site-packages/sensor_msgs_py
[0.806s] copying /home/jake/Documents/MQP/uros-pico-controller/uros_ws/firmware/mcu_ws/build/sensor_msgs_py/build/lib/sensor_msgs_py/__init__.py -> /home/jake/Documents/MQP/uros-pico-controller/uros_ws/firmware/mcu_ws/install/lib/python3.10/site-packages/sensor_msgs_py
[0.806s] copying /home/jake/Documents/MQP/uros-pico-controller/uros_ws/firmware/mcu_ws/build/sensor_msgs_py/build/lib/sensor_msgs_py/numpy_compat.py -> /home/jake/Documents/MQP/uros-pico-controller/uros_ws/firmware/mcu_ws/install/lib/python3.10/site-packages/sensor_msgs_py
[0.807s] copying /home/jake/Documents/MQP/uros-pico-controller/uros_ws/firmware/mcu_ws/build/sensor_msgs_py/build/lib/sensor_msgs_py/point_cloud2.py -> /home/jake/Documents/MQP/uros-pico-controller/uros_ws/firmware/mcu_ws/install/lib/python3.10/site-packages/sensor_msgs_py
[0.807s] byte-compiling /home/jake/Documents/MQP/uros-pico-controller/uros_ws/firmware/mcu_ws/install/lib/python3.10/site-packages/sensor_msgs_py/__init__.py to __init__.cpython-310.pyc
[0.807s] byte-compiling /home/jake/Documents/MQP/uros-pico-controller/uros_ws/firmware/mcu_ws/install/lib/python3.10/site-packages/sensor_msgs_py/numpy_compat.py to numpy_compat.cpython-310.pyc
[0.808s] byte-compiling /home/jake/Documents/MQP/uros-pico-controller/uros_ws/firmware/mcu_ws/install/lib/python3.10/site-packages/sensor_msgs_py/point_cloud2.py to point_cloud2.cpython-310.pyc
[0.809s] running install_data
[0.809s] copying resource/sensor_msgs_py -> /home/jake/Documents/MQP/uros-pico-controller/uros_ws/firmware/mcu_ws/install/share/ament_index/resource_index/packages
[0.809s] copying package.xml -> /home/jake/Documents/MQP/uros-pico-controller/uros_ws/firmware/mcu_ws/install/share/sensor_msgs_py
[0.809s] running install_egg_info
[0.810s] Copying ../../../build/sensor_msgs_py/sensor_msgs_py.egg-info to /home/jake/Documents/MQP/uros-pico-controller/uros_ws/firmware/mcu_ws/install/lib/python3.10/site-packages/sensor_msgs_py-4.2.4-py3.10.egg-info
[0.811s] running install_scripts
[0.827s] writing list of installed files to '/home/jake/Documents/MQP/uros-pico-controller/uros_ws/firmware/mcu_ws/build/sensor_msgs_py/install.log'
[0.845s] Invoked command in '/home/jake/Documents/MQP/uros-pico-controller/uros_ws/firmware/mcu_ws/ros2/common_interfaces/sensor_msgs_py' returned '0': AMENT_PREFIX_PATH=/home/jake/Documents/MQP/uros-pico-controller/uros_ws/firmware/mcu_ws/install:${AMENT_PREFIX_PATH} CMAKE_PREFIX_PATH=/home/jake/Documents/MQP/uros-pico-controller/uros_ws/firmware/mcu_ws/install:${CMAKE_PREFIX_PATH} LD_LIBRARY_PATH=/home/jake/Documents/MQP/uros-pico-controller/uros_ws/firmware/mcu_ws/install/lib:${LD_LIBRARY_PATH} PATH=/home/jake/Documents/MQP/uros-pico-controller/uros_ws/firmware/mcu_ws/install/bin:${PATH} PYTHONPATH=/home/jake/Documents/MQP/uros-pico-controller/uros_ws/firmware/mcu_ws/build/sensor_msgs_py/prefix_override:/usr/lib/python3/dist-packages/colcon_core/task/python/colcon_distutils_commands:/home/jake/Documents/MQP/uros-pico-controller/uros_ws/firmware/mcu_ws/install/lib/python3.10/site-packages:/home/jake/Documents/MQP/uros-pico-controller/uros_ws/firmware/mcu_ws/install/lib/python3.10/site-packages:/home/jake/Documents/MQP/uros-pico-controller/uros_ws/firmware/mcu_ws/install/local/lib/python3.10/dist-packages:${PYTHONPATH} /usr/bin/python3 -W ignore:setup.py install is deprecated setup.py egg_info --egg-base ../../../build/sensor_msgs_py build --build-base /home/jake/Documents/MQP/uros-pico-controller/uros_ws/firmware/mcu_ws/build/sensor_msgs_py/build install --record /home/jake/Documents/MQP/uros-pico-controller/uros_ws/firmware/mcu_ws/build/sensor_msgs_py/install.log --single-version-externally-managed install_data
