Not searching for unused variables given on the command line.
PICO_GCC_TRIPLE defaulted to arm-none-eabi
-- The C compiler identification is GNU 10.3.1
-- The CXX compiler identification is GNU 10.3.1
-- Detecting C compiler ABI info
PICO_GCC_TRIPLE defaulted to arm-none-eabi
-- Detecting C compiler ABI info - done
-- Check for working C compiler: /bin/arm-none-eabi-gcc - skipped
-- Detecting C compile features
-- Detecting C compile features - done
-- Detecting CXX compiler ABI info
PICO_GCC_TRIPLE defaulted to arm-none-eabi
-- Detecting CXX compiler ABI info - done
-- Check for working CXX compiler: /bin/arm-none-eabi-g++ - skipped
-- Detecting CXX compile features
-- Detecting CXX compile features - done
-- Found ament_cmake_ros: 0.10.0 (/home/jake/Documents/MQP/uros-pico-controller/uros_ws/firmware/dev_ws/install/ament_cmake_ros/share/ament_cmake_ros/cmake)
-- Found Python3: /bin/python3 (found version "3.10.12") found components: Interpreter 
-- Found rcutils: 5.1.6 (/home/jake/Documents/MQP/uros-pico-controller/uros_ws/firmware/mcu_ws/install/share/rcutils/cmake)
CMake Warning at /home/jake/Documents/MQP/uros-pico-controller/uros_ws/firmware/mcu_ws/install/share/rcutils/cmake/ament_cmake_export_libraries-extras.cmake:116 (message):
  Package 'rcutils' exports library 'dl' which couldn't be found
Call Stack (most recent call first):
  /home/jake/Documents/MQP/uros-pico-controller/uros_ws/firmware/mcu_ws/install/share/rcutils/cmake/rcutilsConfig.cmake:41 (include)
  CMakeLists.txt:19 (find_package)


-- Configuring done
-- Generating done
-- Build files have been written to: /home/jake/Documents/MQP/uros-pico-controller/uros_ws/firmware/mcu_ws/build/rcl_logging_interface
/usr/bin/cmake -S/home/jake/Documents/MQP/uros-pico-controller/uros_ws/firmware/mcu_ws/ros2/rcl_logging/rcl_logging_interface -B/home/jake/Documents/MQP/uros-pico-controller/uros_ws/firmware/mcu_ws/build/rcl_logging_interface --check-build-system CMakeFiles/Makefile.cmake 0
/usr/bin/cmake -E cmake_progress_start /home/jake/Documents/MQP/uros-pico-controller/uros_ws/firmware/mcu_ws/build/rcl_logging_interface/CMakeFiles /home/jake/Documents/MQP/uros-pico-controller/uros_ws/firmware/mcu_ws/build/rcl_logging_interface//CMakeFiles/progress.marks
/bin/gmake  -f CMakeFiles/Makefile2 all
gmake[1]: Entering directory '/home/jake/Documents/MQP/uros-pico-controller/uros_ws/firmware/mcu_ws/build/rcl_logging_interface'
/bin/gmake  -f CMakeFiles/rcl_logging_interface.dir/build.make CMakeFiles/rcl_logging_interface.dir/depend
gmake[2]: Entering directory '/home/jake/Documents/MQP/uros-pico-controller/uros_ws/firmware/mcu_ws/build/rcl_logging_interface'
cd /home/jake/Documents/MQP/uros-pico-controller/uros_ws/firmware/mcu_ws/build/rcl_logging_interface && /usr/bin/cmake -E cmake_depends "Unix Makefiles" /home/jake/Documents/MQP/uros-pico-controller/uros_ws/firmware/mcu_ws/ros2/rcl_logging/rcl_logging_interface /home/jake/Documents/MQP/uros-pico-controller/uros_ws/firmware/mcu_ws/ros2/rcl_logging/rcl_logging_interface /home/jake/Documents/MQP/uros-pico-controller/uros_ws/firmware/mcu_ws/build/rcl_logging_interface /home/jake/Documents/MQP/uros-pico-controller/uros_ws/firmware/mcu_ws/build/rcl_logging_interface /home/jake/Documents/MQP/uros-pico-controller/uros_ws/firmware/mcu_ws/build/rcl_logging_interface/CMakeFiles/rcl_logging_interface.dir/DependInfo.cmake --color=
gmake[2]: Leaving directory '/home/jake/Documents/MQP/uros-pico-controller/uros_ws/firmware/mcu_ws/build/rcl_logging_interface'
/bin/gmake  -f CMakeFiles/rcl_logging_interface.dir/build.make CMakeFiles/rcl_logging_interface.dir/build
gmake[2]: Entering directory '/home/jake/Documents/MQP/uros-pico-controller/uros_ws/firmware/mcu_ws/build/rcl_logging_interface'
[ 50%] [32mBuilding C object CMakeFiles/rcl_logging_interface.dir/src/logging_dir.c.obj[0m
/bin/arm-none-eabi-gcc -DRCL_LOGGING_INTERFACE_BUILDING_DLL -DROS_PACKAGE_NAME=\"rcl_logging_interface\" -I/home/jake/Documents/MQP/uros-pico-controller/uros_ws/firmware/mcu_ws/ros2/rcl_logging/rcl_logging_interface/include -isystem /home/jake/Documents/MQP/uros-pico-controller/uros_ws/firmware/mcu_ws/install/include/rcutils -std=c11 -O2 -march=armv6-m -mcpu=cortex-m0plus -mthumb -ffunction-sections -fdata-sections -fno-exceptions -nostdlib -D'RCUTILS_LOG_MIN_SEVERITY=RCUTILS_LOG_MIN_SEVERITY_NONE' -DCLOCK_MONOTONIC=0 -D'__attribute__(x)=' -O3 -DNDEBUG -Wall -Wextra -Wpedantic -std=gnu11 -MD -MT CMakeFiles/rcl_logging_interface.dir/src/logging_dir.c.obj -MF CMakeFiles/rcl_logging_interface.dir/src/logging_dir.c.obj.d -o CMakeFiles/rcl_logging_interface.dir/src/logging_dir.c.obj -c /home/jake/Documents/MQP/uros-pico-controller/uros_ws/firmware/mcu_ws/ros2/rcl_logging/rcl_logging_interface/src/logging_dir.c
[100%] [32m[1mLinking C static library librcl_logging_interface.a[0m
/usr/bin/cmake -P CMakeFiles/rcl_logging_interface.dir/cmake_clean_target.cmake
/usr/bin/cmake -E cmake_link_script CMakeFiles/rcl_logging_interface.dir/link.txt --verbose=1
/bin/arm-none-eabi-ar qc librcl_logging_interface.a CMakeFiles/rcl_logging_interface.dir/src/logging_dir.c.obj
/bin/arm-none-eabi-ranlib librcl_logging_interface.a
gmake[2]: Leaving directory '/home/jake/Documents/MQP/uros-pico-controller/uros_ws/firmware/mcu_ws/build/rcl_logging_interface'
[100%] Built target rcl_logging_interface
gmake[1]: Leaving directory '/home/jake/Documents/MQP/uros-pico-controller/uros_ws/firmware/mcu_ws/build/rcl_logging_interface'
/usr/bin/cmake -E cmake_progress_start /home/jake/Documents/MQP/uros-pico-controller/uros_ws/firmware/mcu_ws/build/rcl_logging_interface/CMakeFiles 0
-- Install configuration: "Release"
-- Installing: /home/jake/Documents/MQP/uros-pico-controller/uros_ws/firmware/mcu_ws/install/include/rcl_logging_interface
-- Installing: /home/jake/Documents/MQP/uros-pico-controller/uros_ws/firmware/mcu_ws/install/include/rcl_logging_interface/rcl_logging_interface
-- Installing: /home/jake/Documents/MQP/uros-pico-controller/uros_ws/firmware/mcu_ws/install/include/rcl_logging_interface/rcl_logging_interface/rcl_logging_interface.h
-- Installing: /home/jake/Documents/MQP/uros-pico-controller/uros_ws/firmware/mcu_ws/install/include/rcl_logging_interface/rcl_logging_interface/visibility_control.h
-- Installing: /home/jake/Documents/MQP/uros-pico-controller/uros_ws/firmware/mcu_ws/install/lib/librcl_logging_interface.a
-- Installing: /home/jake/Documents/MQP/uros-pico-controller/uros_ws/firmware/mcu_ws/install/share/ament_index/resource_index/package_run_dependencies/rcl_logging_interface
-- Installing: /home/jake/Documents/MQP/uros-pico-controller/uros_ws/firmware/mcu_ws/install/share/ament_index/resource_index/parent_prefix_path/rcl_logging_interface
-- Installing: /home/jake/Documents/MQP/uros-pico-controller/uros_ws/firmware/mcu_ws/install/share/rcl_logging_interface/environment/ament_prefix_path.sh
-- Installing: /home/jake/Documents/MQP/uros-pico-controller/uros_ws/firmware/mcu_ws/install/share/rcl_logging_interface/environment/ament_prefix_path.dsv
-- Installing: /home/jake/Documents/MQP/uros-pico-controller/uros_ws/firmware/mcu_ws/install/share/rcl_logging_interface/environment/path.sh
-- Installing: /home/jake/Documents/MQP/uros-pico-controller/uros_ws/firmware/mcu_ws/install/share/rcl_logging_interface/environment/path.dsv
-- Installing: /home/jake/Documents/MQP/uros-pico-controller/uros_ws/firmware/mcu_ws/install/share/rcl_logging_interface/local_setup.bash
-- Installing: /home/jake/Documents/MQP/uros-pico-controller/uros_ws/firmware/mcu_ws/install/share/rcl_logging_interface/local_setup.sh
-- Installing: /home/jake/Documents/MQP/uros-pico-controller/uros_ws/firmware/mcu_ws/install/share/rcl_logging_interface/local_setup.zsh
-- Installing: /home/jake/Documents/MQP/uros-pico-controller/uros_ws/firmware/mcu_ws/install/share/rcl_logging_interface/local_setup.dsv
-- Installing: /home/jake/Documents/MQP/uros-pico-controller/uros_ws/firmware/mcu_ws/install/share/rcl_logging_interface/package.dsv
-- Installing: /home/jake/Documents/MQP/uros-pico-controller/uros_ws/firmware/mcu_ws/install/share/ament_index/resource_index/packages/rcl_logging_interface
-- Installing: /home/jake/Documents/MQP/uros-pico-controller/uros_ws/firmware/mcu_ws/install/share/rcl_logging_interface/cmake/rcl_logging_interfaceExport.cmake
-- Installing: /home/jake/Documents/MQP/uros-pico-controller/uros_ws/firmware/mcu_ws/install/share/rcl_logging_interface/cmake/rcl_logging_interfaceExport-release.cmake
-- Installing: /home/jake/Documents/MQP/uros-pico-controller/uros_ws/firmware/mcu_ws/install/share/rcl_logging_interface/cmake/ament_cmake_export_include_directories-extras.cmake
-- Installing: /home/jake/Documents/MQP/uros-pico-controller/uros_ws/firmware/mcu_ws/install/share/rcl_logging_interface/cmake/ament_cmake_export_targets-extras.cmake
-- Installing: /home/jake/Documents/MQP/uros-pico-controller/uros_ws/firmware/mcu_ws/install/share/rcl_logging_interface/cmake/ament_cmake_export_dependencies-extras.cmake
-- Installing: /home/jake/Documents/MQP/uros-pico-controller/uros_ws/firmware/mcu_ws/install/share/rcl_logging_interface/cmake/rcl_logging_interfaceConfig.cmake
-- Installing: /home/jake/Documents/MQP/uros-pico-controller/uros_ws/firmware/mcu_ws/install/share/rcl_logging_interface/cmake/rcl_logging_interfaceConfig-version.cmake
-- Installing: /home/jake/Documents/MQP/uros-pico-controller/uros_ws/firmware/mcu_ws/install/share/rcl_logging_interface/package.xml
