[0.726s] Invoking command in '/home/jake/Documents/MQP/uros-pico-controller/uros_ws/firmware/mcu_ws/uros/tracetools/ros2trace': AMENT_PREFIX_PATH=/home/jake/Documents/MQP/uros-pico-controller/uros_ws/firmware/mcu_ws/install:${AMENT_PREFIX_PATH} CMAKE_PREFIX_PATH=/home/jake/Documents/MQP/uros-pico-controller/uros_ws/firmware/mcu_ws/install:${CMAKE_PREFIX_PATH} PATH=/home/jake/Documents/MQP/uros-pico-controller/uros_ws/firmware/mcu_ws/install/bin:${PATH} PYTHONPATH=/home/jake/Documents/MQP/uros-pico-controller/uros_ws/firmware/mcu_ws/build/ros2trace/prefix_override:/usr/lib/python3/dist-packages/colcon_core/task/python/colcon_distutils_commands:/home/jake/Documents/MQP/uros-pico-controller/uros_ws/firmware/mcu_ws/install/lib/python3.10/site-packages:/home/jake/Documents/MQP/uros-pico-controller/uros_ws/firmware/mcu_ws/install/lib/python3.10/site-packages:${PYTHONPATH} /usr/bin/python3 -W ignore:setup.py install is deprecated setup.py egg_info --egg-base ../../../build/ros2trace build --build-base /home/jake/Documents/MQP/uros-pico-controller/uros_ws/firmware/mcu_ws/build/ros2trace/build install --record /home/jake/Documents/MQP/uros-pico-controller/uros_ws/firmware/mcu_ws/build/ros2trace/install.log --single-version-externally-managed install_data
[0.934s] running egg_info
[0.937s] creating ../../../build/ros2trace/ros2trace.egg-info
[0.937s] writing ../../../build/ros2trace/ros2trace.egg-info/PKG-INFO
[0.937s] writing dependency_links to ../../../build/ros2trace/ros2trace.egg-info/dependency_links.txt
[0.937s] writing entry points to ../../../build/ros2trace/ros2trace.egg-info/entry_points.txt
[0.937s] writing requirements to ../../../build/ros2trace/ros2trace.egg-info/requires.txt
[0.937s] writing top-level names to ../../../build/ros2trace/ros2trace.egg-info/top_level.txt
[0.937s] writing manifest file '../../../build/ros2trace/ros2trace.egg-info/SOURCES.txt'
[0.940s] reading manifest file '../../../build/ros2trace/ros2trace.egg-info/SOURCES.txt'
[0.941s] writing manifest file '../../../build/ros2trace/ros2trace.egg-info/SOURCES.txt'
[0.942s] running build
[0.942s] running build_py
[0.942s] creating /home/jake/Documents/MQP/uros-pico-controller/uros_ws/firmware/mcu_ws/build/ros2trace/build
[0.942s] creating /home/jake/Documents/MQP/uros-pico-controller/uros_ws/firmware/mcu_ws/build/ros2trace/build/lib
[0.942s] creating /home/jake/Documents/MQP/uros-pico-controller/uros_ws/firmware/mcu_ws/build/ros2trace/build/lib/ros2trace
[0.942s] copying ros2trace/__init__.py -> /home/jake/Documents/MQP/uros-pico-controller/uros_ws/firmware/mcu_ws/build/ros2trace/build/lib/ros2trace
[0.947s] creating /home/jake/Documents/MQP/uros-pico-controller/uros_ws/firmware/mcu_ws/build/ros2trace/build/lib/ros2trace/api
[0.948s] copying ros2trace/api/__init__.py -> /home/jake/Documents/MQP/uros-pico-controller/uros_ws/firmware/mcu_ws/build/ros2trace/build/lib/ros2trace/api
[0.948s] creating /home/jake/Documents/MQP/uros-pico-controller/uros_ws/firmware/mcu_ws/build/ros2trace/build/lib/ros2trace/command
[0.948s] copying ros2trace/command/__init__.py -> /home/jake/Documents/MQP/uros-pico-controller/uros_ws/firmware/mcu_ws/build/ros2trace/build/lib/ros2trace/command
[0.948s] copying ros2trace/command/trace.py -> /home/jake/Documents/MQP/uros-pico-controller/uros_ws/firmware/mcu_ws/build/ros2trace/build/lib/ros2trace/command
[0.948s] running install
[0.949s] running install_lib
[0.950s] creating /home/jake/Documents/MQP/uros-pico-controller/uros_ws/firmware/mcu_ws/install/lib/python3.10/site-packages/ros2trace
[0.950s] copying /home/jake/Documents/MQP/uros-pico-controller/uros_ws/firmware/mcu_ws/build/ros2trace/build/lib/ros2trace/__init__.py -> /home/jake/Documents/MQP/uros-pico-controller/uros_ws/firmware/mcu_ws/install/lib/python3.10/site-packages/ros2trace
[0.950s] creating /home/jake/Documents/MQP/uros-pico-controller/uros_ws/firmware/mcu_ws/install/lib/python3.10/site-packages/ros2trace/api
[0.950s] copying /home/jake/Documents/MQP/uros-pico-controller/uros_ws/firmware/mcu_ws/build/ros2trace/build/lib/ros2trace/api/__init__.py -> /home/jake/Documents/MQP/uros-pico-controller/uros_ws/firmware/mcu_ws/install/lib/python3.10/site-packages/ros2trace/api
[0.953s] creating /home/jake/Documents/MQP/uros-pico-controller/uros_ws/firmware/mcu_ws/install/lib/python3.10/site-packages/ros2trace/command
[0.953s] copying /home/jake/Documents/MQP/uros-pico-controller/uros_ws/firmware/mcu_ws/build/ros2trace/build/lib/ros2trace/command/__init__.py -> /home/jake/Documents/MQP/uros-pico-controller/uros_ws/firmware/mcu_ws/install/lib/python3.10/site-packages/ros2trace/command
[0.953s] copying /home/jake/Documents/MQP/uros-pico-controller/uros_ws/firmware/mcu_ws/build/ros2trace/build/lib/ros2trace/command/trace.py -> /home/jake/Documents/MQP/uros-pico-controller/uros_ws/firmware/mcu_ws/install/lib/python3.10/site-packages/ros2trace/command
[0.953s] byte-compiling /home/jake/Documents/MQP/uros-pico-controller/uros_ws/firmware/mcu_ws/install/lib/python3.10/site-packages/ros2trace/__init__.py to __init__.cpython-310.pyc
[0.954s] byte-compiling /home/jake/Documents/MQP/uros-pico-controller/uros_ws/firmware/mcu_ws/install/lib/python3.10/site-packages/ros2trace/api/__init__.py to __init__.cpython-310.pyc
[0.954s] byte-compiling /home/jake/Documents/MQP/uros-pico-controller/uros_ws/firmware/mcu_ws/install/lib/python3.10/site-packages/ros2trace/command/__init__.py to __init__.cpython-310.pyc
[0.954s] byte-compiling /home/jake/Documents/MQP/uros-pico-controller/uros_ws/firmware/mcu_ws/install/lib/python3.10/site-packages/ros2trace/command/trace.py to trace.cpython-310.pyc
[0.954s] running install_data
[0.955s] copying package.xml -> /home/jake/Documents/MQP/uros-pico-controller/uros_ws/firmware/mcu_ws/install/share/ros2trace
[0.955s] copying resource/ros2trace -> /home/jake/Documents/MQP/uros-pico-controller/uros_ws/firmware/mcu_ws/install/share/ament_index/resource_index/packages
[0.955s] running install_egg_info
[0.963s] Copying ../../../build/ros2trace/ros2trace.egg-info to /home/jake/Documents/MQP/uros-pico-controller/uros_ws/firmware/mcu_ws/install/lib/python3.10/site-packages/ros2trace-4.1.1-py3.10.egg-info
[0.965s] running install_scripts
[1.010s] writing list of installed files to '/home/jake/Documents/MQP/uros-pico-controller/uros_ws/firmware/mcu_ws/build/ros2trace/install.log'
[1.055s] Invoked command in '/home/jake/Documents/MQP/uros-pico-controller/uros_ws/firmware/mcu_ws/uros/tracetools/ros2trace' returned '0': AMENT_PREFIX_PATH=/home/jake/Documents/MQP/uros-pico-controller/uros_ws/firmware/mcu_ws/install:${AMENT_PREFIX_PATH} CMAKE_PREFIX_PATH=/home/jake/Documents/MQP/uros-pico-controller/uros_ws/firmware/mcu_ws/install:${CMAKE_PREFIX_PATH} PATH=/home/jake/Documents/MQP/uros-pico-controller/uros_ws/firmware/mcu_ws/install/bin:${PATH} PYTHONPATH=/home/jake/Documents/MQP/uros-pico-controller/uros_ws/firmware/mcu_ws/build/ros2trace/prefix_override:/usr/lib/python3/dist-packages/colcon_core/task/python/colcon_distutils_commands:/home/jake/Documents/MQP/uros-pico-controller/uros_ws/firmware/mcu_ws/install/lib/python3.10/site-packages:/home/jake/Documents/MQP/uros-pico-controller/uros_ws/firmware/mcu_ws/install/lib/python3.10/site-packages:${PYTHONPATH} /usr/bin/python3 -W ignore:setup.py install is deprecated setup.py egg_info --egg-base ../../../build/ros2trace build --build-base /home/jake/Documents/MQP/uros-pico-controller/uros_ws/firmware/mcu_ws/build/ros2trace/build install --record /home/jake/Documents/MQP/uros-pico-controller/uros_ws/firmware/mcu_ws/build/ros2trace/install.log --single-version-externally-managed install_data
