[0.692s] Invoking command in '/home/jake/Documents/MQP/uros-pico-controller/uros_ws/firmware/mcu_ws/build/libyaml_vendor': CMAKE_PREFIX_PATH=${CMAKE_PREFIX_PATH}:/home/jake/Documents/MQP/uros-pico-controller/uros_ws/firmware/dev_ws/install/ament_uncrustify:/home/jake/Documents/MQP/uros-pico-controller/uros_ws/firmware/dev_ws/install/domain_coordinator:/home/jake/Documents/MQP/uros-pico-controller/uros_ws/firmware/dev_ws/install/ament_xmllint:/home/jake/Documents/MQP/uros-pico-controller/uros_ws/firmware/dev_ws/install/ament_pyflakes:/home/jake/Documents/MQP/uros-pico-controller/uros_ws/firmware/dev_ws/install/ament_pycodestyle:/home/jake/Documents/MQP/uros-pico-controller/uros_ws/firmware/dev_ws/install/ament_pep257:/home/jake/Documents/MQP/uros-pico-controller/uros_ws/firmware/dev_ws/install/ament_pclint:/home/jake/Documents/MQP/uros-pico-controller/uros_ws/firmware/dev_ws/install/ament_package:/home/jake/Documents/MQP/uros-pico-controller/uros_ws/firmware/dev_ws/install/ament_mypy:/home/jake/Documents/MQP/uros-pico-controller/uros_ws/firmware/dev_ws/install/ament_lint_cmake:/home/jake/Documents/MQP/uros-pico-controller/uros_ws/firmware/dev_ws/install/ament_flake8:/home/jake/Documents/MQP/uros-pico-controller/uros_ws/firmware/dev_ws/install/ament_copyright:/home/jake/Documents/MQP/uros-pico-controller/uros_ws/firmware/dev_ws/install/ament_lint:/home/jake/Documents/MQP/uros-pico-controller/uros_ws/firmware/dev_ws/install/ament_index_python:/home/jake/Documents/MQP/uros-pico-controller/uros_ws/firmware/dev_ws/install/ament_cpplint:/home/jake/Documents/MQP/uros-pico-controller/uros_ws/firmware/dev_ws/install/ament_cppcheck:/home/jake/Documents/MQP/uros-pico-controller/uros_ws/firmware/dev_ws/install/ament_clang_tidy:/home/jake/Documents/MQP/uros-pico-controller/uros_ws/firmware/dev_ws/install/ament_clang_format /bin/cmake /home/jake/Documents/MQP/uros-pico-controller/uros_ws/firmware/mcu_ws/ros2/libyaml_vendor --no-warn-unused-cli -DCMAKE_POSITION_INDEPENDENT_CODE:BOOL=OFF -DTHIRDPARTY=ON -DBUILD_SHARED_LIBS=OFF -DBUILD_TESTING=OFF -DCMAKE_BUILD_TYPE=Release -DCMAKE_TOOLCHAIN_FILE=/home/jake/Documents/MQP/uros-pico-controller/uros_ws/my_toolchain.cmake -DCMAKE_VERBOSE_MAKEFILE=ON -DCMAKE_INSTALL_PREFIX=/home/jake/Documents/MQP/uros-pico-controller/uros_ws/firmware/mcu_ws/install
[0.702s] Not searching for unused variables given on the command line.
[0.710s] PICO_GCC_TRIPLE defaulted to arm-none-eabi
[0.894s] -- The C compiler identification is GNU 10.3.1
[1.073s] -- The CXX compiler identification is GNU 10.3.1
[1.081s] -- Detecting C compiler ABI info
[1.082s] PICO_GCC_TRIPLE defaulted to arm-none-eabi
[1.214s] -- Detecting C compiler ABI info - done
[1.220s] -- Check for working C compiler: /bin/arm-none-eabi-gcc - skipped
[1.221s] -- Detecting C compile features
[1.221s] -- Detecting C compile features - done
[1.224s] -- Detecting CXX compiler ABI info
[1.225s] PICO_GCC_TRIPLE defaulted to arm-none-eabi
[1.373s] -- Detecting CXX compiler ABI info - done
[1.380s] -- Check for working CXX compiler: /bin/arm-none-eabi-g++ - skipped
[1.380s] -- Detecting CXX compile features
[1.381s] -- Detecting CXX compile features - done
[1.387s] -- Found ament_cmake: 1.3.10 (/home/jake/Documents/MQP/uros-pico-controller/uros_ws/firmware/dev_ws/install/ament_cmake/share/ament_cmake/cmake)
[1.726s] -- Found Python3: /bin/python3 (found version "3.10.12") found components: Interpreter 
[1.943s] -- Configuring done
[1.947s] -- Generating done
[1.948s] -- Build files have been written to: /home/jake/Documents/MQP/uros-pico-controller/uros_ws/firmware/mcu_ws/build/libyaml_vendor
[2.124s] Invoked command in '/home/jake/Documents/MQP/uros-pico-controller/uros_ws/firmware/mcu_ws/build/libyaml_vendor' returned '0': CMAKE_PREFIX_PATH=${CMAKE_PREFIX_PATH}:/home/jake/Documents/MQP/uros-pico-controller/uros_ws/firmware/dev_ws/install/ament_uncrustify:/home/jake/Documents/MQP/uros-pico-controller/uros_ws/firmware/dev_ws/install/domain_coordinator:/home/jake/Documents/MQP/uros-pico-controller/uros_ws/firmware/dev_ws/install/ament_xmllint:/home/jake/Documents/MQP/uros-pico-controller/uros_ws/firmware/dev_ws/install/ament_pyflakes:/home/jake/Documents/MQP/uros-pico-controller/uros_ws/firmware/dev_ws/install/ament_pycodestyle:/home/jake/Documents/MQP/uros-pico-controller/uros_ws/firmware/dev_ws/install/ament_pep257:/home/jake/Documents/MQP/uros-pico-controller/uros_ws/firmware/dev_ws/install/ament_pclint:/home/jake/Documents/MQP/uros-pico-controller/uros_ws/firmware/dev_ws/install/ament_package:/home/jake/Documents/MQP/uros-pico-controller/uros_ws/firmware/dev_ws/install/ament_mypy:/home/jake/Documents/MQP/uros-pico-controller/uros_ws/firmware/dev_ws/install/ament_lint_cmake:/home/jake/Documents/MQP/uros-pico-controller/uros_ws/firmware/dev_ws/install/ament_flake8:/home/jake/Documents/MQP/uros-pico-controller/uros_ws/firmware/dev_ws/install/ament_copyright:/home/jake/Documents/MQP/uros-pico-controller/uros_ws/firmware/dev_ws/install/ament_lint:/home/jake/Documents/MQP/uros-pico-controller/uros_ws/firmware/dev_ws/install/ament_index_python:/home/jake/Documents/MQP/uros-pico-controller/uros_ws/firmware/dev_ws/install/ament_cpplint:/home/jake/Documents/MQP/uros-pico-controller/uros_ws/firmware/dev_ws/install/ament_cppcheck:/home/jake/Documents/MQP/uros-pico-controller/uros_ws/firmware/dev_ws/install/ament_clang_tidy:/home/jake/Documents/MQP/uros-pico-controller/uros_ws/firmware/dev_ws/install/ament_clang_format /bin/cmake /home/jake/Documents/MQP/uros-pico-controller/uros_ws/firmware/mcu_ws/ros2/libyaml_vendor --no-warn-unused-cli -DCMAKE_POSITION_INDEPENDENT_CODE:BOOL=OFF -DTHIRDPARTY=ON -DBUILD_SHARED_LIBS=OFF -DBUILD_TESTING=OFF -DCMAKE_BUILD_TYPE=Release -DCMAKE_TOOLCHAIN_FILE=/home/jake/Documents/MQP/uros-pico-controller/uros_ws/my_toolchain.cmake -DCMAKE_VERBOSE_MAKEFILE=ON -DCMAKE_INSTALL_PREFIX=/home/jake/Documents/MQP/uros-pico-controller/uros_ws/firmware/mcu_ws/install
[2.125s] Invoking command in '/home/jake/Documents/MQP/uros-pico-controller/uros_ws/firmware/mcu_ws/build/libyaml_vendor': CMAKE_PREFIX_PATH=${CMAKE_PREFIX_PATH}:/home/jake/Documents/MQP/uros-pico-controller/uros_ws/firmware/dev_ws/install/ament_uncrustify:/home/jake/Documents/MQP/uros-pico-controller/uros_ws/firmware/dev_ws/install/domain_coordinator:/home/jake/Documents/MQP/uros-pico-controller/uros_ws/firmware/dev_ws/install/ament_xmllint:/home/jake/Documents/MQP/uros-pico-controller/uros_ws/firmware/dev_ws/install/ament_pyflakes:/home/jake/Documents/MQP/uros-pico-controller/uros_ws/firmware/dev_ws/install/ament_pycodestyle:/home/jake/Documents/MQP/uros-pico-controller/uros_ws/firmware/dev_ws/install/ament_pep257:/home/jake/Documents/MQP/uros-pico-controller/uros_ws/firmware/dev_ws/install/ament_pclint:/home/jake/Documents/MQP/uros-pico-controller/uros_ws/firmware/dev_ws/install/ament_package:/home/jake/Documents/MQP/uros-pico-controller/uros_ws/firmware/dev_ws/install/ament_mypy:/home/jake/Documents/MQP/uros-pico-controller/uros_ws/firmware/dev_ws/install/ament_lint_cmake:/home/jake/Documents/MQP/uros-pico-controller/uros_ws/firmware/dev_ws/install/ament_flake8:/home/jake/Documents/MQP/uros-pico-controller/uros_ws/firmware/dev_ws/install/ament_copyright:/home/jake/Documents/MQP/uros-pico-controller/uros_ws/firmware/dev_ws/install/ament_lint:/home/jake/Documents/MQP/uros-pico-controller/uros_ws/firmware/dev_ws/install/ament_index_python:/home/jake/Documents/MQP/uros-pico-controller/uros_ws/firmware/dev_ws/install/ament_cpplint:/home/jake/Documents/MQP/uros-pico-controller/uros_ws/firmware/dev_ws/install/ament_cppcheck:/home/jake/Documents/MQP/uros-pico-controller/uros_ws/firmware/dev_ws/install/ament_clang_tidy:/home/jake/Documents/MQP/uros-pico-controller/uros_ws/firmware/dev_ws/install/ament_clang_format /bin/cmake --build /home/jake/Documents/MQP/uros-pico-controller/uros_ws/firmware/mcu_ws/build/libyaml_vendor -- -j16 -l16
[2.142s] /usr/bin/cmake -S/home/jake/Documents/MQP/uros-pico-controller/uros_ws/firmware/mcu_ws/ros2/libyaml_vendor -B/home/jake/Documents/MQP/uros-pico-controller/uros_ws/firmware/mcu_ws/build/libyaml_vendor --check-build-system CMakeFiles/Makefile.cmake 0
[2.151s] /usr/bin/cmake -E cmake_progress_start /home/jake/Documents/MQP/uros-pico-controller/uros_ws/firmware/mcu_ws/build/libyaml_vendor/CMakeFiles /home/jake/Documents/MQP/uros-pico-controller/uros_ws/firmware/mcu_ws/build/libyaml_vendor//CMakeFiles/progress.marks
[2.158s] /bin/gmake  -f CMakeFiles/Makefile2 all
[2.159s] gmake[1]: Entering directory '/home/jake/Documents/MQP/uros-pico-controller/uros_ws/firmware/mcu_ws/build/libyaml_vendor'
[2.159s] /bin/gmake  -f CMakeFiles/libyaml-0.2.5.dir/build.make CMakeFiles/libyaml-0.2.5.dir/depend
[2.160s] gmake[2]: Entering directory '/home/jake/Documents/MQP/uros-pico-controller/uros_ws/firmware/mcu_ws/build/libyaml_vendor'
[2.161s] cd /home/jake/Documents/MQP/uros-pico-controller/uros_ws/firmware/mcu_ws/build/libyaml_vendor && /usr/bin/cmake -E cmake_depends "Unix Makefiles" /home/jake/Documents/MQP/uros-pico-controller/uros_ws/firmware/mcu_ws/ros2/libyaml_vendor /home/jake/Documents/MQP/uros-pico-controller/uros_ws/firmware/mcu_ws/ros2/libyaml_vendor /home/jake/Documents/MQP/uros-pico-controller/uros_ws/firmware/mcu_ws/build/libyaml_vendor /home/jake/Documents/MQP/uros-pico-controller/uros_ws/firmware/mcu_ws/build/libyaml_vendor /home/jake/Documents/MQP/uros-pico-controller/uros_ws/firmware/mcu_ws/build/libyaml_vendor/CMakeFiles/libyaml-0.2.5.dir/DependInfo.cmake --color=
[2.173s] gmake[2]: Leaving directory '/home/jake/Documents/MQP/uros-pico-controller/uros_ws/firmware/mcu_ws/build/libyaml_vendor'
[2.173s] /bin/gmake  -f CMakeFiles/libyaml-0.2.5.dir/build.make CMakeFiles/libyaml-0.2.5.dir/build
[2.174s] gmake[2]: Entering directory '/home/jake/Documents/MQP/uros-pico-controller/uros_ws/firmware/mcu_ws/build/libyaml_vendor'
[2.184s] [ 12%] [34m[1mCreating directories for 'libyaml-0.2.5'[0m
[2.186s] /usr/bin/cmake -E make_directory /home/jake/Documents/MQP/uros-pico-controller/uros_ws/firmware/mcu_ws/build/libyaml_vendor/libyaml-0.2.5-prefix/src/libyaml-0.2.5
[2.195s] /usr/bin/cmake -E make_directory /home/jake/Documents/MQP/uros-pico-controller/uros_ws/firmware/mcu_ws/build/libyaml_vendor/libyaml-0.2.5-prefix/src/libyaml-0.2.5-build
[2.205s] /usr/bin/cmake -E make_directory /home/jake/Documents/MQP/uros-pico-controller/uros_ws/firmware/mcu_ws/build/libyaml_vendor/libyaml-0.2.5-prefix
[2.210s] /usr/bin/cmake -E make_directory /home/jake/Documents/MQP/uros-pico-controller/uros_ws/firmware/mcu_ws/build/libyaml_vendor/libyaml-0.2.5-prefix/tmp
[2.218s] /usr/bin/cmake -E make_directory /home/jake/Documents/MQP/uros-pico-controller/uros_ws/firmware/mcu_ws/build/libyaml_vendor/libyaml-0.2.5-prefix/src/libyaml-0.2.5-stamp
[2.224s] /usr/bin/cmake -E make_directory /home/jake/Documents/MQP/uros-pico-controller/uros_ws/firmware/mcu_ws/build/libyaml_vendor/libyaml-0.2.5-prefix/src
[2.235s] /usr/bin/cmake -E make_directory /home/jake/Documents/MQP/uros-pico-controller/uros_ws/firmware/mcu_ws/build/libyaml_vendor/libyaml-0.2.5-prefix/src/libyaml-0.2.5-stamp
[2.241s] /usr/bin/cmake -E touch /home/jake/Documents/MQP/uros-pico-controller/uros_ws/firmware/mcu_ws/build/libyaml_vendor/libyaml-0.2.5-prefix/src/libyaml-0.2.5-stamp/libyaml-0.2.5-mkdir
[2.254s] [ 25%] [34m[1mPerforming download step (git clone) for 'libyaml-0.2.5'[0m
[2.255s] cd /home/jake/Documents/MQP/uros-pico-controller/uros_ws/firmware/mcu_ws/build/libyaml_vendor/libyaml-0.2.5-prefix/src && /usr/bin/cmake -P /home/jake/Documents/MQP/uros-pico-controller/uros_ws/firmware/mcu_ws/build/libyaml_vendor/libyaml-0.2.5-prefix/tmp/libyaml-0.2.5-gitclone.cmake
[2.278s] Cloning into 'libyaml-0.2.5'...
[2.875s] HEAD is now at 2c891fc Changes for v0.2.5 release
[2.919s] cd /home/jake/Documents/MQP/uros-pico-controller/uros_ws/firmware/mcu_ws/build/libyaml_vendor/libyaml-0.2.5-prefix/src && /usr/bin/cmake -E touch /home/jake/Documents/MQP/uros-pico-controller/uros_ws/firmware/mcu_ws/build/libyaml_vendor/libyaml-0.2.5-prefix/src/libyaml-0.2.5-stamp/libyaml-0.2.5-download
[2.941s] [ 37%] [34m[1mNo update step for 'libyaml-0.2.5'[0m
[2.941s] cd /home/jake/Documents/MQP/uros-pico-controller/uros_ws/firmware/mcu_ws/build/libyaml_vendor/libyaml-0.2.5-prefix/src/libyaml-0.2.5 && /usr/bin/cmake -E echo_append
[2.953s] cd /home/jake/Documents/MQP/uros-pico-controller/uros_ws/firmware/mcu_ws/build/libyaml_vendor/libyaml-0.2.5-prefix/src/libyaml-0.2.5 && /usr/bin/cmake -E touch /home/jake/Documents/MQP/uros-pico-controller/uros_ws/firmware/mcu_ws/build/libyaml_vendor/libyaml-0.2.5-prefix/src/libyaml-0.2.5-stamp/libyaml-0.2.5-update
[2.974s] [ 50%] [34m[1mPerforming patch step for 'libyaml-0.2.5'[0m
[2.976s] cd /home/jake/Documents/MQP/uros-pico-controller/uros_ws/firmware/mcu_ws/build/libyaml_vendor/libyaml-0.2.5-prefix/src/libyaml-0.2.5 && /usr/bin/cmake -E chdir /home/jake/Documents/MQP/uros-pico-controller/uros_ws/firmware/mcu_ws/build/libyaml_vendor/libyaml-0.2.5-prefix/src/libyaml-0.2.5 git apply -p1 --ignore-space-change --whitespace=nowarn /home/jake/Documents/MQP/uros-pico-controller/uros_ws/firmware/mcu_ws/ros2/libyaml_vendor/0001-Install-yaml.h-to-INSTALL_INCLUDE_DIR.patch
[2.989s] cd /home/jake/Documents/MQP/uros-pico-controller/uros_ws/firmware/mcu_ws/build/libyaml_vendor/libyaml-0.2.5-prefix/src/libyaml-0.2.5 && /usr/bin/cmake -E touch /home/jake/Documents/MQP/uros-pico-controller/uros_ws/firmware/mcu_ws/build/libyaml_vendor/libyaml-0.2.5-prefix/src/libyaml-0.2.5-stamp/libyaml-0.2.5-patch
[3.007s] [ 62%] [34m[1mPerforming configure step for 'libyaml-0.2.5'[0m
[3.008s] cd /home/jake/Documents/MQP/uros-pico-controller/uros_ws/firmware/mcu_ws/build/libyaml_vendor/libyaml-0.2.5-prefix/src/libyaml-0.2.5-build && /usr/bin/cmake -DCMAKE_INSTALL_PREFIX=/home/jake/Documents/MQP/uros-pico-controller/uros_ws/firmware/mcu_ws/build/libyaml_vendor/libyaml_install -DINSTALL_INCLUDE_DIR:STRING=include/libyaml_vendor -DCMAKE_BUILD_TYPE=Release -DBUILD_SHARED_LIBS=ON -DBUILD_TESTING=OFF "-DCMAKE_C_FLAGS=-std=c11 -O2 -march=armv6-m -mcpu=cortex-m0plus -mthumb -ffunction-sections -fdata-sections -fno-exceptions -nostdlib -D'RCUTILS_LOG_MIN_SEVERITY=RCUTILS_LOG_MIN_SEVERITY_NONE' -DCLOCK_MONOTONIC=0 -D'__attribute__(x)='" -DCMAKE_TOOLCHAIN_FILE=/home/jake/Documents/MQP/uros-pico-controller/uros_ws/my_toolchain.cmake "-GUnix Makefiles" /home/jake/Documents/MQP/uros-pico-controller/uros_ws/firmware/mcu_ws/build/libyaml_vendor/libyaml-0.2.5-prefix/src/libyaml-0.2.5
[3.016s] Re-run cmake no build system arguments
[3.024s] [0mPICO_GCC_TRIPLE defaulted to arm-none-eabi[0m
[3.218s] -- The C compiler identification is GNU 10.3.1
[3.227s] -- Detecting C compiler ABI info
[3.228s] [0mPICO_GCC_TRIPLE defaulted to arm-none-eabi[0m
[3.362s] -- Detecting C compiler ABI info - done
[3.369s] -- Check for working C compiler: /bin/arm-none-eabi-gcc - skipped
[3.370s] -- Detecting C compile features
[3.370s] -- Detecting C compile features - done
[3.372s] [33mCMake Warning (dev) at CMakeLists.txt:56 (add_library):
[3.372s]   ADD_LIBRARY called with SHARED option but the target platform does not
[3.372s]   support dynamic linking.  Building a STATIC library instead.  This may lead
[3.372s]   to problems.
[3.372s] This warning is for project developers.  Use -Wno-dev to suppress it.
[3.372s] [0m
[3.375s] -- Configuring done
[3.381s] -- Generating done
[3.381s] -- Build files have been written to: /home/jake/Documents/MQP/uros-pico-controller/uros_ws/firmware/mcu_ws/build/libyaml_vendor/libyaml-0.2.5-prefix/src/libyaml-0.2.5-build
[3.386s] cd /home/jake/Documents/MQP/uros-pico-controller/uros_ws/firmware/mcu_ws/build/libyaml_vendor/libyaml-0.2.5-prefix/src/libyaml-0.2.5-build && /usr/bin/cmake -E touch /home/jake/Documents/MQP/uros-pico-controller/uros_ws/firmware/mcu_ws/build/libyaml_vendor/libyaml-0.2.5-prefix/src/libyaml-0.2.5-stamp/libyaml-0.2.5-configure
[3.406s] [ 75%] [34m[1mPerforming build step for 'libyaml-0.2.5'[0m
[3.407s] cd /home/jake/Documents/MQP/uros-pico-controller/uros_ws/firmware/mcu_ws/build/libyaml_vendor/libyaml-0.2.5-prefix/src/libyaml-0.2.5-build && /bin/gmake
[3.409s] gmake[3]: Entering directory '/home/jake/Documents/MQP/uros-pico-controller/uros_ws/firmware/mcu_ws/build/libyaml_vendor/libyaml-0.2.5-prefix/src/libyaml-0.2.5-build'
[3.409s] /usr/bin/cmake -S/home/jake/Documents/MQP/uros-pico-controller/uros_ws/firmware/mcu_ws/build/libyaml_vendor/libyaml-0.2.5-prefix/src/libyaml-0.2.5 -B/home/jake/Documents/MQP/uros-pico-controller/uros_ws/firmware/mcu_ws/build/libyaml_vendor/libyaml-0.2.5-prefix/src/libyaml-0.2.5-build --check-build-system CMakeFiles/Makefile.cmake 0
[3.417s] /usr/bin/cmake -E cmake_progress_start /home/jake/Documents/MQP/uros-pico-controller/uros_ws/firmware/mcu_ws/build/libyaml_vendor/libyaml-0.2.5-prefix/src/libyaml-0.2.5-build/CMakeFiles /home/jake/Documents/MQP/uros-pico-controller/uros_ws/firmware/mcu_ws/build/libyaml_vendor/libyaml-0.2.5-prefix/src/libyaml-0.2.5-build//CMakeFiles/progress.marks
[3.423s] /bin/gmake  -f CMakeFiles/Makefile2 all
[3.424s] gmake[4]: Entering directory '/home/jake/Documents/MQP/uros-pico-controller/uros_ws/firmware/mcu_ws/build/libyaml_vendor/libyaml-0.2.5-prefix/src/libyaml-0.2.5-build'
[3.424s] /bin/gmake  -f CMakeFiles/yaml.dir/build.make CMakeFiles/yaml.dir/depend
[3.426s] gmake[5]: Entering directory '/home/jake/Documents/MQP/uros-pico-controller/uros_ws/firmware/mcu_ws/build/libyaml_vendor/libyaml-0.2.5-prefix/src/libyaml-0.2.5-build'
[3.426s] cd /home/jake/Documents/MQP/uros-pico-controller/uros_ws/firmware/mcu_ws/build/libyaml_vendor/libyaml-0.2.5-prefix/src/libyaml-0.2.5-build && /usr/bin/cmake -E cmake_depends "Unix Makefiles" /home/jake/Documents/MQP/uros-pico-controller/uros_ws/firmware/mcu_ws/build/libyaml_vendor/libyaml-0.2.5-prefix/src/libyaml-0.2.5 /home/jake/Documents/MQP/uros-pico-controller/uros_ws/firmware/mcu_ws/build/libyaml_vendor/libyaml-0.2.5-prefix/src/libyaml-0.2.5 /home/jake/Documents/MQP/uros-pico-controller/uros_ws/firmware/mcu_ws/build/libyaml_vendor/libyaml-0.2.5-prefix/src/libyaml-0.2.5-build /home/jake/Documents/MQP/uros-pico-controller/uros_ws/firmware/mcu_ws/build/libyaml_vendor/libyaml-0.2.5-prefix/src/libyaml-0.2.5-build /home/jake/Documents/MQP/uros-pico-controller/uros_ws/firmware/mcu_ws/build/libyaml_vendor/libyaml-0.2.5-prefix/src/libyaml-0.2.5-build/CMakeFiles/yaml.dir/DependInfo.cmake --color=
[3.438s] gmake[5]: Leaving directory '/home/jake/Documents/MQP/uros-pico-controller/uros_ws/firmware/mcu_ws/build/libyaml_vendor/libyaml-0.2.5-prefix/src/libyaml-0.2.5-build'
[3.438s] /bin/gmake  -f CMakeFiles/yaml.dir/build.make CMakeFiles/yaml.dir/build
[3.440s] gmake[5]: Entering directory '/home/jake/Documents/MQP/uros-pico-controller/uros_ws/firmware/mcu_ws/build/libyaml_vendor/libyaml-0.2.5-prefix/src/libyaml-0.2.5-build'
[3.452s] [ 22%] [32mBuilding C object CMakeFiles/yaml.dir/src/api.c.obj[0m
[3.452s] [ 22%] [32mBuilding C object CMakeFiles/yaml.dir/src/emitter.c.obj[0m
[3.452s] [ 33%] [32mBuilding C object CMakeFiles/yaml.dir/src/parser.c.obj[0m
[3.452s] [ 44%] [32mBuilding C object CMakeFiles/yaml.dir/src/dumper.c.obj[0m
[3.453s] [ 55%] [32mBuilding C object CMakeFiles/yaml.dir/src/scanner.c.obj[0m
[3.454s] /bin/arm-none-eabi-gcc -DHAVE_CONFIG_H -I/home/jake/Documents/MQP/uros-pico-controller/uros_ws/firmware/mcu_ws/build/libyaml_vendor/libyaml-0.2.5-prefix/src/libyaml-0.2.5/include -I/home/jake/Documents/MQP/uros-pico-controller/uros_ws/firmware/mcu_ws/build/libyaml_vendor/libyaml-0.2.5-prefix/src/libyaml-0.2.5-build/include -std=c11 -O2 -march=armv6-m -mcpu=cortex-m0plus -mthumb -ffunction-sections -fdata-sections -fno-exceptions -nostdlib -D'RCUTILS_LOG_MIN_SEVERITY=RCUTILS_LOG_MIN_SEVERITY_NONE' -DCLOCK_MONOTONIC=0 -D'__attribute__(x)=' -O3 -DNDEBUG -MD -MT CMakeFiles/yaml.dir/src/parser.c.obj -MF CMakeFiles/yaml.dir/src/parser.c.obj.d -o CMakeFiles/yaml.dir/src/parser.c.obj -c /home/jake/Documents/MQP/uros-pico-controller/uros_ws/firmware/mcu_ws/build/libyaml_vendor/libyaml-0.2.5-prefix/src/libyaml-0.2.5/src/parser.c
[3.454s] /bin/arm-none-eabi-gcc -DHAVE_CONFIG_H -I/home/jake/Documents/MQP/uros-pico-controller/uros_ws/firmware/mcu_ws/build/libyaml_vendor/libyaml-0.2.5-prefix/src/libyaml-0.2.5/include -I/home/jake/Documents/MQP/uros-pico-controller/uros_ws/firmware/mcu_ws/build/libyaml_vendor/libyaml-0.2.5-prefix/src/libyaml-0.2.5-build/include -std=c11 -O2 -march=armv6-m -mcpu=cortex-m0plus -mthumb -ffunction-sections -fdata-sections -fno-exceptions -nostdlib -D'RCUTILS_LOG_MIN_SEVERITY=RCUTILS_LOG_MIN_SEVERITY_NONE' -DCLOCK_MONOTONIC=0 -D'__attribute__(x)=' -O3 -DNDEBUG -MD -MT CMakeFiles/yaml.dir/src/api.c.obj -MF CMakeFiles/yaml.dir/src/api.c.obj.d -o CMakeFiles/yaml.dir/src/api.c.obj -c /home/jake/Documents/MQP/uros-pico-controller/uros_ws/firmware/mcu_ws/build/libyaml_vendor/libyaml-0.2.5-prefix/src/libyaml-0.2.5/src/api.c
[3.454s] [ 66%] [32mBuilding C object CMakeFiles/yaml.dir/src/reader.c.obj[0m
[3.454s] /bin/arm-none-eabi-gcc -DHAVE_CONFIG_H -I/home/jake/Documents/MQP/uros-pico-controller/uros_ws/firmware/mcu_ws/build/libyaml_vendor/libyaml-0.2.5-prefix/src/libyaml-0.2.5/include -I/home/jake/Documents/MQP/uros-pico-controller/uros_ws/firmware/mcu_ws/build/libyaml_vendor/libyaml-0.2.5-prefix/src/libyaml-0.2.5-build/include -std=c11 -O2 -march=armv6-m -mcpu=cortex-m0plus -mthumb -ffunction-sections -fdata-sections -fno-exceptions -nostdlib -D'RCUTILS_LOG_MIN_SEVERITY=RCUTILS_LOG_MIN_SEVERITY_NONE' -DCLOCK_MONOTONIC=0 -D'__attribute__(x)=' -O3 -DNDEBUG -MD -MT CMakeFiles/yaml.dir/src/emitter.c.obj -MF CMakeFiles/yaml.dir/src/emitter.c.obj.d -o CMakeFiles/yaml.dir/src/emitter.c.obj -c /home/jake/Documents/MQP/uros-pico-controller/uros_ws/firmware/mcu_ws/build/libyaml_vendor/libyaml-0.2.5-prefix/src/libyaml-0.2.5/src/emitter.c
[3.455s] /bin/arm-none-eabi-gcc -DHAVE_CONFIG_H -I/home/jake/Documents/MQP/uros-pico-controller/uros_ws/firmware/mcu_ws/build/libyaml_vendor/libyaml-0.2.5-prefix/src/libyaml-0.2.5/include -I/home/jake/Documents/MQP/uros-pico-controller/uros_ws/firmware/mcu_ws/build/libyaml_vendor/libyaml-0.2.5-prefix/src/libyaml-0.2.5-build/include -std=c11 -O2 -march=armv6-m -mcpu=cortex-m0plus -mthumb -ffunction-sections -fdata-sections -fno-exceptions -nostdlib -D'RCUTILS_LOG_MIN_SEVERITY=RCUTILS_LOG_MIN_SEVERITY_NONE' -DCLOCK_MONOTONIC=0 -D'__attribute__(x)=' -O3 -DNDEBUG -MD -MT CMakeFiles/yaml.dir/src/scanner.c.obj -MF CMakeFiles/yaml.dir/src/scanner.c.obj.d -o CMakeFiles/yaml.dir/src/scanner.c.obj -c /home/jake/Documents/MQP/uros-pico-controller/uros_ws/firmware/mcu_ws/build/libyaml_vendor/libyaml-0.2.5-prefix/src/libyaml-0.2.5/src/scanner.c
[3.456s] /bin/arm-none-eabi-gcc -DHAVE_CONFIG_H -I/home/jake/Documents/MQP/uros-pico-controller/uros_ws/firmware/mcu_ws/build/libyaml_vendor/libyaml-0.2.5-prefix/src/libyaml-0.2.5/include -I/home/jake/Documents/MQP/uros-pico-controller/uros_ws/firmware/mcu_ws/build/libyaml_vendor/libyaml-0.2.5-prefix/src/libyaml-0.2.5-build/include -std=c11 -O2 -march=armv6-m -mcpu=cortex-m0plus -mthumb -ffunction-sections -fdata-sections -fno-exceptions -nostdlib -D'RCUTILS_LOG_MIN_SEVERITY=RCUTILS_LOG_MIN_SEVERITY_NONE' -DCLOCK_MONOTONIC=0 -D'__attribute__(x)=' -O3 -DNDEBUG -MD -MT CMakeFiles/yaml.dir/src/dumper.c.obj -MF CMakeFiles/yaml.dir/src/dumper.c.obj.d -o CMakeFiles/yaml.dir/src/dumper.c.obj -c /home/jake/Documents/MQP/uros-pico-controller/uros_ws/firmware/mcu_ws/build/libyaml_vendor/libyaml-0.2.5-prefix/src/libyaml-0.2.5/src/dumper.c
[3.456s] /bin/arm-none-eabi-gcc -DHAVE_CONFIG_H -I/home/jake/Documents/MQP/uros-pico-controller/uros_ws/firmware/mcu_ws/build/libyaml_vendor/libyaml-0.2.5-prefix/src/libyaml-0.2.5/include -I/home/jake/Documents/MQP/uros-pico-controller/uros_ws/firmware/mcu_ws/build/libyaml_vendor/libyaml-0.2.5-prefix/src/libyaml-0.2.5-build/include -std=c11 -O2 -march=armv6-m -mcpu=cortex-m0plus -mthumb -ffunction-sections -fdata-sections -fno-exceptions -nostdlib -D'RCUTILS_LOG_MIN_SEVERITY=RCUTILS_LOG_MIN_SEVERITY_NONE' -DCLOCK_MONOTONIC=0 -D'__attribute__(x)=' -O3 -DNDEBUG -MD -MT CMakeFiles/yaml.dir/src/reader.c.obj -MF CMakeFiles/yaml.dir/src/reader.c.obj.d -o CMakeFiles/yaml.dir/src/reader.c.obj -c /home/jake/Documents/MQP/uros-pico-controller/uros_ws/firmware/mcu_ws/build/libyaml_vendor/libyaml-0.2.5-prefix/src/libyaml-0.2.5/src/reader.c
[3.458s] [ 77%] [32mBuilding C object CMakeFiles/yaml.dir/src/loader.c.obj[0m
[3.461s] [ 88%] [32mBuilding C object CMakeFiles/yaml.dir/src/writer.c.obj[0m
[3.461s] /bin/arm-none-eabi-gcc -DHAVE_CONFIG_H -I/home/jake/Documents/MQP/uros-pico-controller/uros_ws/firmware/mcu_ws/build/libyaml_vendor/libyaml-0.2.5-prefix/src/libyaml-0.2.5/include -I/home/jake/Documents/MQP/uros-pico-controller/uros_ws/firmware/mcu_ws/build/libyaml_vendor/libyaml-0.2.5-prefix/src/libyaml-0.2.5-build/include -std=c11 -O2 -march=armv6-m -mcpu=cortex-m0plus -mthumb -ffunction-sections -fdata-sections -fno-exceptions -nostdlib -D'RCUTILS_LOG_MIN_SEVERITY=RCUTILS_LOG_MIN_SEVERITY_NONE' -DCLOCK_MONOTONIC=0 -D'__attribute__(x)=' -O3 -DNDEBUG -MD -MT CMakeFiles/yaml.dir/src/writer.c.obj -MF CMakeFiles/yaml.dir/src/writer.c.obj.d -o CMakeFiles/yaml.dir/src/writer.c.obj -c /home/jake/Documents/MQP/uros-pico-controller/uros_ws/firmware/mcu_ws/build/libyaml_vendor/libyaml-0.2.5-prefix/src/libyaml-0.2.5/src/writer.c
[3.462s] /bin/arm-none-eabi-gcc -DHAVE_CONFIG_H -I/home/jake/Documents/MQP/uros-pico-controller/uros_ws/firmware/mcu_ws/build/libyaml_vendor/libyaml-0.2.5-prefix/src/libyaml-0.2.5/include -I/home/jake/Documents/MQP/uros-pico-controller/uros_ws/firmware/mcu_ws/build/libyaml_vendor/libyaml-0.2.5-prefix/src/libyaml-0.2.5-build/include -std=c11 -O2 -march=armv6-m -mcpu=cortex-m0plus -mthumb -ffunction-sections -fdata-sections -fno-exceptions -nostdlib -D'RCUTILS_LOG_MIN_SEVERITY=RCUTILS_LOG_MIN_SEVERITY_NONE' -DCLOCK_MONOTONIC=0 -D'__attribute__(x)=' -O3 -DNDEBUG -MD -MT CMakeFiles/yaml.dir/src/loader.c.obj -MF CMakeFiles/yaml.dir/src/loader.c.obj.d -o CMakeFiles/yaml.dir/src/loader.c.obj -c /home/jake/Documents/MQP/uros-pico-controller/uros_ws/firmware/mcu_ws/build/libyaml_vendor/libyaml-0.2.5-prefix/src/libyaml-0.2.5/src/loader.c
[3.500s] [01m[K/home/jake/Documents/MQP/uros-pico-controller/uros_ws/firmware/mcu_ws/build/libyaml_vendor/libyaml-0.2.5-prefix/src/libyaml-0.2.5/src/api.c:[m[K In function '[01m[Kyaml_strdup[m[K':
[3.500s] [01m[K/home/jake/Documents/MQP/uros-pico-controller/uros_ws/firmware/mcu_ws/build/libyaml_vendor/libyaml-0.2.5-prefix/src/libyaml-0.2.5/src/api.c:66:27:[m[K [01;35m[Kwarning: [m[Kimplicit declaration of function '[01m[Kstrdup[m[K'; did you mean '[01m[Kstrcmp[m[K'? [[01;35m[K]8;;https://gcc.gnu.org/onlinedocs/gcc/Warning-Options.html#index-Wimplicit-function-declaration-Wimplicit-function-declaration]8;;[m[K]
[3.501s]    66 |     return (yaml_char_t *)[01;35m[Kstrdup[m[K((char *)str);
[3.501s]       |                           [01;35m[K^~~~~~[m[K
[3.501s]       |                           [32m[Kstrcmp[m[K
[4.399s] [100%] [32m[1mLinking C static library libyaml.a[0m
[4.400s] /usr/bin/cmake -P CMakeFiles/yaml.dir/cmake_clean_target.cmake
[4.409s] /usr/bin/cmake -E cmake_link_script CMakeFiles/yaml.dir/link.txt --verbose=1
[4.415s] /bin/arm-none-eabi-ar qc libyaml.a CMakeFiles/yaml.dir/src/api.c.obj CMakeFiles/yaml.dir/src/dumper.c.obj CMakeFiles/yaml.dir/src/emitter.c.obj CMakeFiles/yaml.dir/src/loader.c.obj CMakeFiles/yaml.dir/src/parser.c.obj CMakeFiles/yaml.dir/src/reader.c.obj CMakeFiles/yaml.dir/src/scanner.c.obj CMakeFiles/yaml.dir/src/writer.c.obj
[4.434s] /bin/arm-none-eabi-ranlib libyaml.a
[4.452s] gmake[5]: Leaving directory '/home/jake/Documents/MQP/uros-pico-controller/uros_ws/firmware/mcu_ws/build/libyaml_vendor/libyaml-0.2.5-prefix/src/libyaml-0.2.5-build'
[4.462s] [100%] Built target yaml
[4.463s] gmake[4]: Leaving directory '/home/jake/Documents/MQP/uros-pico-controller/uros_ws/firmware/mcu_ws/build/libyaml_vendor/libyaml-0.2.5-prefix/src/libyaml-0.2.5-build'
[4.463s] /usr/bin/cmake -E cmake_progress_start /home/jake/Documents/MQP/uros-pico-controller/uros_ws/firmware/mcu_ws/build/libyaml_vendor/libyaml-0.2.5-prefix/src/libyaml-0.2.5-build/CMakeFiles 0
[4.471s] gmake[3]: Leaving directory '/home/jake/Documents/MQP/uros-pico-controller/uros_ws/firmware/mcu_ws/build/libyaml_vendor/libyaml-0.2.5-prefix/src/libyaml-0.2.5-build'
[4.471s] cd /home/jake/Documents/MQP/uros-pico-controller/uros_ws/firmware/mcu_ws/build/libyaml_vendor/libyaml-0.2.5-prefix/src/libyaml-0.2.5-build && /usr/bin/cmake -E touch /home/jake/Documents/MQP/uros-pico-controller/uros_ws/firmware/mcu_ws/build/libyaml_vendor/libyaml-0.2.5-prefix/src/libyaml-0.2.5-stamp/libyaml-0.2.5-build
[4.488s] [ 87%] [34m[1mPerforming install step for 'libyaml-0.2.5'[0m
[4.489s] cd /home/jake/Documents/MQP/uros-pico-controller/uros_ws/firmware/mcu_ws/build/libyaml_vendor/libyaml-0.2.5-prefix/src/libyaml-0.2.5-build && /bin/gmake install
[4.491s] gmake[3]: Entering directory '/home/jake/Documents/MQP/uros-pico-controller/uros_ws/firmware/mcu_ws/build/libyaml_vendor/libyaml-0.2.5-prefix/src/libyaml-0.2.5-build'
[4.491s] /usr/bin/cmake -S/home/jake/Documents/MQP/uros-pico-controller/uros_ws/firmware/mcu_ws/build/libyaml_vendor/libyaml-0.2.5-prefix/src/libyaml-0.2.5 -B/home/jake/Documents/MQP/uros-pico-controller/uros_ws/firmware/mcu_ws/build/libyaml_vendor/libyaml-0.2.5-prefix/src/libyaml-0.2.5-build --check-build-system CMakeFiles/Makefile.cmake 0
[4.498s] /usr/bin/cmake -E cmake_progress_start /home/jake/Documents/MQP/uros-pico-controller/uros_ws/firmware/mcu_ws/build/libyaml_vendor/libyaml-0.2.5-prefix/src/libyaml-0.2.5-build/CMakeFiles /home/jake/Documents/MQP/uros-pico-controller/uros_ws/firmware/mcu_ws/build/libyaml_vendor/libyaml-0.2.5-prefix/src/libyaml-0.2.5-build//CMakeFiles/progress.marks
[4.504s] /bin/gmake  -f CMakeFiles/Makefile2 all
[4.505s] gmake[4]: Entering directory '/home/jake/Documents/MQP/uros-pico-controller/uros_ws/firmware/mcu_ws/build/libyaml_vendor/libyaml-0.2.5-prefix/src/libyaml-0.2.5-build'
[4.505s] /bin/gmake  -f CMakeFiles/yaml.dir/build.make CMakeFiles/yaml.dir/depend
[4.507s] gmake[5]: Entering directory '/home/jake/Documents/MQP/uros-pico-controller/uros_ws/firmware/mcu_ws/build/libyaml_vendor/libyaml-0.2.5-prefix/src/libyaml-0.2.5-build'
[4.507s] cd /home/jake/Documents/MQP/uros-pico-controller/uros_ws/firmware/mcu_ws/build/libyaml_vendor/libyaml-0.2.5-prefix/src/libyaml-0.2.5-build && /usr/bin/cmake -E cmake_depends "Unix Makefiles" /home/jake/Documents/MQP/uros-pico-controller/uros_ws/firmware/mcu_ws/build/libyaml_vendor/libyaml-0.2.5-prefix/src/libyaml-0.2.5 /home/jake/Documents/MQP/uros-pico-controller/uros_ws/firmware/mcu_ws/build/libyaml_vendor/libyaml-0.2.5-prefix/src/libyaml-0.2.5 /home/jake/Documents/MQP/uros-pico-controller/uros_ws/firmware/mcu_ws/build/libyaml_vendor/libyaml-0.2.5-prefix/src/libyaml-0.2.5-build /home/jake/Documents/MQP/uros-pico-controller/uros_ws/firmware/mcu_ws/build/libyaml_vendor/libyaml-0.2.5-prefix/src/libyaml-0.2.5-build /home/jake/Documents/MQP/uros-pico-controller/uros_ws/firmware/mcu_ws/build/libyaml_vendor/libyaml-0.2.5-prefix/src/libyaml-0.2.5-build/CMakeFiles/yaml.dir/DependInfo.cmake --color=
[4.514s] Dependencies file "CMakeFiles/yaml.dir/src/api.c.obj.d" is newer than depends file "/home/jake/Documents/MQP/uros-pico-controller/uros_ws/firmware/mcu_ws/build/libyaml_vendor/libyaml-0.2.5-prefix/src/libyaml-0.2.5-build/CMakeFiles/yaml.dir/compiler_depend.internal".
[4.514s] Dependencies file "CMakeFiles/yaml.dir/src/dumper.c.obj.d" is newer than depends file "/home/jake/Documents/MQP/uros-pico-controller/uros_ws/firmware/mcu_ws/build/libyaml_vendor/libyaml-0.2.5-prefix/src/libyaml-0.2.5-build/CMakeFiles/yaml.dir/compiler_depend.internal".
[4.515s] Dependencies file "CMakeFiles/yaml.dir/src/emitter.c.obj.d" is newer than depends file "/home/jake/Documents/MQP/uros-pico-controller/uros_ws/firmware/mcu_ws/build/libyaml_vendor/libyaml-0.2.5-prefix/src/libyaml-0.2.5-build/CMakeFiles/yaml.dir/compiler_depend.internal".
[4.515s] Dependencies file "CMakeFiles/yaml.dir/src/loader.c.obj.d" is newer than depends file "/home/jake/Documents/MQP/uros-pico-controller/uros_ws/firmware/mcu_ws/build/libyaml_vendor/libyaml-0.2.5-prefix/src/libyaml-0.2.5-build/CMakeFiles/yaml.dir/compiler_depend.internal".
[4.515s] Dependencies file "CMakeFiles/yaml.dir/src/parser.c.obj.d" is newer than depends file "/home/jake/Documents/MQP/uros-pico-controller/uros_ws/firmware/mcu_ws/build/libyaml_vendor/libyaml-0.2.5-prefix/src/libyaml-0.2.5-build/CMakeFiles/yaml.dir/compiler_depend.internal".
[4.515s] Dependencies file "CMakeFiles/yaml.dir/src/reader.c.obj.d" is newer than depends file "/home/jake/Documents/MQP/uros-pico-controller/uros_ws/firmware/mcu_ws/build/libyaml_vendor/libyaml-0.2.5-prefix/src/libyaml-0.2.5-build/CMakeFiles/yaml.dir/compiler_depend.internal".
[4.515s] Dependencies file "CMakeFiles/yaml.dir/src/scanner.c.obj.d" is newer than depends file "/home/jake/Documents/MQP/uros-pico-controller/uros_ws/firmware/mcu_ws/build/libyaml_vendor/libyaml-0.2.5-prefix/src/libyaml-0.2.5-build/CMakeFiles/yaml.dir/compiler_depend.internal".
[4.515s] Dependencies file "CMakeFiles/yaml.dir/src/writer.c.obj.d" is newer than depends file "/home/jake/Documents/MQP/uros-pico-controller/uros_ws/firmware/mcu_ws/build/libyaml_vendor/libyaml-0.2.5-prefix/src/libyaml-0.2.5-build/CMakeFiles/yaml.dir/compiler_depend.internal".
[4.515s] [35m[1mConsolidate compiler generated dependencies of target yaml[0m
[4.517s] gmake[5]: Leaving directory '/home/jake/Documents/MQP/uros-pico-controller/uros_ws/firmware/mcu_ws/build/libyaml_vendor/libyaml-0.2.5-prefix/src/libyaml-0.2.5-build'
[4.517s] /bin/gmake  -f CMakeFiles/yaml.dir/build.make CMakeFiles/yaml.dir/build
[4.519s] gmake[5]: Entering directory '/home/jake/Documents/MQP/uros-pico-controller/uros_ws/firmware/mcu_ws/build/libyaml_vendor/libyaml-0.2.5-prefix/src/libyaml-0.2.5-build'
[4.520s] gmake[5]: Nothing to be done for 'CMakeFiles/yaml.dir/build'.
[4.520s] gmake[5]: Leaving directory '/home/jake/Documents/MQP/uros-pico-controller/uros_ws/firmware/mcu_ws/build/libyaml_vendor/libyaml-0.2.5-prefix/src/libyaml-0.2.5-build'
[4.526s] [100%] Built target yaml
[4.527s] gmake[4]: Leaving directory '/home/jake/Documents/MQP/uros-pico-controller/uros_ws/firmware/mcu_ws/build/libyaml_vendor/libyaml-0.2.5-prefix/src/libyaml-0.2.5-build'
[4.528s] /usr/bin/cmake -E cmake_progress_start /home/jake/Documents/MQP/uros-pico-controller/uros_ws/firmware/mcu_ws/build/libyaml_vendor/libyaml-0.2.5-prefix/src/libyaml-0.2.5-build/CMakeFiles 0
[4.537s] /bin/gmake  -f CMakeFiles/Makefile2 preinstall
[4.538s] gmake[4]: Entering directory '/home/jake/Documents/MQP/uros-pico-controller/uros_ws/firmware/mcu_ws/build/libyaml_vendor/libyaml-0.2.5-prefix/src/libyaml-0.2.5-build'
[4.538s] gmake[4]: Nothing to be done for 'preinstall'.
[4.538s] gmake[4]: Leaving directory '/home/jake/Documents/MQP/uros-pico-controller/uros_ws/firmware/mcu_ws/build/libyaml_vendor/libyaml-0.2.5-prefix/src/libyaml-0.2.5-build'
[4.546s] [36mInstall the project...[0m
[4.547s] /usr/bin/cmake -P cmake_install.cmake
[4.553s] -- Install configuration: "Release"
[4.553s] -- Installing: /home/jake/Documents/MQP/uros-pico-controller/uros_ws/firmware/mcu_ws/build/libyaml_vendor/libyaml_install/include/libyaml_vendor/yaml.h
[4.554s] -- Installing: /home/jake/Documents/MQP/uros-pico-controller/uros_ws/firmware/mcu_ws/build/libyaml_vendor/libyaml_install/lib/libyaml.a
[4.554s] -- Installing: /home/jake/Documents/MQP/uros-pico-controller/uros_ws/firmware/mcu_ws/build/libyaml_vendor/libyaml_install/cmake/yamlConfig.cmake
[4.554s] -- Installing: /home/jake/Documents/MQP/uros-pico-controller/uros_ws/firmware/mcu_ws/build/libyaml_vendor/libyaml_install/cmake/yamlTargets.cmake
[4.554s] -- Installing: /home/jake/Documents/MQP/uros-pico-controller/uros_ws/firmware/mcu_ws/build/libyaml_vendor/libyaml_install/cmake/yamlTargets-release.cmake
[4.554s] -- Installing: /home/jake/Documents/MQP/uros-pico-controller/uros_ws/firmware/mcu_ws/build/libyaml_vendor/libyaml_install/cmake/yamlConfigVersion.cmake
[4.555s] gmake[3]: Leaving directory '/home/jake/Documents/MQP/uros-pico-controller/uros_ws/firmware/mcu_ws/build/libyaml_vendor/libyaml-0.2.5-prefix/src/libyaml-0.2.5-build'
[4.556s] cd /home/jake/Documents/MQP/uros-pico-controller/uros_ws/firmware/mcu_ws/build/libyaml_vendor/libyaml-0.2.5-prefix/src/libyaml-0.2.5-build && /usr/bin/cmake -E touch /home/jake/Documents/MQP/uros-pico-controller/uros_ws/firmware/mcu_ws/build/libyaml_vendor/libyaml-0.2.5-prefix/src/libyaml-0.2.5-stamp/libyaml-0.2.5-install
[4.572s] [100%] [34m[1mCompleted 'libyaml-0.2.5'[0m
[4.573s] /usr/bin/cmake -E make_directory /home/jake/Documents/MQP/uros-pico-controller/uros_ws/firmware/mcu_ws/build/libyaml_vendor/CMakeFiles
[4.580s] /usr/bin/cmake -E touch /home/jake/Documents/MQP/uros-pico-controller/uros_ws/firmware/mcu_ws/build/libyaml_vendor/CMakeFiles/libyaml-0.2.5-complete
[4.590s] /usr/bin/cmake -E touch /home/jake/Documents/MQP/uros-pico-controller/uros_ws/firmware/mcu_ws/build/libyaml_vendor/libyaml-0.2.5-prefix/src/libyaml-0.2.5-stamp/libyaml-0.2.5-done
[4.597s] gmake[2]: Leaving directory '/home/jake/Documents/MQP/uros-pico-controller/uros_ws/firmware/mcu_ws/build/libyaml_vendor'
[4.604s] [100%] Built target libyaml-0.2.5
[4.604s] gmake[1]: Leaving directory '/home/jake/Documents/MQP/uros-pico-controller/uros_ws/firmware/mcu_ws/build/libyaml_vendor'
[4.605s] /usr/bin/cmake -E cmake_progress_start /home/jake/Documents/MQP/uros-pico-controller/uros_ws/firmware/mcu_ws/build/libyaml_vendor/CMakeFiles 0
[4.615s] Invoked command in '/home/jake/Documents/MQP/uros-pico-controller/uros_ws/firmware/mcu_ws/build/libyaml_vendor' returned '0': CMAKE_PREFIX_PATH=${CMAKE_PREFIX_PATH}:/home/jake/Documents/MQP/uros-pico-controller/uros_ws/firmware/dev_ws/install/ament_uncrustify:/home/jake/Documents/MQP/uros-pico-controller/uros_ws/firmware/dev_ws/install/domain_coordinator:/home/jake/Documents/MQP/uros-pico-controller/uros_ws/firmware/dev_ws/install/ament_xmllint:/home/jake/Documents/MQP/uros-pico-controller/uros_ws/firmware/dev_ws/install/ament_pyflakes:/home/jake/Documents/MQP/uros-pico-controller/uros_ws/firmware/dev_ws/install/ament_pycodestyle:/home/jake/Documents/MQP/uros-pico-controller/uros_ws/firmware/dev_ws/install/ament_pep257:/home/jake/Documents/MQP/uros-pico-controller/uros_ws/firmware/dev_ws/install/ament_pclint:/home/jake/Documents/MQP/uros-pico-controller/uros_ws/firmware/dev_ws/install/ament_package:/home/jake/Documents/MQP/uros-pico-controller/uros_ws/firmware/dev_ws/install/ament_mypy:/home/jake/Documents/MQP/uros-pico-controller/uros_ws/firmware/dev_ws/install/ament_lint_cmake:/home/jake/Documents/MQP/uros-pico-controller/uros_ws/firmware/dev_ws/install/ament_flake8:/home/jake/Documents/MQP/uros-pico-controller/uros_ws/firmware/dev_ws/install/ament_copyright:/home/jake/Documents/MQP/uros-pico-controller/uros_ws/firmware/dev_ws/install/ament_lint:/home/jake/Documents/MQP/uros-pico-controller/uros_ws/firmware/dev_ws/install/ament_index_python:/home/jake/Documents/MQP/uros-pico-controller/uros_ws/firmware/dev_ws/install/ament_cpplint:/home/jake/Documents/MQP/uros-pico-controller/uros_ws/firmware/dev_ws/install/ament_cppcheck:/home/jake/Documents/MQP/uros-pico-controller/uros_ws/firmware/dev_ws/install/ament_clang_tidy:/home/jake/Documents/MQP/uros-pico-controller/uros_ws/firmware/dev_ws/install/ament_clang_format /bin/cmake --build /home/jake/Documents/MQP/uros-pico-controller/uros_ws/firmware/mcu_ws/build/libyaml_vendor -- -j16 -l16
[4.647s] Invoking command in '/home/jake/Documents/MQP/uros-pico-controller/uros_ws/firmware/mcu_ws/build/libyaml_vendor': CMAKE_PREFIX_PATH=${CMAKE_PREFIX_PATH}:/home/jake/Documents/MQP/uros-pico-controller/uros_ws/firmware/dev_ws/install/ament_uncrustify:/home/jake/Documents/MQP/uros-pico-controller/uros_ws/firmware/dev_ws/install/domain_coordinator:/home/jake/Documents/MQP/uros-pico-controller/uros_ws/firmware/dev_ws/install/ament_xmllint:/home/jake/Documents/MQP/uros-pico-controller/uros_ws/firmware/dev_ws/install/ament_pyflakes:/home/jake/Documents/MQP/uros-pico-controller/uros_ws/firmware/dev_ws/install/ament_pycodestyle:/home/jake/Documents/MQP/uros-pico-controller/uros_ws/firmware/dev_ws/install/ament_pep257:/home/jake/Documents/MQP/uros-pico-controller/uros_ws/firmware/dev_ws/install/ament_pclint:/home/jake/Documents/MQP/uros-pico-controller/uros_ws/firmware/dev_ws/install/ament_package:/home/jake/Documents/MQP/uros-pico-controller/uros_ws/firmware/dev_ws/install/ament_mypy:/home/jake/Documents/MQP/uros-pico-controller/uros_ws/firmware/dev_ws/install/ament_lint_cmake:/home/jake/Documents/MQP/uros-pico-controller/uros_ws/firmware/dev_ws/install/ament_flake8:/home/jake/Documents/MQP/uros-pico-controller/uros_ws/firmware/dev_ws/install/ament_copyright:/home/jake/Documents/MQP/uros-pico-controller/uros_ws/firmware/dev_ws/install/ament_lint:/home/jake/Documents/MQP/uros-pico-controller/uros_ws/firmware/dev_ws/install/ament_index_python:/home/jake/Documents/MQP/uros-pico-controller/uros_ws/firmware/dev_ws/install/ament_cpplint:/home/jake/Documents/MQP/uros-pico-controller/uros_ws/firmware/dev_ws/install/ament_cppcheck:/home/jake/Documents/MQP/uros-pico-controller/uros_ws/firmware/dev_ws/install/ament_clang_tidy:/home/jake/Documents/MQP/uros-pico-controller/uros_ws/firmware/dev_ws/install/ament_clang_format /bin/cmake --install /home/jake/Documents/MQP/uros-pico-controller/uros_ws/firmware/mcu_ws/build/libyaml_vendor
[4.653s] -- Install configuration: "Release"
[4.654s] -- Up-to-date: /home/jake/Documents/MQP/uros-pico-controller/uros_ws/firmware/mcu_ws/install
[4.654s] -- Up-to-date: /home/jake/Documents/MQP/uros-pico-controller/uros_ws/firmware/mcu_ws/install/include
[4.654s] -- Installing: /home/jake/Documents/MQP/uros-pico-controller/uros_ws/firmware/mcu_ws/install/include/libyaml_vendor
[4.654s] -- Installing: /home/jake/Documents/MQP/uros-pico-controller/uros_ws/firmware/mcu_ws/install/include/libyaml_vendor/yaml.h
[4.654s] -- Up-to-date: /home/jake/Documents/MQP/uros-pico-controller/uros_ws/firmware/mcu_ws/install/lib
[4.654s] -- Installing: /home/jake/Documents/MQP/uros-pico-controller/uros_ws/firmware/mcu_ws/install/lib/libyaml.a
[4.654s] -- Installing: /home/jake/Documents/MQP/uros-pico-controller/uros_ws/firmware/mcu_ws/install/cmake
[4.654s] -- Installing: /home/jake/Documents/MQP/uros-pico-controller/uros_ws/firmware/mcu_ws/install/cmake/yamlConfig.cmake
[4.654s] -- Installing: /home/jake/Documents/MQP/uros-pico-controller/uros_ws/firmware/mcu_ws/install/cmake/yamlTargets.cmake
[4.654s] -- Installing: /home/jake/Documents/MQP/uros-pico-controller/uros_ws/firmware/mcu_ws/install/cmake/yamlTargets-release.cmake
[4.655s] -- Installing: /home/jake/Documents/MQP/uros-pico-controller/uros_ws/firmware/mcu_ws/install/cmake/yamlConfigVersion.cmake
[4.655s] -- Installing: /home/jake/Documents/MQP/uros-pico-controller/uros_ws/firmware/mcu_ws/install/share/libyaml_vendor/environment/library_path.sh
[4.655s] -- Installing: /home/jake/Documents/MQP/uros-pico-controller/uros_ws/firmware/mcu_ws/install/share/libyaml_vendor/environment/library_path.dsv
[4.655s] -- Installing: /home/jake/Documents/MQP/uros-pico-controller/uros_ws/firmware/mcu_ws/install/share/ament_index/resource_index/package_run_dependencies/libyaml_vendor
[4.655s] -- Installing: /home/jake/Documents/MQP/uros-pico-controller/uros_ws/firmware/mcu_ws/install/share/ament_index/resource_index/parent_prefix_path/libyaml_vendor
[4.657s] -- Installing: /home/jake/Documents/MQP/uros-pico-controller/uros_ws/firmware/mcu_ws/install/share/libyaml_vendor/environment/ament_prefix_path.sh
[4.657s] -- Installing: /home/jake/Documents/MQP/uros-pico-controller/uros_ws/firmware/mcu_ws/install/share/libyaml_vendor/environment/ament_prefix_path.dsv
[4.657s] -- Installing: /home/jake/Documents/MQP/uros-pico-controller/uros_ws/firmware/mcu_ws/install/share/libyaml_vendor/environment/path.sh
[4.657s] -- Installing: /home/jake/Documents/MQP/uros-pico-controller/uros_ws/firmware/mcu_ws/install/share/libyaml_vendor/environment/path.dsv
[4.657s] -- Installing: /home/jake/Documents/MQP/uros-pico-controller/uros_ws/firmware/mcu_ws/install/share/libyaml_vendor/local_setup.bash
[4.657s] -- Installing: /home/jake/Documents/MQP/uros-pico-controller/uros_ws/firmware/mcu_ws/install/share/libyaml_vendor/local_setup.sh
[4.658s] -- Installing: /home/jake/Documents/MQP/uros-pico-controller/uros_ws/firmware/mcu_ws/install/share/libyaml_vendor/local_setup.zsh
[4.658s] -- Installing: /home/jake/Documents/MQP/uros-pico-controller/uros_ws/firmware/mcu_ws/install/share/libyaml_vendor/local_setup.dsv
[4.658s] -- Installing: /home/jake/Documents/MQP/uros-pico-controller/uros_ws/firmware/mcu_ws/install/share/libyaml_vendor/package.dsv
[4.658s] -- Installing: /home/jake/Documents/MQP/uros-pico-controller/uros_ws/firmware/mcu_ws/install/share/ament_index/resource_index/packages/libyaml_vendor
[4.658s] -- Installing: /home/jake/Documents/MQP/uros-pico-controller/uros_ws/firmware/mcu_ws/install/share/libyaml_vendor/cmake/libyaml_vendor-extras.cmake
[4.658s] -- Installing: /home/jake/Documents/MQP/uros-pico-controller/uros_ws/firmware/mcu_ws/install/share/libyaml_vendor/cmake/ament_cmake_export_libraries-extras.cmake
[4.658s] -- Installing: /home/jake/Documents/MQP/uros-pico-controller/uros_ws/firmware/mcu_ws/install/share/libyaml_vendor/cmake/ament_cmake_export_dependencies-extras.cmake
[4.658s] -- Installing: /home/jake/Documents/MQP/uros-pico-controller/uros_ws/firmware/mcu_ws/install/share/libyaml_vendor/cmake/libyaml_vendorConfig.cmake
[4.659s] -- Installing: /home/jake/Documents/MQP/uros-pico-controller/uros_ws/firmware/mcu_ws/install/share/libyaml_vendor/cmake/libyaml_vendorConfig-version.cmake
[4.659s] -- Installing: /home/jake/Documents/MQP/uros-pico-controller/uros_ws/firmware/mcu_ws/install/share/libyaml_vendor/package.xml
[4.660s] Invoked command in '/home/jake/Documents/MQP/uros-pico-controller/uros_ws/firmware/mcu_ws/build/libyaml_vendor' returned '0': CMAKE_PREFIX_PATH=${CMAKE_PREFIX_PATH}:/home/jake/Documents/MQP/uros-pico-controller/uros_ws/firmware/dev_ws/install/ament_uncrustify:/home/jake/Documents/MQP/uros-pico-controller/uros_ws/firmware/dev_ws/install/domain_coordinator:/home/jake/Documents/MQP/uros-pico-controller/uros_ws/firmware/dev_ws/install/ament_xmllint:/home/jake/Documents/MQP/uros-pico-controller/uros_ws/firmware/dev_ws/install/ament_pyflakes:/home/jake/Documents/MQP/uros-pico-controller/uros_ws/firmware/dev_ws/install/ament_pycodestyle:/home/jake/Documents/MQP/uros-pico-controller/uros_ws/firmware/dev_ws/install/ament_pep257:/home/jake/Documents/MQP/uros-pico-controller/uros_ws/firmware/dev_ws/install/ament_pclint:/home/jake/Documents/MQP/uros-pico-controller/uros_ws/firmware/dev_ws/install/ament_package:/home/jake/Documents/MQP/uros-pico-controller/uros_ws/firmware/dev_ws/install/ament_mypy:/home/jake/Documents/MQP/uros-pico-controller/uros_ws/firmware/dev_ws/install/ament_lint_cmake:/home/jake/Documents/MQP/uros-pico-controller/uros_ws/firmware/dev_ws/install/ament_flake8:/home/jake/Documents/MQP/uros-pico-controller/uros_ws/firmware/dev_ws/install/ament_copyright:/home/jake/Documents/MQP/uros-pico-controller/uros_ws/firmware/dev_ws/install/ament_lint:/home/jake/Documents/MQP/uros-pico-controller/uros_ws/firmware/dev_ws/install/ament_index_python:/home/jake/Documents/MQP/uros-pico-controller/uros_ws/firmware/dev_ws/install/ament_cpplint:/home/jake/Documents/MQP/uros-pico-controller/uros_ws/firmware/dev_ws/install/ament_cppcheck:/home/jake/Documents/MQP/uros-pico-controller/uros_ws/firmware/dev_ws/install/ament_clang_tidy:/home/jake/Documents/MQP/uros-pico-controller/uros_ws/firmware/dev_ws/install/ament_clang_format /bin/cmake --install /home/jake/Documents/MQP/uros-pico-controller/uros_ws/firmware/mcu_ws/build/libyaml_vendor
